---------------------------------------------------------------
[ 2018-10-16T10:17:36+08:00 ] 58.64.187.24 GET /football/big_Game/bigGameList
[ info ] h5.phmovie.net/football/big_Game/bigGameList [运行时间：0.092147s][吞吐率：10.85req/s] [内存消耗：2,448.60kb] [文件加载：50]
[ info ] [ LANG ] /www/h5/thinkphp/lang/zh-cn.php
[ info ] [ ROUTE ] array (
  'type' => 'module',
  'module' => 
  array (
    0 => 'football',
    1 => 'big_Game',
    2 => 'bigGameList',
  ),
)
[ info ] [ HEADER ] array (
  'cookie' => 'pgv_pvi=1776662528; pgv_si=s522431488',
  'accept-language' => 'zh-CN,zh;q=0.9',
  'accept-encoding' => 'gzip, deflate',
  'referer' => 'http://h5.phmovie.net/ymq/index/index.html',
  'accept' => 'text/html,application/xhtml+xml,application/xml;q=0.9,image/webp,image/apng,*/*;q=0.8',
  'user-agent' => 'Mozilla/5.0 (Macintosh; Intel Mac OS X 10_13_6) AppleWebKit/537.36 (KHTML, like Gecko) Chrome/69.0.3497.100 Safari/537.36',
  'upgrade-insecure-requests' => '1',
  'connection' => 'keep-alive',
  'host' => 'h5.phmovie.net',
  'content-type' => '',
  'content-length' => '',
)
[ info ] [ PARAM ] array (
)
[ info ] [ DB ] INIT mysql
[ info ] [ RUN ] app\football\controller\BigGame->bigGameList[ /www/h5/application/football/controller/BigGame.php ]
[ info ] [ VIEW ] /www/h5/public/../application/football/view/big_game/big_game_list.html [ array (
  0 => 'list',
) ]
[ info ] [ LOG ] INIT File
---------------------------------------------------------------
[ 2018-10-16T10:53:28+08:00 ] 58.64.187.24 GET /ymq/index/index.html
[ info ] h5.phmovie.net/ymq/index/index.html [运行时间：0.012474s][吞吐率：80.17req/s] [内存消耗：1,618.59kb] [文件加载：44]
[ info ] [ LANG ] /www/h5/thinkphp/lang/zh-cn.php
[ info ] [ ROUTE ] array (
  'type' => 'module',
  'module' => 
  array (
    0 => 'ymq',
    1 => 'index',
    2 => 'index',
  ),
)
[ info ] [ HEADER ] array (
  'accept-language' => 'zh-CN,zh;q=0.9',
  'accept-encoding' => 'gzip, deflate',
  'referer' => 'http://h5.phmovie.net/ymq/login/index.html',
  'accept' => 'text/html,application/xhtml+xml,application/xml;q=0.9,image/webp,image/apng,*/*;q=0.8',
  'user-agent' => 'Mozilla/5.0 (Macintosh; Intel Mac OS X 10_13_4) AppleWebKit/537.36 (KHTML, like Gecko) Chrome/69.0.3497.100 Safari/537.36',
  'upgrade-insecure-requests' => '1',
  'cache-control' => 'max-age=0',
  'connection' => 'keep-alive',
  'host' => 'h5.phmovie.net',
  'content-type' => '',
  'content-length' => '',
)
[ info ] [ PARAM ] array (
)
[ info ] [ VIEW ] /www/h5/thinkphp/tpl/dispatch_jump.tpl [ array (
  0 => 'code',
  1 => 'msg',
  2 => 'data',
  3 => 'url',
  4 => 'wait',
) ]
[ info ] [ LOG ] INIT File
---------------------------------------------------------------
[ 2018-10-16T10:53:31+08:00 ] 58.64.187.24 GET /ymq/login/index.html
[ info ] h5.phmovie.net/ymq/login/index.html [运行时间：0.012171s][吞吐率：82.16req/s] [内存消耗：1,619.70kb] [文件加载：42]
[ info ] [ LANG ] /www/h5/thinkphp/lang/zh-cn.php
[ info ] [ ROUTE ] array (
  'type' => 'module',
  'module' => 
  array (
    0 => 'ymq',
    1 => 'login',
    2 => 'index',
  ),
)
[ info ] [ HEADER ] array (
  'accept-language' => 'zh-CN,zh;q=0.9',
  'accept-encoding' => 'gzip, deflate',
  'referer' => 'http://h5.phmovie.net/ymq/index/index.html',
  'accept' => 'text/html,application/xhtml+xml,application/xml;q=0.9,image/webp,image/apng,*/*;q=0.8',
  'user-agent' => 'Mozilla/5.0 (Macintosh; Intel Mac OS X 10_13_4) AppleWebKit/537.36 (KHTML, like Gecko) Chrome/69.0.3497.100 Safari/537.36',
  'upgrade-insecure-requests' => '1',
  'connection' => 'keep-alive',
  'host' => 'h5.phmovie.net',
  'content-type' => '',
  'content-length' => '',
)
[ info ] [ PARAM ] array (
)
[ info ] [ RUN ] app\ymq\controller\Login->index[ /www/h5/application/ymq/controller/Login.php ]
[ info ] [ VIEW ] /www/h5/public/../application/ymq/view/login/index.html [ array (
) ]
[ info ] [ LOG ] INIT File
---------------------------------------------------------------
[ 2018-10-16T10:53:33+08:00 ] 58.64.187.24 POST /ymq/login/login.html
[ info ] h5.phmovie.net/ymq/login/login.html [运行时间：0.180962s][吞吐率：5.53req/s] [内存消耗：2,601.67kb] [文件加载：48]
[ info ] [ LANG ] /www/h5/thinkphp/lang/zh-cn.php
[ info ] [ ROUTE ] array (
  'type' => 'module',
  'module' => 
  array (
    0 => 'ymq',
    1 => 'login',
    2 => 'login',
  ),
)
[ info ] [ HEADER ] array (
  'accept-language' => 'zh-CN,zh;q=0.9',
  'accept-encoding' => 'gzip, deflate',
  'referer' => 'http://h5.phmovie.net/ymq/login/index.html',
  'content-type' => 'application/x-www-form-urlencoded; charset=UTF-8',
  'user-agent' => 'Mozilla/5.0 (Macintosh; Intel Mac OS X 10_13_4) AppleWebKit/537.36 (KHTML, like Gecko) Chrome/69.0.3497.100 Safari/537.36',
  'x-requested-with' => 'XMLHttpRequest',
  'origin' => 'http://h5.phmovie.net',
  'accept' => 'application/json, text/javascript, */*; q=0.01',
  'content-length' => '30',
  'connection' => 'keep-alive',
  'host' => 'h5.phmovie.net',
)
[ info ] [ PARAM ] array (
  'username' => 'admin',
  'password' => '123456',
)
[ info ] [ RUN ] app\ymq\controller\Login->login[ /www/h5/application/ymq/controller/Login.php ]
[ info ] [ DB ] INIT mysql
[ info ] [ LOG ] INIT File
[ sql ] [ DB ] CONNECT:[ UseTime:0.032611s ] mysql:host=154.223.65.38;dbname=h5_admin;charset=utf8
[ sql ] [ SQL ] SHOW COLUMNS FROM `admin_user` [ RunTime:0.022417s ]
[ sql ] [ SQL ] SELECT * FROM `admin_user` WHERE  `username` = 'admin' LIMIT 1 [ RunTime:0.021692s ]
[ sql ] [ SQL ] UPDATE `admin_user`  SET `ip`='58.64.187.24',`login_time`=1539658413  WHERE  `username` = 'admin' [ RunTime:0.025725s ]
---------------------------------------------------------------
[ 2018-10-16T10:53:34+08:00 ] 58.64.187.24 GET /ymq/index/index.html
[ info ] h5.phmovie.net/ymq/index/index.html [运行时间：0.195197s][吞吐率：5.12req/s] [内存消耗：2,538.80kb] [文件加载：53]
[ info ] [ LANG ] /www/h5/thinkphp/lang/zh-cn.php
[ info ] [ ROUTE ] array (
  'type' => 'module',
  'module' => 
  array (
    0 => 'ymq',
    1 => 'index',
    2 => 'index',
  ),
)
[ info ] [ HEADER ] array (
  'cookie' => 'username=admin',
  'accept-language' => 'zh-CN,zh;q=0.9',
  'accept-encoding' => 'gzip, deflate',
  'referer' => 'http://h5.phmovie.net/ymq/login/index.html',
  'accept' => 'text/html,application/xhtml+xml,application/xml;q=0.9,image/webp,image/apng,*/*;q=0.8',
  'user-agent' => 'Mozilla/5.0 (Macintosh; Intel Mac OS X 10_13_4) AppleWebKit/537.36 (KHTML, like Gecko) Chrome/69.0.3497.100 Safari/537.36',
  'upgrade-insecure-requests' => '1',
  'connection' => 'keep-alive',
  'host' => 'h5.phmovie.net',
  'content-type' => '',
  'content-length' => '',
)
[ info ] [ PARAM ] array (
)
[ info ] [ RUN ] app\ymq\controller\Index->index[ /www/h5/application/ymq/controller/Index.php ]
[ info ] [ DB ] INIT mysql
[ info ] [ VIEW ] /www/h5/public/../application/ymq/view/index/index.html [ array (
  0 => 'result',
) ]
[ info ] [ LOG ] INIT File
[ sql ] [ DB ] CONNECT:[ UseTime:0.035396s ] mysql:host=154.223.65.38;dbname=h5_admin;charset=utf8
[ sql ] [ SQL ] SHOW COLUMNS FROM `admin_user` [ RunTime:0.024115s ]
[ sql ] [ SQL ] SELECT `id` FROM `admin_user` WHERE  `username` = 'admin' LIMIT 1 [ RunTime:0.023504s ]
[ sql ] [ SQL ] SELECT `a`.*,`b`.`group_id`,`c`.`rules` FROM `admin_user` `a` INNER JOIN `admin_group_access` `b` ON `a`.`id`=`b`.`uid` INNER JOIN `admin_role_group` `c` ON `b`.`group_id`=`c`.`id` WHERE  `a`.`id` = 1 LIMIT 1 [ RunTime:0.023795s ]
[ sql ] [ SQL ] SHOW COLUMNS FROM `admin_rule` [ RunTime:0.023872s ]
[ sql ] [ SQL ] SELECT * FROM `admin_rule` WHERE  (  p_id = 0 ) ORDER BY `id` ASC [ RunTime:0.023820s ]
[ sql ] [ SQL ] SELECT * FROM `admin_rule` WHERE  (  p_id != 0 and is_show = 1 ) ORDER BY `id` ASC [ RunTime:0.023385s ]
---------------------------------------------------------------
[ 2018-10-16T10:53:34+08:00 ] 58.64.187.24 GET /ymq/index/welcome.html
[ info ] h5.phmovie.net/ymq/index/welcome.html [运行时间：0.011322s][吞吐率：88.32req/s] [内存消耗：1,560.84kb] [文件加载：41]
[ info ] [ LANG ] /www/h5/thinkphp/lang/zh-cn.php
[ info ] [ ROUTE ] array (
  'type' => 'module',
  'module' => 
  array (
    0 => 'ymq',
    1 => 'index',
    2 => 'welcome',
  ),
)
[ info ] [ HEADER ] array (
  'cookie' => 'username=admin',
  'accept-language' => 'zh-CN,zh;q=0.9',
  'accept-encoding' => 'gzip, deflate',
  'referer' => 'http://h5.phmovie.net/ymq/index/index.html',
  'accept' => 'text/html,application/xhtml+xml,application/xml;q=0.9,image/webp,image/apng,*/*;q=0.8',
  'user-agent' => 'Mozilla/5.0 (Macintosh; Intel Mac OS X 10_13_4) AppleWebKit/537.36 (KHTML, like Gecko) Chrome/69.0.3497.100 Safari/537.36',
  'upgrade-insecure-requests' => '1',
  'connection' => 'keep-alive',
  'host' => 'h5.phmovie.net',
  'content-type' => '',
  'content-length' => '',
)
[ info ] [ PARAM ] array (
)
[ info ] [ RUN ] app\ymq\controller\Index->welcome[ /www/h5/application/ymq/controller/Index.php ]
[ info ] [ LOG ] INIT File
---------------------------------------------------------------
[ 2018-10-16T10:53:38+08:00 ] 58.64.187.24 GET /football/big_Game/bigGameList
[ info ] h5.phmovie.net/football/big_Game/bigGameList [运行时间：0.095083s][吞吐率：10.52req/s] [内存消耗：2,448.56kb] [文件加载：50]
[ info ] [ LANG ] /www/h5/thinkphp/lang/zh-cn.php
[ info ] [ ROUTE ] array (
  'type' => 'module',
  'module' => 
  array (
    0 => 'football',
    1 => 'big_Game',
    2 => 'bigGameList',
  ),
)
[ info ] [ HEADER ] array (
  'cookie' => 'username=admin',
  'accept-language' => 'zh-CN,zh;q=0.9',
  'accept-encoding' => 'gzip, deflate',
  'referer' => 'http://h5.phmovie.net/ymq/index/index.html',
  'accept' => 'text/html,application/xhtml+xml,application/xml;q=0.9,image/webp,image/apng,*/*;q=0.8',
  'user-agent' => 'Mozilla/5.0 (Macintosh; Intel Mac OS X 10_13_4) AppleWebKit/537.36 (KHTML, like Gecko) Chrome/69.0.3497.100 Safari/537.36',
  'upgrade-insecure-requests' => '1',
  'connection' => 'keep-alive',
  'host' => 'h5.phmovie.net',
  'content-type' => '',
  'content-length' => '',
)
[ info ] [ PARAM ] array (
)
[ info ] [ DB ] INIT mysql
[ info ] [ RUN ] app\football\controller\BigGame->bigGameList[ /www/h5/application/football/controller/BigGame.php ]
[ info ] [ VIEW ] /www/h5/public/../application/football/view/big_game/big_game_list.html [ array (
  0 => 'list',
) ]
[ info ] [ LOG ] INIT File
---------------------------------------------------------------
[ 2018-10-16T10:53:40+08:00 ] 58.64.187.24 GET /football/game_phase/phaselist/id/2.html
[ info ] h5.phmovie.net/football/game_phase/phaselist/id/2.html [运行时间：0.094048s][吞吐率：10.63req/s] [内存消耗：2,454.24kb] [文件加载：50]
[ info ] [ LANG ] /www/h5/thinkphp/lang/zh-cn.php
[ info ] [ ROUTE ] array (
  'type' => 'module',
  'module' => 
  array (
    0 => 'football',
    1 => 'game_phase',
    2 => 'phaselist',
  ),
)
[ info ] [ HEADER ] array (
  'cookie' => 'username=admin',
  'accept-language' => 'zh-CN,zh;q=0.9',
  'accept-encoding' => 'gzip, deflate',
  'referer' => 'http://h5.phmovie.net/ymq/index/index.html',
  'accept' => 'text/html,application/xhtml+xml,application/xml;q=0.9,image/webp,image/apng,*/*;q=0.8',
  'user-agent' => 'Mozilla/5.0 (Macintosh; Intel Mac OS X 10_13_4) AppleWebKit/537.36 (KHTML, like Gecko) Chrome/69.0.3497.100 Safari/537.36',
  'upgrade-insecure-requests' => '1',
  'connection' => 'keep-alive',
  'host' => 'h5.phmovie.net',
  'content-type' => '',
  'content-length' => '',
)
[ info ] [ PARAM ] array (
  'id' => '2',
)
[ info ] [ DB ] INIT mysql
[ info ] [ RUN ] app\football\controller\GamePhase->phaseList[ /www/h5/application/football/controller/GamePhase.php ]
[ info ] [ VIEW ] /www/h5/public/../application/football/view/game_phase/phase_list.html [ array (
  0 => 'bigGame_id',
  1 => 'list',
) ]
[ info ] [ LOG ] INIT File
---------------------------------------------------------------
[ 2018-10-16T10:53:44+08:00 ] 58.64.187.24 GET /football/game_live/livelist/phase_id/6/bigGame_id/2.html
[ info ] h5.phmovie.net/football/game_live/livelist/phase_id/6/bigGame_id/2.html [运行时间：0.151157s][吞吐率：6.62req/s] [内存消耗：2,483.62kb] [文件加载：50]
[ info ] [ LANG ] /www/h5/thinkphp/lang/zh-cn.php
[ info ] [ ROUTE ] array (
  'type' => 'module',
  'module' => 
  array (
    0 => 'football',
    1 => 'game_live',
    2 => 'livelist',
  ),
)
[ info ] [ HEADER ] array (
  'cookie' => 'username=admin',
  'accept-language' => 'zh-CN,zh;q=0.9',
  'accept-encoding' => 'gzip, deflate',
  'referer' => 'http://h5.phmovie.net/ymq/index/index.html',
  'accept' => 'text/html,application/xhtml+xml,application/xml;q=0.9,image/webp,image/apng,*/*;q=0.8',
  'user-agent' => 'Mozilla/5.0 (Macintosh; Intel Mac OS X 10_13_4) AppleWebKit/537.36 (KHTML, like Gecko) Chrome/69.0.3497.100 Safari/537.36',
  'upgrade-insecure-requests' => '1',
  'connection' => 'keep-alive',
  'host' => 'h5.phmovie.net',
  'content-type' => '',
  'content-length' => '',
)
[ info ] [ PARAM ] array (
  'phase_id' => '6',
  'bigGame_id' => '2',
)
[ info ] [ DB ] INIT mysql
[ info ] [ RUN ] app\football\controller\GameLive->liveList[ /www/h5/application/football/controller/GameLive.php ]
[ info ] [ VIEW ] /www/h5/public/../application/football/view/game_live/live_list.html [ array (
  0 => 'list',
  1 => 'bigGame_id',
  2 => 'phase_id',
) ]
[ info ] [ LOG ] INIT File
---------------------------------------------------------------
[ 2018-10-16T10:53:54+08:00 ] 58.64.187.24 GET /football/guess/guesslist/game_id/13/game_number/261.html
[ info ] h5.phmovie.net/football/guess/guesslist/game_id/13/game_number/261.html [运行时间：0.134720s][吞吐率：7.42req/s] [内存消耗：2,501.82kb] [文件加载：50]
[ info ] [ LANG ] /www/h5/thinkphp/lang/zh-cn.php
[ info ] [ ROUTE ] array (
  'type' => 'module',
  'module' => 
  array (
    0 => 'football',
    1 => 'guess',
    2 => 'guesslist',
  ),
)
[ info ] [ HEADER ] array (
  'cookie' => 'username=admin',
  'accept-language' => 'zh-CN,zh;q=0.9',
  'accept-encoding' => 'gzip, deflate',
  'referer' => 'http://h5.phmovie.net/football/game_live/livelist/phase_id/6/bigGame_id/2.html',
  'accept' => 'text/html,application/xhtml+xml,application/xml;q=0.9,image/webp,image/apng,*/*;q=0.8',
  'user-agent' => 'Mozilla/5.0 (Macintosh; Intel Mac OS X 10_13_4) AppleWebKit/537.36 (KHTML, like Gecko) Chrome/69.0.3497.100 Safari/537.36',
  'upgrade-insecure-requests' => '1',
  'connection' => 'keep-alive',
  'host' => 'h5.phmovie.net',
  'content-type' => '',
  'content-length' => '',
)
[ info ] [ PARAM ] array (
  'game_id' => '13',
  'game_number' => '261',
)
[ info ] [ DB ] INIT mysql
[ info ] [ RUN ] app\football\controller\Guess->guessList[ /www/h5/application/football/controller/Guess.php ]
[ info ] [ VIEW ] /www/h5/public/../application/football/view/guess/guess_list.html [ array (
  0 => 'list',
  1 => 'game_id',
  2 => 'game_number',
) ]
[ info ] [ LOG ] INIT File
---------------------------------------------------------------
[ 2018-10-16T10:54:10+08:00 ] 58.64.187.24 GET /football/game_live/livelist/phase_id/6/bigGame_id/2.html
[ info ] h5.phmovie.net/football/game_live/livelist/phase_id/6/bigGame_id/2.html [运行时间：0.148477s][吞吐率：6.74req/s] [内存消耗：2,483.62kb] [文件加载：50]
[ info ] [ LANG ] /www/h5/thinkphp/lang/zh-cn.php
[ info ] [ ROUTE ] array (
  'type' => 'module',
  'module' => 
  array (
    0 => 'football',
    1 => 'game_live',
    2 => 'livelist',
  ),
)
[ info ] [ HEADER ] array (
  'cookie' => 'username=admin',
  'accept-language' => 'zh-CN,zh;q=0.9',
  'accept-encoding' => 'gzip, deflate',
  'referer' => 'http://h5.phmovie.net/ymq/index/index.html',
  'accept' => 'text/html,application/xhtml+xml,application/xml;q=0.9,image/webp,image/apng,*/*;q=0.8',
  'user-agent' => 'Mozilla/5.0 (Macintosh; Intel Mac OS X 10_13_4) AppleWebKit/537.36 (KHTML, like Gecko) Chrome/69.0.3497.100 Safari/537.36',
  'upgrade-insecure-requests' => '1',
  'connection' => 'keep-alive',
  'host' => 'h5.phmovie.net',
  'content-type' => '',
  'content-length' => '',
)
[ info ] [ PARAM ] array (
  'phase_id' => '6',
  'bigGame_id' => '2',
)
[ info ] [ DB ] INIT mysql
[ info ] [ RUN ] app\football\controller\GameLive->liveList[ /www/h5/application/football/controller/GameLive.php ]
[ info ] [ VIEW ] /www/h5/public/../application/football/view/game_live/live_list.html [ array (
  0 => 'list',
  1 => 'bigGame_id',
  2 => 'phase_id',
) ]
[ info ] [ LOG ] INIT File
---------------------------------------------------------------
[ 2018-10-16T10:54:11+08:00 ] 58.64.187.24 GET /football/game_live/live/id/13.html
[ info ] h5.phmovie.net/football/game_live/live/id/13.html [运行时间：0.095741s][吞吐率：10.44req/s] [内存消耗：2,495.37kb] [文件加载：50]
[ info ] [ LANG ] /www/h5/thinkphp/lang/zh-cn.php
[ info ] [ ROUTE ] array (
  'type' => 'module',
  'module' => 
  array (
    0 => 'football',
    1 => 'game_live',
    2 => 'live',
  ),
)
[ info ] [ HEADER ] array (
  'cookie' => 'username=admin',
  'accept-language' => 'zh-CN,zh;q=0.9',
  'accept-encoding' => 'gzip, deflate',
  'referer' => 'http://h5.phmovie.net/football/game_live/livelist/phase_id/6/bigGame_id/2.html',
  'accept' => 'text/html,application/xhtml+xml,application/xml;q=0.9,image/webp,image/apng,*/*;q=0.8',
  'user-agent' => 'Mozilla/5.0 (Macintosh; Intel Mac OS X 10_13_4) AppleWebKit/537.36 (KHTML, like Gecko) Chrome/69.0.3497.100 Safari/537.36',
  'upgrade-insecure-requests' => '1',
  'connection' => 'keep-alive',
  'host' => 'h5.phmovie.net',
  'content-type' => '',
  'content-length' => '',
)
[ info ] [ PARAM ] array (
  'id' => '13',
)
[ info ] [ DB ] INIT mysql
[ info ] [ RUN ] app\football\controller\GameLive->live[ /www/h5/application/football/controller/GameLive.php ]
[ info ] [ VIEW ] /www/h5/public/../application/football/view/game_live/live.html [ array (
  0 => 'bigGame_id',
  1 => 'phase_id',
  2 => 'one',
) ]
[ info ] [ LOG ] INIT File
