---------------------------------------------------------------
[ 2018-10-22T12:25:24+08:00 ] 111.125.82.182 GET /ymq/index/index.html
[ info ] h5.phmovie.net/ymq/index/index.html [运行时间：0.012544s][吞吐率：79.72req/s] [内存消耗：1,619.27kb] [文件加载：44]
[ info ] [ LANG ] /www/h5/thinkphp/lang/zh-cn.php
[ info ] [ ROUTE ] array (
  'type' => 'module',
  'module' => 
  array (
    0 => 'ymq',
    1 => 'index',
    2 => 'index',
  ),
)
[ info ] [ HEADER ] array (
  'cookie' => 'pgv_pvi=1776662528; pgv_si=s522431488',
  'accept-language' => 'zh-CN,zh;q=0.9',
  'accept-encoding' => 'gzip, deflate',
  'referer' => 'http://h5.phmovie.net/ymq/login/index.html',
  'accept' => 'text/html,application/xhtml+xml,application/xml;q=0.9,image/webp,image/apng,*/*;q=0.8',
  'user-agent' => 'Mozilla/5.0 (Macintosh; Intel Mac OS X 10_13_6) AppleWebKit/537.36 (KHTML, like Gecko) Chrome/69.0.3497.100 Safari/537.36',
  'upgrade-insecure-requests' => '1',
  'cache-control' => 'max-age=0',
  'connection' => 'keep-alive',
  'host' => 'h5.phmovie.net',
  'content-type' => '',
  'content-length' => '',
)
[ info ] [ PARAM ] array (
)
[ info ] [ VIEW ] /www/h5/thinkphp/tpl/dispatch_jump.tpl [ array (
  0 => 'code',
  1 => 'msg',
  2 => 'data',
  3 => 'url',
  4 => 'wait',
) ]
[ info ] [ LOG ] INIT File
---------------------------------------------------------------
[ 2018-10-22T12:25:27+08:00 ] 111.125.82.182 GET /ymq/login/index.html
[ info ] h5.phmovie.net/ymq/login/index.html [运行时间：0.012218s][吞吐率：81.85req/s] [内存消耗：1,620.27kb] [文件加载：42]
[ info ] [ LANG ] /www/h5/thinkphp/lang/zh-cn.php
[ info ] [ ROUTE ] array (
  'type' => 'module',
  'module' => 
  array (
    0 => 'ymq',
    1 => 'login',
    2 => 'index',
  ),
)
[ info ] [ HEADER ] array (
  'cookie' => 'pgv_pvi=1776662528; pgv_si=s522431488',
  'accept-language' => 'zh-CN,zh;q=0.9',
  'accept-encoding' => 'gzip, deflate',
  'referer' => 'http://h5.phmovie.net/ymq/index/index.html',
  'accept' => 'text/html,application/xhtml+xml,application/xml;q=0.9,image/webp,image/apng,*/*;q=0.8',
  'user-agent' => 'Mozilla/5.0 (Macintosh; Intel Mac OS X 10_13_6) AppleWebKit/537.36 (KHTML, like Gecko) Chrome/69.0.3497.100 Safari/537.36',
  'upgrade-insecure-requests' => '1',
  'connection' => 'keep-alive',
  'host' => 'h5.phmovie.net',
  'content-type' => '',
  'content-length' => '',
)
[ info ] [ PARAM ] array (
)
[ info ] [ RUN ] app\ymq\controller\Login->index[ /www/h5/application/ymq/controller/Login.php ]
[ info ] [ VIEW ] /www/h5/public/../application/ymq/view/login/index.html [ array (
) ]
[ info ] [ LOG ] INIT File
---------------------------------------------------------------
[ 2018-10-22T12:25:32+08:00 ] 111.125.82.182 POST /ymq/login/login.html
[ info ] h5.phmovie.net/ymq/login/login.html [运行时间：0.185341s][吞吐率：5.40req/s] [内存消耗：2,603.12kb] [文件加载：48]
[ info ] [ LANG ] /www/h5/thinkphp/lang/zh-cn.php
[ info ] [ ROUTE ] array (
  'type' => 'module',
  'module' => 
  array (
    0 => 'ymq',
    1 => 'login',
    2 => 'login',
  ),
)
[ info ] [ HEADER ] array (
  'cookie' => 'pgv_pvi=1776662528; pgv_si=s522431488',
  'accept-language' => 'zh-CN,zh;q=0.9',
  'accept-encoding' => 'gzip, deflate',
  'referer' => 'http://h5.phmovie.net/ymq/login/index.html',
  'content-type' => 'application/x-www-form-urlencoded; charset=UTF-8',
  'user-agent' => 'Mozilla/5.0 (Macintosh; Intel Mac OS X 10_13_6) AppleWebKit/537.36 (KHTML, like Gecko) Chrome/69.0.3497.100 Safari/537.36',
  'x-requested-with' => 'XMLHttpRequest',
  'origin' => 'http://h5.phmovie.net',
  'accept' => 'application/json, text/javascript, */*; q=0.01',
  'content-length' => '30',
  'connection' => 'keep-alive',
  'host' => 'h5.phmovie.net',
)
[ info ] [ PARAM ] array (
  'username' => 'admin',
  'password' => '123456',
)
[ info ] [ RUN ] app\ymq\controller\Login->login[ /www/h5/application/ymq/controller/Login.php ]
[ info ] [ DB ] INIT mysql
[ info ] [ LOG ] INIT File
[ sql ] [ DB ] CONNECT:[ UseTime:0.033484s ] mysql:host=154.223.65.38;dbname=h5_admin;charset=utf8
[ sql ] [ SQL ] SHOW COLUMNS FROM `admin_user` [ RunTime:0.023492s ]
[ sql ] [ SQL ] SELECT * FROM `admin_user` WHERE  `username` = 'admin' LIMIT 1 [ RunTime:0.022875s ]
[ sql ] [ SQL ] UPDATE `admin_user`  SET `ip`='111.125.82.182',`login_time`=1540182332  WHERE  `username` = 'admin' [ RunTime:0.026781s ]
---------------------------------------------------------------
[ 2018-10-22T12:25:33+08:00 ] 111.125.82.182 GET /ymq/index/index.html
[ info ] h5.phmovie.net/ymq/index/index.html [运行时间：0.191220s][吞吐率：5.23req/s] [内存消耗：2,538.84kb] [文件加载：53]
[ info ] [ LANG ] /www/h5/thinkphp/lang/zh-cn.php
[ info ] [ ROUTE ] array (
  'type' => 'module',
  'module' => 
  array (
    0 => 'ymq',
    1 => 'index',
    2 => 'index',
  ),
)
[ info ] [ HEADER ] array (
  'cookie' => 'pgv_pvi=1776662528; pgv_si=s522431488; username=admin',
  'accept-language' => 'zh-CN,zh;q=0.9',
  'accept-encoding' => 'gzip, deflate',
  'referer' => 'http://h5.phmovie.net/ymq/login/index.html',
  'accept' => 'text/html,application/xhtml+xml,application/xml;q=0.9,image/webp,image/apng,*/*;q=0.8',
  'user-agent' => 'Mozilla/5.0 (Macintosh; Intel Mac OS X 10_13_6) AppleWebKit/537.36 (KHTML, like Gecko) Chrome/69.0.3497.100 Safari/537.36',
  'upgrade-insecure-requests' => '1',
  'connection' => 'keep-alive',
  'host' => 'h5.phmovie.net',
  'content-type' => '',
  'content-length' => '',
)
[ info ] [ PARAM ] array (
)
[ info ] [ RUN ] app\ymq\controller\Index->index[ /www/h5/application/ymq/controller/Index.php ]
[ info ] [ DB ] INIT mysql
[ info ] [ VIEW ] /www/h5/public/../application/ymq/view/index/index.html [ array (
  0 => 'result',
) ]
[ info ] [ LOG ] INIT File
[ sql ] [ DB ] CONNECT:[ UseTime:0.034165s ] mysql:host=154.223.65.38;dbname=h5_admin;charset=utf8
[ sql ] [ SQL ] SHOW COLUMNS FROM `admin_user` [ RunTime:0.023894s ]
[ sql ] [ SQL ] SELECT `id` FROM `admin_user` WHERE  `username` = 'admin' LIMIT 1 [ RunTime:0.023425s ]
[ sql ] [ SQL ] SELECT `a`.*,`b`.`group_id`,`c`.`rules` FROM `admin_user` `a` INNER JOIN `admin_group_access` `b` ON `a`.`id`=`b`.`uid` INNER JOIN `admin_role_group` `c` ON `b`.`group_id`=`c`.`id` WHERE  `a`.`id` = 1 LIMIT 1 [ RunTime:0.023254s ]
[ sql ] [ SQL ] SHOW COLUMNS FROM `admin_rule` [ RunTime:0.023443s ]
[ sql ] [ SQL ] SELECT * FROM `admin_rule` WHERE  (  p_id = 0 ) ORDER BY `id` ASC [ RunTime:0.022617s ]
[ sql ] [ SQL ] SELECT * FROM `admin_rule` WHERE  (  p_id != 0 and is_show = 1 ) ORDER BY `id` ASC [ RunTime:0.022724s ]
---------------------------------------------------------------
[ 2018-10-22T12:25:34+08:00 ] 111.125.82.182 GET /ymq/index/welcome.html
[ info ] h5.phmovie.net/ymq/index/welcome.html [运行时间：0.011390s][吞吐率：87.79req/s] [内存消耗：1,560.88kb] [文件加载：41]
[ info ] [ LANG ] /www/h5/thinkphp/lang/zh-cn.php
[ info ] [ ROUTE ] array (
  'type' => 'module',
  'module' => 
  array (
    0 => 'ymq',
    1 => 'index',
    2 => 'welcome',
  ),
)
[ info ] [ HEADER ] array (
  'cookie' => 'pgv_pvi=1776662528; pgv_si=s522431488; username=admin',
  'accept-language' => 'zh-CN,zh;q=0.9',
  'accept-encoding' => 'gzip, deflate',
  'referer' => 'http://h5.phmovie.net/ymq/index/index.html',
  'accept' => 'text/html,application/xhtml+xml,application/xml;q=0.9,image/webp,image/apng,*/*;q=0.8',
  'user-agent' => 'Mozilla/5.0 (Macintosh; Intel Mac OS X 10_13_6) AppleWebKit/537.36 (KHTML, like Gecko) Chrome/69.0.3497.100 Safari/537.36',
  'upgrade-insecure-requests' => '1',
  'connection' => 'keep-alive',
  'host' => 'h5.phmovie.net',
  'content-type' => '',
  'content-length' => '',
)
[ info ] [ PARAM ] array (
)
[ info ] [ RUN ] app\ymq\controller\Index->welcome[ /www/h5/application/ymq/controller/Index.php ]
[ info ] [ LOG ] INIT File
---------------------------------------------------------------
[ 2018-10-22T12:25:39+08:00 ] 111.125.82.182 GET /football/big_Game/bigGameList
[ info ] h5.phmovie.net/football/big_Game/bigGameList [运行时间：0.104355s][吞吐率：9.58req/s] [内存消耗：2,449.28kb] [文件加载：50]
[ info ] [ LANG ] /www/h5/thinkphp/lang/zh-cn.php
[ info ] [ ROUTE ] array (
  'type' => 'module',
  'module' => 
  array (
    0 => 'football',
    1 => 'big_Game',
    2 => 'bigGameList',
  ),
)
[ info ] [ HEADER ] array (
  'cookie' => 'pgv_pvi=1776662528; pgv_si=s522431488; username=admin',
  'accept-language' => 'zh-CN,zh;q=0.9',
  'accept-encoding' => 'gzip, deflate',
  'referer' => 'http://h5.phmovie.net/ymq/index/index.html',
  'accept' => 'text/html,application/xhtml+xml,application/xml;q=0.9,image/webp,image/apng,*/*;q=0.8',
  'user-agent' => 'Mozilla/5.0 (Macintosh; Intel Mac OS X 10_13_6) AppleWebKit/537.36 (KHTML, like Gecko) Chrome/69.0.3497.100 Safari/537.36',
  'upgrade-insecure-requests' => '1',
  'connection' => 'keep-alive',
  'host' => 'h5.phmovie.net',
  'content-type' => '',
  'content-length' => '',
)
[ info ] [ PARAM ] array (
)
[ info ] [ DB ] INIT mysql
[ info ] [ RUN ] app\football\controller\BigGame->bigGameList[ /www/h5/application/football/controller/BigGame.php ]
[ info ] [ VIEW ] /www/h5/public/../application/football/view/big_game/big_game_list.html [ array (
  0 => 'list',
) ]
[ info ] [ LOG ] INIT File
---------------------------------------------------------------
[ 2018-10-22T12:25:41+08:00 ] 111.125.82.182 GET /football/game_phase/phaselist/id/3.html
[ info ] h5.phmovie.net/football/game_phase/phaselist/id/3.html [运行时间：0.091697s][吞吐率：10.91req/s] [内存消耗：2,452.66kb] [文件加载：50]
[ info ] [ LANG ] /www/h5/thinkphp/lang/zh-cn.php
[ info ] [ ROUTE ] array (
  'type' => 'module',
  'module' => 
  array (
    0 => 'football',
    1 => 'game_phase',
    2 => 'phaselist',
  ),
)
[ info ] [ HEADER ] array (
  'cookie' => 'pgv_pvi=1776662528; pgv_si=s522431488; username=admin',
  'accept-language' => 'zh-CN,zh;q=0.9',
  'accept-encoding' => 'gzip, deflate',
  'referer' => 'http://h5.phmovie.net/ymq/index/index.html',
  'accept' => 'text/html,application/xhtml+xml,application/xml;q=0.9,image/webp,image/apng,*/*;q=0.8',
  'user-agent' => 'Mozilla/5.0 (Macintosh; Intel Mac OS X 10_13_6) AppleWebKit/537.36 (KHTML, like Gecko) Chrome/69.0.3497.100 Safari/537.36',
  'upgrade-insecure-requests' => '1',
  'connection' => 'keep-alive',
  'host' => 'h5.phmovie.net',
  'content-type' => '',
  'content-length' => '',
)
[ info ] [ PARAM ] array (
  'id' => '3',
)
[ info ] [ DB ] INIT mysql
[ info ] [ RUN ] app\football\controller\GamePhase->phaseList[ /www/h5/application/football/controller/GamePhase.php ]
[ info ] [ VIEW ] /www/h5/public/../application/football/view/game_phase/phase_list.html [ array (
  0 => 'bigGame_id',
  1 => 'list',
) ]
[ info ] [ LOG ] INIT File
---------------------------------------------------------------
[ 2018-10-22T12:25:43+08:00 ] 111.125.82.182 GET /football/game_live/livelist/phase_id/7/bigGame_id/3.html
[ info ] h5.phmovie.net/football/game_live/livelist/phase_id/7/bigGame_id/3.html [运行时间：0.242835s][吞吐率：4.12req/s] [内存消耗：2,517.91kb] [文件加载：50]
[ info ] [ LANG ] /www/h5/thinkphp/lang/zh-cn.php
[ info ] [ ROUTE ] array (
  'type' => 'module',
  'module' => 
  array (
    0 => 'football',
    1 => 'game_live',
    2 => 'livelist',
  ),
)
[ info ] [ HEADER ] array (
  'cookie' => 'pgv_pvi=1776662528; pgv_si=s522431488; username=admin',
  'accept-language' => 'zh-CN,zh;q=0.9',
  'accept-encoding' => 'gzip, deflate',
  'referer' => 'http://h5.phmovie.net/ymq/index/index.html',
  'accept' => 'text/html,application/xhtml+xml,application/xml;q=0.9,image/webp,image/apng,*/*;q=0.8',
  'user-agent' => 'Mozilla/5.0 (Macintosh; Intel Mac OS X 10_13_6) AppleWebKit/537.36 (KHTML, like Gecko) Chrome/69.0.3497.100 Safari/537.36',
  'upgrade-insecure-requests' => '1',
  'connection' => 'keep-alive',
  'host' => 'h5.phmovie.net',
  'content-type' => '',
  'content-length' => '',
)
[ info ] [ PARAM ] array (
  'phase_id' => '7',
  'bigGame_id' => '3',
)
[ info ] [ DB ] INIT mysql
[ info ] [ RUN ] app\football\controller\GameLive->liveList[ /www/h5/application/football/controller/GameLive.php ]
[ info ] [ VIEW ] /www/h5/public/../application/football/view/game_live/live_list.html [ array (
  0 => 'list',
  1 => 'bigGame_id',
  2 => 'phase_id',
) ]
[ info ] [ LOG ] INIT File
---------------------------------------------------------------
[ 2018-10-22T12:25:45+08:00 ] 111.125.82.182 GET /football/guess/guesslist/game_id/15/game_number/371.html
[ info ] h5.phmovie.net/football/guess/guesslist/game_id/15/game_number/371.html [运行时间：0.214209s][吞吐率：4.67req/s] [内存消耗：2,543.95kb] [文件加载：50]
[ info ] [ LANG ] /www/h5/thinkphp/lang/zh-cn.php
[ info ] [ ROUTE ] array (
  'type' => 'module',
  'module' => 
  array (
    0 => 'football',
    1 => 'guess',
    2 => 'guesslist',
  ),
)
[ info ] [ HEADER ] array (
  'cookie' => 'pgv_pvi=1776662528; pgv_si=s522431488; username=admin',
  'accept-language' => 'zh-CN,zh;q=0.9',
  'accept-encoding' => 'gzip, deflate',
  'referer' => 'http://h5.phmovie.net/football/game_live/livelist/phase_id/7/bigGame_id/3.html',
  'accept' => 'text/html,application/xhtml+xml,application/xml;q=0.9,image/webp,image/apng,*/*;q=0.8',
  'user-agent' => 'Mozilla/5.0 (Macintosh; Intel Mac OS X 10_13_6) AppleWebKit/537.36 (KHTML, like Gecko) Chrome/69.0.3497.100 Safari/537.36',
  'upgrade-insecure-requests' => '1',
  'connection' => 'keep-alive',
  'host' => 'h5.phmovie.net',
  'content-type' => '',
  'content-length' => '',
)
[ info ] [ PARAM ] array (
  'game_id' => '15',
  'game_number' => '371',
)
[ info ] [ DB ] INIT mysql
[ info ] [ RUN ] app\football\controller\Guess->guessList[ /www/h5/application/football/controller/Guess.php ]
[ info ] [ VIEW ] /www/h5/public/../application/football/view/guess/guess_list.html [ array (
  0 => 'list',
  1 => 'game_id',
  2 => 'game_number',
) ]
[ info ] [ LOG ] INIT File
---------------------------------------------------------------
[ 2018-10-22T12:25:47+08:00 ] 111.125.82.182 GET /football/guess/editguess/id/32.html
[ info ] h5.phmovie.net/football/guess/editguess/id/32.html [运行时间：0.370125s][吞吐率：2.70req/s] [内存消耗：2,594.91kb] [文件加载：50]
[ info ] [ LANG ] /www/h5/thinkphp/lang/zh-cn.php
[ info ] [ ROUTE ] array (
  'type' => 'module',
  'module' => 
  array (
    0 => 'football',
    1 => 'guess',
    2 => 'editguess',
  ),
)
[ info ] [ HEADER ] array (
  'cookie' => 'pgv_pvi=1776662528; pgv_si=s522431488; username=admin',
  'accept-language' => 'zh-CN,zh;q=0.9',
  'accept-encoding' => 'gzip, deflate',
  'referer' => 'http://h5.phmovie.net/football/guess/guesslist/game_id/15/game_number/371.html',
  'accept' => 'text/html,application/xhtml+xml,application/xml;q=0.9,image/webp,image/apng,*/*;q=0.8',
  'user-agent' => 'Mozilla/5.0 (Macintosh; Intel Mac OS X 10_13_6) AppleWebKit/537.36 (KHTML, like Gecko) Chrome/69.0.3497.100 Safari/537.36',
  'upgrade-insecure-requests' => '1',
  'connection' => 'keep-alive',
  'host' => 'h5.phmovie.net',
  'content-type' => '',
  'content-length' => '',
)
[ info ] [ PARAM ] array (
  'id' => '32',
)
[ info ] [ DB ] INIT mysql
[ info ] [ RUN ] app\football\controller\Guess->editGuess[ /www/h5/application/football/controller/Guess.php ]
[ info ] [ VIEW ] /www/h5/public/../application/football/view/guess/edit_guess.html [ array (
  0 => 'game_id',
  1 => 'game_number',
  2 => 'start_time',
  3 => 'end_time',
  4 => 'play_a_name',
  5 => 'play_b_name',
  6 => 'guess_list_one',
  7 => 'guess_winner_one',
  8 => 'guess_winner_rangfen_one',
  9 => 'guess_is_score_one',
  10 => 'guess_total_score_one',
) ]
[ info ] [ LOG ] INIT File
---------------------------------------------------------------
[ 2018-10-22T12:29:24+08:00 ] 111.125.82.182 GET /football/game_live/livelist/phase_id/8/bigGame_id/3.html
[ info ] h5.phmovie.net/football/game_live/livelist/phase_id/8/bigGame_id/3.html [运行时间：0.291782s][吞吐率：3.43req/s] [内存消耗：2,523.01kb] [文件加载：50]
[ info ] [ LANG ] /www/h5/thinkphp/lang/zh-cn.php
[ info ] [ ROUTE ] array (
  'type' => 'module',
  'module' => 
  array (
    0 => 'football',
    1 => 'game_live',
    2 => 'livelist',
  ),
)
[ info ] [ HEADER ] array (
  'cookie' => 'pgv_pvi=1776662528; pgv_si=s522431488; username=admin',
  'accept-language' => 'zh-CN,zh;q=0.9',
  'accept-encoding' => 'gzip, deflate',
  'referer' => 'http://h5.phmovie.net/ymq/index/index.html',
  'accept' => 'text/html,application/xhtml+xml,application/xml;q=0.9,image/webp,image/apng,*/*;q=0.8',
  'user-agent' => 'Mozilla/5.0 (Macintosh; Intel Mac OS X 10_13_6) AppleWebKit/537.36 (KHTML, like Gecko) Chrome/69.0.3497.100 Safari/537.36',
  'upgrade-insecure-requests' => '1',
  'connection' => 'keep-alive',
  'host' => 'h5.phmovie.net',
  'content-type' => '',
  'content-length' => '',
)
[ info ] [ PARAM ] array (
  'phase_id' => '8',
  'bigGame_id' => '3',
)
[ info ] [ DB ] INIT mysql
[ info ] [ RUN ] app\football\controller\GameLive->liveList[ /www/h5/application/football/controller/GameLive.php ]
[ info ] [ VIEW ] /www/h5/public/../application/football/view/game_live/live_list.html [ array (
  0 => 'list',
  1 => 'bigGame_id',
  2 => 'phase_id',
) ]
[ info ] [ LOG ] INIT File
---------------------------------------------------------------
[ 2018-10-22T12:29:33+08:00 ] 111.125.82.182 GET /football/big_Game/bigGameList
[ info ] h5.phmovie.net/football/big_Game/bigGameList [运行时间：0.098980s][吞吐率：10.10req/s] [内存消耗：2,449.28kb] [文件加载：50]
[ info ] [ LANG ] /www/h5/thinkphp/lang/zh-cn.php
[ info ] [ ROUTE ] array (
  'type' => 'module',
  'module' => 
  array (
    0 => 'football',
    1 => 'big_Game',
    2 => 'bigGameList',
  ),
)
[ info ] [ HEADER ] array (
  'cookie' => 'pgv_pvi=1776662528; pgv_si=s522431488; username=admin',
  'accept-language' => 'zh-CN,zh;q=0.9',
  'accept-encoding' => 'gzip, deflate',
  'referer' => 'http://h5.phmovie.net/ymq/index/index.html',
  'accept' => 'text/html,application/xhtml+xml,application/xml;q=0.9,image/webp,image/apng,*/*;q=0.8',
  'user-agent' => 'Mozilla/5.0 (Macintosh; Intel Mac OS X 10_13_6) AppleWebKit/537.36 (KHTML, like Gecko) Chrome/69.0.3497.100 Safari/537.36',
  'upgrade-insecure-requests' => '1',
  'connection' => 'keep-alive',
  'host' => 'h5.phmovie.net',
  'content-type' => '',
  'content-length' => '',
)
[ info ] [ PARAM ] array (
)
[ info ] [ DB ] INIT mysql
[ info ] [ RUN ] app\football\controller\BigGame->bigGameList[ /www/h5/application/football/controller/BigGame.php ]
[ info ] [ VIEW ] /www/h5/public/../application/football/view/big_game/big_game_list.html [ array (
  0 => 'list',
) ]
[ info ] [ LOG ] INIT File
---------------------------------------------------------------
[ 2018-10-22T12:29:37+08:00 ] 111.125.82.182 GET /football/game_phase/phaselist/id/2.html
[ info ] h5.phmovie.net/football/game_phase/phaselist/id/2.html [运行时间：0.088580s][吞吐率：11.29req/s] [内存消耗：2,450.47kb] [文件加载：50]
[ info ] [ LANG ] /www/h5/thinkphp/lang/zh-cn.php
[ info ] [ ROUTE ] array (
  'type' => 'module',
  'module' => 
  array (
    0 => 'football',
    1 => 'game_phase',
    2 => 'phaselist',
  ),
)
[ info ] [ HEADER ] array (
  'cookie' => 'pgv_pvi=1776662528; pgv_si=s522431488; username=admin',
  'accept-language' => 'zh-CN,zh;q=0.9',
  'accept-encoding' => 'gzip, deflate',
  'referer' => 'http://h5.phmovie.net/ymq/index/index.html',
  'accept' => 'text/html,application/xhtml+xml,application/xml;q=0.9,image/webp,image/apng,*/*;q=0.8',
  'user-agent' => 'Mozilla/5.0 (Macintosh; Intel Mac OS X 10_13_6) AppleWebKit/537.36 (KHTML, like Gecko) Chrome/69.0.3497.100 Safari/537.36',
  'upgrade-insecure-requests' => '1',
  'connection' => 'keep-alive',
  'host' => 'h5.phmovie.net',
  'content-type' => '',
  'content-length' => '',
)
[ info ] [ PARAM ] array (
  'id' => '2',
)
[ info ] [ DB ] INIT mysql
[ info ] [ RUN ] app\football\controller\GamePhase->phaseList[ /www/h5/application/football/controller/GamePhase.php ]
[ info ] [ VIEW ] /www/h5/public/../application/football/view/game_phase/phase_list.html [ array (
  0 => 'bigGame_id',
  1 => 'list',
) ]
[ info ] [ LOG ] INIT File
---------------------------------------------------------------
[ 2018-10-22T12:29:41+08:00 ] 111.125.82.182 GET /football/game_phase/phaselist/id/3.html
[ info ] h5.phmovie.net/football/game_phase/phaselist/id/3.html [运行时间：0.104938s][吞吐率：9.53req/s] [内存消耗：2,452.66kb] [文件加载：50]
[ info ] [ LANG ] /www/h5/thinkphp/lang/zh-cn.php
[ info ] [ ROUTE ] array (
  'type' => 'module',
  'module' => 
  array (
    0 => 'football',
    1 => 'game_phase',
    2 => 'phaselist',
  ),
)
[ info ] [ HEADER ] array (
  'cookie' => 'pgv_pvi=1776662528; pgv_si=s522431488; username=admin',
  'accept-language' => 'zh-CN,zh;q=0.9',
  'accept-encoding' => 'gzip, deflate',
  'referer' => 'http://h5.phmovie.net/ymq/index/index.html',
  'accept' => 'text/html,application/xhtml+xml,application/xml;q=0.9,image/webp,image/apng,*/*;q=0.8',
  'user-agent' => 'Mozilla/5.0 (Macintosh; Intel Mac OS X 10_13_6) AppleWebKit/537.36 (KHTML, like Gecko) Chrome/69.0.3497.100 Safari/537.36',
  'upgrade-insecure-requests' => '1',
  'connection' => 'keep-alive',
  'host' => 'h5.phmovie.net',
  'content-type' => '',
  'content-length' => '',
)
[ info ] [ PARAM ] array (
  'id' => '3',
)
[ info ] [ DB ] INIT mysql
[ info ] [ RUN ] app\football\controller\GamePhase->phaseList[ /www/h5/application/football/controller/GamePhase.php ]
[ info ] [ VIEW ] /www/h5/public/../application/football/view/game_phase/phase_list.html [ array (
  0 => 'bigGame_id',
  1 => 'list',
) ]
[ info ] [ LOG ] INIT File
---------------------------------------------------------------
[ 2018-10-22T12:29:43+08:00 ] 111.125.82.182 GET /football/game_live/livelist/phase_id/7/bigGame_id/3.html
[ info ] h5.phmovie.net/football/game_live/livelist/phase_id/7/bigGame_id/3.html [运行时间：0.241786s][吞吐率：4.14req/s] [内存消耗：2,517.91kb] [文件加载：50]
[ info ] [ LANG ] /www/h5/thinkphp/lang/zh-cn.php
[ info ] [ ROUTE ] array (
  'type' => 'module',
  'module' => 
  array (
    0 => 'football',
    1 => 'game_live',
    2 => 'livelist',
  ),
)
[ info ] [ HEADER ] array (
  'cookie' => 'pgv_pvi=1776662528; pgv_si=s522431488; username=admin',
  'accept-language' => 'zh-CN,zh;q=0.9',
  'accept-encoding' => 'gzip, deflate',
  'referer' => 'http://h5.phmovie.net/ymq/index/index.html',
  'accept' => 'text/html,application/xhtml+xml,application/xml;q=0.9,image/webp,image/apng,*/*;q=0.8',
  'user-agent' => 'Mozilla/5.0 (Macintosh; Intel Mac OS X 10_13_6) AppleWebKit/537.36 (KHTML, like Gecko) Chrome/69.0.3497.100 Safari/537.36',
  'upgrade-insecure-requests' => '1',
  'connection' => 'keep-alive',
  'host' => 'h5.phmovie.net',
  'content-type' => '',
  'content-length' => '',
)
[ info ] [ PARAM ] array (
  'phase_id' => '7',
  'bigGame_id' => '3',
)
[ info ] [ DB ] INIT mysql
[ info ] [ RUN ] app\football\controller\GameLive->liveList[ /www/h5/application/football/controller/GameLive.php ]
[ info ] [ VIEW ] /www/h5/public/../application/football/view/game_live/live_list.html [ array (
  0 => 'list',
  1 => 'bigGame_id',
  2 => 'phase_id',
) ]
[ info ] [ LOG ] INIT File
---------------------------------------------------------------
[ 2018-10-22T12:29:47+08:00 ] 111.125.82.182 GET /football/guess/guesslist/game_id/16/game_number/372.html
[ info ] h5.phmovie.net/football/guess/guesslist/game_id/16/game_number/372.html [运行时间：0.222815s][吞吐率：4.49req/s] [内存消耗：2,543.96kb] [文件加载：50]
[ info ] [ LANG ] /www/h5/thinkphp/lang/zh-cn.php
[ info ] [ ROUTE ] array (
  'type' => 'module',
  'module' => 
  array (
    0 => 'football',
    1 => 'guess',
    2 => 'guesslist',
  ),
)
[ info ] [ HEADER ] array (
  'cookie' => 'pgv_pvi=1776662528; pgv_si=s522431488; username=admin',
  'accept-language' => 'zh-CN,zh;q=0.9',
  'accept-encoding' => 'gzip, deflate',
  'referer' => 'http://h5.phmovie.net/football/game_live/livelist/phase_id/7/bigGame_id/3.html',
  'accept' => 'text/html,application/xhtml+xml,application/xml;q=0.9,image/webp,image/apng,*/*;q=0.8',
  'user-agent' => 'Mozilla/5.0 (Macintosh; Intel Mac OS X 10_13_6) AppleWebKit/537.36 (KHTML, like Gecko) Chrome/69.0.3497.100 Safari/537.36',
  'upgrade-insecure-requests' => '1',
  'connection' => 'keep-alive',
  'host' => 'h5.phmovie.net',
  'content-type' => '',
  'content-length' => '',
)
[ info ] [ PARAM ] array (
  'game_id' => '16',
  'game_number' => '372',
)
[ info ] [ DB ] INIT mysql
[ info ] [ RUN ] app\football\controller\Guess->guessList[ /www/h5/application/football/controller/Guess.php ]
[ info ] [ VIEW ] /www/h5/public/../application/football/view/guess/guess_list.html [ array (
  0 => 'list',
  1 => 'game_id',
  2 => 'game_number',
) ]
[ info ] [ LOG ] INIT File
---------------------------------------------------------------
[ 2018-10-22T12:29:50+08:00 ] 111.125.82.182 GET /football/guess/editguess/id/33.html
[ info ] h5.phmovie.net/football/guess/editguess/id/33.html [运行时间：0.369655s][吞吐率：2.71req/s] [内存消耗：2,594.95kb] [文件加载：50]
[ info ] [ LANG ] /www/h5/thinkphp/lang/zh-cn.php
[ info ] [ ROUTE ] array (
  'type' => 'module',
  'module' => 
  array (
    0 => 'football',
    1 => 'guess',
    2 => 'editguess',
  ),
)
[ info ] [ HEADER ] array (
  'cookie' => 'pgv_pvi=1776662528; pgv_si=s522431488; username=admin',
  'accept-language' => 'zh-CN,zh;q=0.9',
  'accept-encoding' => 'gzip, deflate',
  'referer' => 'http://h5.phmovie.net/football/guess/guesslist/game_id/16/game_number/372.html',
  'accept' => 'text/html,application/xhtml+xml,application/xml;q=0.9,image/webp,image/apng,*/*;q=0.8',
  'user-agent' => 'Mozilla/5.0 (Macintosh; Intel Mac OS X 10_13_6) AppleWebKit/537.36 (KHTML, like Gecko) Chrome/69.0.3497.100 Safari/537.36',
  'upgrade-insecure-requests' => '1',
  'connection' => 'keep-alive',
  'host' => 'h5.phmovie.net',
  'content-type' => '',
  'content-length' => '',
)
[ info ] [ PARAM ] array (
  'id' => '33',
)
[ info ] [ DB ] INIT mysql
[ info ] [ RUN ] app\football\controller\Guess->editGuess[ /www/h5/application/football/controller/Guess.php ]
[ info ] [ VIEW ] /www/h5/public/../application/football/view/guess/edit_guess.html [ array (
  0 => 'game_id',
  1 => 'game_number',
  2 => 'start_time',
  3 => 'end_time',
  4 => 'play_a_name',
  5 => 'play_b_name',
  6 => 'guess_list_one',
  7 => 'guess_winner_one',
  8 => 'guess_winner_rangfen_one',
  9 => 'guess_is_score_one',
  10 => 'guess_total_score_one',
) ]
[ info ] [ LOG ] INIT File
---------------------------------------------------------------
[ 2018-10-22T16:32:18+08:00 ] 111.125.82.182 GET /ymq/login/index.html
[ info ] h5.phmovie.net/ymq/login/index.html [运行时间：0.012249s][吞吐率：81.64req/s] [内存消耗：1,620.19kb] [文件加载：42]
[ info ] [ LANG ] /www/h5/thinkphp/lang/zh-cn.php
[ info ] [ ROUTE ] array (
  'type' => 'module',
  'module' => 
  array (
    0 => 'ymq',
    1 => 'login',
    2 => 'index',
  ),
)
[ info ] [ HEADER ] array (
  'cookie' => 'pgv_pvi=1776662528; pgv_si=s522431488',
  'accept-language' => 'zh-CN,zh;q=0.9',
  'accept-encoding' => 'gzip, deflate',
  'accept' => 'text/html,application/xhtml+xml,application/xml;q=0.9,image/webp,image/apng,*/*;q=0.8',
  'user-agent' => 'Mozilla/5.0 (Macintosh; Intel Mac OS X 10_13_6) AppleWebKit/537.36 (KHTML, like Gecko) Chrome/69.0.3497.100 Safari/537.36',
  'upgrade-insecure-requests' => '1',
  'purpose' => 'prefetch',
  'connection' => 'keep-alive',
  'host' => 'h5.phmovie.net',
  'content-type' => '',
  'content-length' => '',
)
[ info ] [ PARAM ] array (
)
[ info ] [ RUN ] app\ymq\controller\Login->index[ /www/h5/application/ymq/controller/Login.php ]
[ info ] [ VIEW ] /www/h5/public/../application/ymq/view/login/index.html [ array (
) ]
[ info ] [ LOG ] INIT File
---------------------------------------------------------------
[ 2018-10-22T16:32:25+08:00 ] 111.125.82.182 POST /ymq/login/login.html
[ info ] h5.phmovie.net/ymq/login/login.html [运行时间：0.184841s][吞吐率：5.41req/s] [内存消耗：2,603.12kb] [文件加载：48]
[ info ] [ LANG ] /www/h5/thinkphp/lang/zh-cn.php
[ info ] [ ROUTE ] array (
  'type' => 'module',
  'module' => 
  array (
    0 => 'ymq',
    1 => 'login',
    2 => 'login',
  ),
)
[ info ] [ HEADER ] array (
  'cookie' => 'pgv_pvi=1776662528; pgv_si=s522431488',
  'accept-language' => 'zh-CN,zh;q=0.9',
  'accept-encoding' => 'gzip, deflate',
  'referer' => 'http://h5.phmovie.net/ymq/login/index.html',
  'content-type' => 'application/x-www-form-urlencoded; charset=UTF-8',
  'user-agent' => 'Mozilla/5.0 (Macintosh; Intel Mac OS X 10_13_6) AppleWebKit/537.36 (KHTML, like Gecko) Chrome/69.0.3497.100 Safari/537.36',
  'x-requested-with' => 'XMLHttpRequest',
  'origin' => 'http://h5.phmovie.net',
  'accept' => 'application/json, text/javascript, */*; q=0.01',
  'content-length' => '30',
  'connection' => 'keep-alive',
  'host' => 'h5.phmovie.net',
)
[ info ] [ PARAM ] array (
  'username' => 'admin',
  'password' => '123456',
)
[ info ] [ RUN ] app\ymq\controller\Login->login[ /www/h5/application/ymq/controller/Login.php ]
[ info ] [ DB ] INIT mysql
[ info ] [ LOG ] INIT File
[ sql ] [ DB ] CONNECT:[ UseTime:0.034004s ] mysql:host=154.223.65.38;dbname=h5_admin;charset=utf8
[ sql ] [ SQL ] SHOW COLUMNS FROM `admin_user` [ RunTime:0.023403s ]
[ sql ] [ SQL ] SELECT * FROM `admin_user` WHERE  `username` = 'admin' LIMIT 1 [ RunTime:0.022396s ]
[ sql ] [ SQL ] UPDATE `admin_user`  SET `ip`='111.125.82.182',`login_time`=1540197145  WHERE  `username` = 'admin' [ RunTime:0.026424s ]
---------------------------------------------------------------
[ 2018-10-22T16:32:26+08:00 ] 111.125.82.182 GET /ymq/index/index.html
[ info ] h5.phmovie.net/ymq/index/index.html [运行时间：0.195007s][吞吐率：5.13req/s] [内存消耗：2,538.84kb] [文件加载：53]
[ info ] [ LANG ] /www/h5/thinkphp/lang/zh-cn.php
[ info ] [ ROUTE ] array (
  'type' => 'module',
  'module' => 
  array (
    0 => 'ymq',
    1 => 'index',
    2 => 'index',
  ),
)
[ info ] [ HEADER ] array (
  'cookie' => 'pgv_pvi=1776662528; pgv_si=s522431488; username=admin',
  'accept-language' => 'zh-CN,zh;q=0.9',
  'accept-encoding' => 'gzip, deflate',
  'referer' => 'http://h5.phmovie.net/ymq/login/index.html',
  'accept' => 'text/html,application/xhtml+xml,application/xml;q=0.9,image/webp,image/apng,*/*;q=0.8',
  'user-agent' => 'Mozilla/5.0 (Macintosh; Intel Mac OS X 10_13_6) AppleWebKit/537.36 (KHTML, like Gecko) Chrome/69.0.3497.100 Safari/537.36',
  'upgrade-insecure-requests' => '1',
  'connection' => 'keep-alive',
  'host' => 'h5.phmovie.net',
  'content-type' => '',
  'content-length' => '',
)
[ info ] [ PARAM ] array (
)
[ info ] [ RUN ] app\ymq\controller\Index->index[ /www/h5/application/ymq/controller/Index.php ]
[ info ] [ DB ] INIT mysql
[ info ] [ VIEW ] /www/h5/public/../application/ymq/view/index/index.html [ array (
  0 => 'result',
) ]
[ info ] [ LOG ] INIT File
[ sql ] [ DB ] CONNECT:[ UseTime:0.034424s ] mysql:host=154.223.65.38;dbname=h5_admin;charset=utf8
[ sql ] [ SQL ] SHOW COLUMNS FROM `admin_user` [ RunTime:0.023981s ]
[ sql ] [ SQL ] SELECT `id` FROM `admin_user` WHERE  `username` = 'admin' LIMIT 1 [ RunTime:0.023116s ]
[ sql ] [ SQL ] SELECT `a`.*,`b`.`group_id`,`c`.`rules` FROM `admin_user` `a` INNER JOIN `admin_group_access` `b` ON `a`.`id`=`b`.`uid` INNER JOIN `admin_role_group` `c` ON `b`.`group_id`=`c`.`id` WHERE  `a`.`id` = 1 LIMIT 1 [ RunTime:0.024000s ]
[ sql ] [ SQL ] SHOW COLUMNS FROM `admin_rule` [ RunTime:0.023867s ]
[ sql ] [ SQL ] SELECT * FROM `admin_rule` WHERE  (  p_id = 0 ) ORDER BY `id` ASC [ RunTime:0.023032s ]
[ sql ] [ SQL ] SELECT * FROM `admin_rule` WHERE  (  p_id != 0 and is_show = 1 ) ORDER BY `id` ASC [ RunTime:0.024761s ]
---------------------------------------------------------------
[ 2018-10-22T16:32:27+08:00 ] 111.125.82.182 GET /ymq/index/welcome.html
[ info ] h5.phmovie.net/ymq/index/welcome.html [运行时间：0.011400s][吞吐率：87.72req/s] [内存消耗：1,560.88kb] [文件加载：41]
[ info ] [ LANG ] /www/h5/thinkphp/lang/zh-cn.php
[ info ] [ ROUTE ] array (
  'type' => 'module',
  'module' => 
  array (
    0 => 'ymq',
    1 => 'index',
    2 => 'welcome',
  ),
)
[ info ] [ HEADER ] array (
  'cookie' => 'pgv_pvi=1776662528; pgv_si=s522431488; username=admin',
  'accept-language' => 'zh-CN,zh;q=0.9',
  'accept-encoding' => 'gzip, deflate',
  'referer' => 'http://h5.phmovie.net/ymq/index/index.html',
  'accept' => 'text/html,application/xhtml+xml,application/xml;q=0.9,image/webp,image/apng,*/*;q=0.8',
  'user-agent' => 'Mozilla/5.0 (Macintosh; Intel Mac OS X 10_13_6) AppleWebKit/537.36 (KHTML, like Gecko) Chrome/69.0.3497.100 Safari/537.36',
  'upgrade-insecure-requests' => '1',
  'connection' => 'keep-alive',
  'host' => 'h5.phmovie.net',
  'content-type' => '',
  'content-length' => '',
)
[ info ] [ PARAM ] array (
)
[ info ] [ RUN ] app\ymq\controller\Index->welcome[ /www/h5/application/ymq/controller/Index.php ]
[ info ] [ LOG ] INIT File
---------------------------------------------------------------
[ 2018-10-22T16:32:34+08:00 ] 111.125.82.182 GET /football/big_Game/bigGameList
[ info ] h5.phmovie.net/football/big_Game/bigGameList [运行时间：0.104521s][吞吐率：9.57req/s] [内存消耗：2,449.28kb] [文件加载：50]
[ info ] [ LANG ] /www/h5/thinkphp/lang/zh-cn.php
[ info ] [ ROUTE ] array (
  'type' => 'module',
  'module' => 
  array (
    0 => 'football',
    1 => 'big_Game',
    2 => 'bigGameList',
  ),
)
[ info ] [ HEADER ] array (
  'cookie' => 'pgv_pvi=1776662528; pgv_si=s522431488; username=admin',
  'accept-language' => 'zh-CN,zh;q=0.9',
  'accept-encoding' => 'gzip, deflate',
  'referer' => 'http://h5.phmovie.net/ymq/index/index.html',
  'accept' => 'text/html,application/xhtml+xml,application/xml;q=0.9,image/webp,image/apng,*/*;q=0.8',
  'user-agent' => 'Mozilla/5.0 (Macintosh; Intel Mac OS X 10_13_6) AppleWebKit/537.36 (KHTML, like Gecko) Chrome/69.0.3497.100 Safari/537.36',
  'upgrade-insecure-requests' => '1',
  'connection' => 'keep-alive',
  'host' => 'h5.phmovie.net',
  'content-type' => '',
  'content-length' => '',
)
[ info ] [ PARAM ] array (
)
[ info ] [ DB ] INIT mysql
[ info ] [ RUN ] app\football\controller\BigGame->bigGameList[ /www/h5/application/football/controller/BigGame.php ]
[ info ] [ VIEW ] /www/h5/public/../application/football/view/big_game/big_game_list.html [ array (
  0 => 'list',
) ]
[ info ] [ LOG ] INIT File
---------------------------------------------------------------
[ 2018-10-22T16:32:37+08:00 ] 111.125.82.182 GET /football/game_phase/phaselist/id/2.html
[ info ] h5.phmovie.net/football/game_phase/phaselist/id/2.html [运行时间：0.095845s][吞吐率：10.43req/s] [内存消耗：2,450.47kb] [文件加载：50]
[ info ] [ LANG ] /www/h5/thinkphp/lang/zh-cn.php
[ info ] [ ROUTE ] array (
  'type' => 'module',
  'module' => 
  array (
    0 => 'football',
    1 => 'game_phase',
    2 => 'phaselist',
  ),
)
[ info ] [ HEADER ] array (
  'cookie' => 'pgv_pvi=1776662528; pgv_si=s522431488; username=admin',
  'accept-language' => 'zh-CN,zh;q=0.9',
  'accept-encoding' => 'gzip, deflate',
  'referer' => 'http://h5.phmovie.net/ymq/index/index.html',
  'accept' => 'text/html,application/xhtml+xml,application/xml;q=0.9,image/webp,image/apng,*/*;q=0.8',
  'user-agent' => 'Mozilla/5.0 (Macintosh; Intel Mac OS X 10_13_6) AppleWebKit/537.36 (KHTML, like Gecko) Chrome/69.0.3497.100 Safari/537.36',
  'upgrade-insecure-requests' => '1',
  'connection' => 'keep-alive',
  'host' => 'h5.phmovie.net',
  'content-type' => '',
  'content-length' => '',
)
[ info ] [ PARAM ] array (
  'id' => '2',
)
[ info ] [ DB ] INIT mysql
[ info ] [ RUN ] app\football\controller\GamePhase->phaseList[ /www/h5/application/football/controller/GamePhase.php ]
[ info ] [ VIEW ] /www/h5/public/../application/football/view/game_phase/phase_list.html [ array (
  0 => 'bigGame_id',
  1 => 'list',
) ]
[ info ] [ LOG ] INIT File
---------------------------------------------------------------
[ 2018-10-22T16:32:41+08:00 ] 111.125.82.182 GET /football/game_phase/phaselist/id/3.html
[ info ] h5.phmovie.net/football/game_phase/phaselist/id/3.html [运行时间：0.087857s][吞吐率：11.38req/s] [内存消耗：2,452.66kb] [文件加载：50]
[ info ] [ LANG ] /www/h5/thinkphp/lang/zh-cn.php
[ info ] [ ROUTE ] array (
  'type' => 'module',
  'module' => 
  array (
    0 => 'football',
    1 => 'game_phase',
    2 => 'phaselist',
  ),
)
[ info ] [ HEADER ] array (
  'cookie' => 'pgv_pvi=1776662528; pgv_si=s522431488; username=admin',
  'accept-language' => 'zh-CN,zh;q=0.9',
  'accept-encoding' => 'gzip, deflate',
  'referer' => 'http://h5.phmovie.net/ymq/index/index.html',
  'accept' => 'text/html,application/xhtml+xml,application/xml;q=0.9,image/webp,image/apng,*/*;q=0.8',
  'user-agent' => 'Mozilla/5.0 (Macintosh; Intel Mac OS X 10_13_6) AppleWebKit/537.36 (KHTML, like Gecko) Chrome/69.0.3497.100 Safari/537.36',
  'upgrade-insecure-requests' => '1',
  'connection' => 'keep-alive',
  'host' => 'h5.phmovie.net',
  'content-type' => '',
  'content-length' => '',
)
[ info ] [ PARAM ] array (
  'id' => '3',
)
[ info ] [ DB ] INIT mysql
[ info ] [ RUN ] app\football\controller\GamePhase->phaseList[ /www/h5/application/football/controller/GamePhase.php ]
[ info ] [ VIEW ] /www/h5/public/../application/football/view/game_phase/phase_list.html [ array (
  0 => 'bigGame_id',
  1 => 'list',
) ]
[ info ] [ LOG ] INIT File
---------------------------------------------------------------
[ 2018-10-22T16:32:43+08:00 ] 111.125.82.182 GET /football/game_live/livelist/phase_id/7/bigGame_id/3.html
[ info ] h5.phmovie.net/football/game_live/livelist/phase_id/7/bigGame_id/3.html [运行时间：0.244644s][吞吐率：4.09req/s] [内存消耗：2,517.91kb] [文件加载：50]
[ info ] [ LANG ] /www/h5/thinkphp/lang/zh-cn.php
[ info ] [ ROUTE ] array (
  'type' => 'module',
  'module' => 
  array (
    0 => 'football',
    1 => 'game_live',
    2 => 'livelist',
  ),
)
[ info ] [ HEADER ] array (
  'cookie' => 'pgv_pvi=1776662528; pgv_si=s522431488; username=admin',
  'accept-language' => 'zh-CN,zh;q=0.9',
  'accept-encoding' => 'gzip, deflate',
  'referer' => 'http://h5.phmovie.net/ymq/index/index.html',
  'accept' => 'text/html,application/xhtml+xml,application/xml;q=0.9,image/webp,image/apng,*/*;q=0.8',
  'user-agent' => 'Mozilla/5.0 (Macintosh; Intel Mac OS X 10_13_6) AppleWebKit/537.36 (KHTML, like Gecko) Chrome/69.0.3497.100 Safari/537.36',
  'upgrade-insecure-requests' => '1',
  'connection' => 'keep-alive',
  'host' => 'h5.phmovie.net',
  'content-type' => '',
  'content-length' => '',
)
[ info ] [ PARAM ] array (
  'phase_id' => '7',
  'bigGame_id' => '3',
)
[ info ] [ DB ] INIT mysql
[ info ] [ RUN ] app\football\controller\GameLive->liveList[ /www/h5/application/football/controller/GameLive.php ]
[ info ] [ VIEW ] /www/h5/public/../application/football/view/game_live/live_list.html [ array (
  0 => 'list',
  1 => 'bigGame_id',
  2 => 'phase_id',
) ]
[ info ] [ LOG ] INIT File
---------------------------------------------------------------
[ 2018-10-22T16:32:45+08:00 ] 111.125.82.182 GET /football/game_live/live/id/15.html
[ info ] h5.phmovie.net/football/game_live/live/id/15.html [运行时间：0.114221s][吞吐率：8.75req/s] [内存消耗：2,516.88kb] [文件加载：50]
[ info ] [ LANG ] /www/h5/thinkphp/lang/zh-cn.php
[ info ] [ ROUTE ] array (
  'type' => 'module',
  'module' => 
  array (
    0 => 'football',
    1 => 'game_live',
    2 => 'live',
  ),
)
[ info ] [ HEADER ] array (
  'cookie' => 'pgv_pvi=1776662528; pgv_si=s522431488; username=admin',
  'accept-language' => 'zh-CN,zh;q=0.9',
  'accept-encoding' => 'gzip, deflate',
  'referer' => 'http://h5.phmovie.net/football/game_live/livelist/phase_id/7/bigGame_id/3.html',
  'accept' => 'text/html,application/xhtml+xml,application/xml;q=0.9,image/webp,image/apng,*/*;q=0.8',
  'user-agent' => 'Mozilla/5.0 (Macintosh; Intel Mac OS X 10_13_6) AppleWebKit/537.36 (KHTML, like Gecko) Chrome/69.0.3497.100 Safari/537.36',
  'upgrade-insecure-requests' => '1',
  'connection' => 'keep-alive',
  'host' => 'h5.phmovie.net',
  'content-type' => '',
  'content-length' => '',
)
[ info ] [ PARAM ] array (
  'id' => '15',
)
[ info ] [ DB ] INIT mysql
[ info ] [ RUN ] app\football\controller\GameLive->live[ /www/h5/application/football/controller/GameLive.php ]
[ info ] [ VIEW ] /www/h5/public/../application/football/view/game_live/live.html [ array (
  0 => 'bigGame_id',
  1 => 'phase_id',
  2 => 'one',
) ]
[ info ] [ LOG ] INIT File
---------------------------------------------------------------
[ 2018-10-22T16:32:57+08:00 ] 111.125.82.182 GET /football/game_live/livelist/phase_id/8/bigGame_id/3.html
[ info ] h5.phmovie.net/football/game_live/livelist/phase_id/8/bigGame_id/3.html [运行时间：0.268943s][吞吐率：3.72req/s] [内存消耗：2,523.01kb] [文件加载：50]
[ info ] [ LANG ] /www/h5/thinkphp/lang/zh-cn.php
[ info ] [ ROUTE ] array (
  'type' => 'module',
  'module' => 
  array (
    0 => 'football',
    1 => 'game_live',
    2 => 'livelist',
  ),
)
[ info ] [ HEADER ] array (
  'cookie' => 'pgv_pvi=1776662528; pgv_si=s522431488; username=admin',
  'accept-language' => 'zh-CN,zh;q=0.9',
  'accept-encoding' => 'gzip, deflate',
  'referer' => 'http://h5.phmovie.net/ymq/index/index.html',
  'accept' => 'text/html,application/xhtml+xml,application/xml;q=0.9,image/webp,image/apng,*/*;q=0.8',
  'user-agent' => 'Mozilla/5.0 (Macintosh; Intel Mac OS X 10_13_6) AppleWebKit/537.36 (KHTML, like Gecko) Chrome/69.0.3497.100 Safari/537.36',
  'upgrade-insecure-requests' => '1',
  'connection' => 'keep-alive',
  'host' => 'h5.phmovie.net',
  'content-type' => '',
  'content-length' => '',
)
[ info ] [ PARAM ] array (
  'phase_id' => '8',
  'bigGame_id' => '3',
)
[ info ] [ DB ] INIT mysql
[ info ] [ RUN ] app\football\controller\GameLive->liveList[ /www/h5/application/football/controller/GameLive.php ]
[ info ] [ VIEW ] /www/h5/public/../application/football/view/game_live/live_list.html [ array (
  0 => 'list',
  1 => 'bigGame_id',
  2 => 'phase_id',
) ]
[ info ] [ LOG ] INIT File
---------------------------------------------------------------
[ 2018-10-22T16:33:03+08:00 ] 111.125.82.182 GET /football/game_live/livelist/phase_id/7/bigGame_id/3.html
[ info ] h5.phmovie.net/football/game_live/livelist/phase_id/7/bigGame_id/3.html [运行时间：0.224563s][吞吐率：4.45req/s] [内存消耗：2,517.91kb] [文件加载：50]
[ info ] [ LANG ] /www/h5/thinkphp/lang/zh-cn.php
[ info ] [ ROUTE ] array (
  'type' => 'module',
  'module' => 
  array (
    0 => 'football',
    1 => 'game_live',
    2 => 'livelist',
  ),
)
[ info ] [ HEADER ] array (
  'cookie' => 'pgv_pvi=1776662528; pgv_si=s522431488; username=admin',
  'accept-language' => 'zh-CN,zh;q=0.9',
  'accept-encoding' => 'gzip, deflate',
  'referer' => 'http://h5.phmovie.net/ymq/index/index.html',
  'accept' => 'text/html,application/xhtml+xml,application/xml;q=0.9,image/webp,image/apng,*/*;q=0.8',
  'user-agent' => 'Mozilla/5.0 (Macintosh; Intel Mac OS X 10_13_6) AppleWebKit/537.36 (KHTML, like Gecko) Chrome/69.0.3497.100 Safari/537.36',
  'upgrade-insecure-requests' => '1',
  'connection' => 'keep-alive',
  'host' => 'h5.phmovie.net',
  'content-type' => '',
  'content-length' => '',
)
[ info ] [ PARAM ] array (
  'phase_id' => '7',
  'bigGame_id' => '3',
)
[ info ] [ DB ] INIT mysql
[ info ] [ RUN ] app\football\controller\GameLive->liveList[ /www/h5/application/football/controller/GameLive.php ]
[ info ] [ VIEW ] /www/h5/public/../application/football/view/game_live/live_list.html [ array (
  0 => 'list',
  1 => 'bigGame_id',
  2 => 'phase_id',
) ]
[ info ] [ LOG ] INIT File
---------------------------------------------------------------
[ 2018-10-22T16:35:00+08:00 ] 111.125.82.182 GET /football/game_live/livelist/phase_id/7/bigGame_id/3.html
[ info ] h5.phmovie.net/football/game_live/livelist/phase_id/7/bigGame_id/3.html [运行时间：0.246175s][吞吐率：4.06req/s] [内存消耗：2,517.91kb] [文件加载：50]
[ info ] [ LANG ] /www/h5/thinkphp/lang/zh-cn.php
[ info ] [ ROUTE ] array (
  'type' => 'module',
  'module' => 
  array (
    0 => 'football',
    1 => 'game_live',
    2 => 'livelist',
  ),
)
[ info ] [ HEADER ] array (
  'cookie' => 'pgv_pvi=1776662528; pgv_si=s522431488; username=admin',
  'accept-language' => 'zh-CN,zh;q=0.9',
  'accept-encoding' => 'gzip, deflate',
  'referer' => 'http://h5.phmovie.net/ymq/index/index.html',
  'accept' => 'text/html,application/xhtml+xml,application/xml;q=0.9,image/webp,image/apng,*/*;q=0.8',
  'user-agent' => 'Mozilla/5.0 (Macintosh; Intel Mac OS X 10_13_6) AppleWebKit/537.36 (KHTML, like Gecko) Chrome/69.0.3497.100 Safari/537.36',
  'upgrade-insecure-requests' => '1',
  'connection' => 'keep-alive',
  'host' => 'h5.phmovie.net',
  'content-type' => '',
  'content-length' => '',
)
[ info ] [ PARAM ] array (
  'phase_id' => '7',
  'bigGame_id' => '3',
)
[ info ] [ DB ] INIT mysql
[ info ] [ RUN ] app\football\controller\GameLive->liveList[ /www/h5/application/football/controller/GameLive.php ]
[ info ] [ VIEW ] /www/h5/public/../application/football/view/game_live/live_list.html [ array (
  0 => 'list',
  1 => 'bigGame_id',
  2 => 'phase_id',
) ]
[ info ] [ LOG ] INIT File
---------------------------------------------------------------
[ 2018-10-22T16:35:05+08:00 ] 111.125.82.182 GET /football/game_live/livelist/phase_id/8/bigGame_id/3.html
[ info ] h5.phmovie.net/football/game_live/livelist/phase_id/8/bigGame_id/3.html [运行时间：0.297458s][吞吐率：3.36req/s] [内存消耗：2,523.01kb] [文件加载：50]
[ info ] [ LANG ] /www/h5/thinkphp/lang/zh-cn.php
[ info ] [ ROUTE ] array (
  'type' => 'module',
  'module' => 
  array (
    0 => 'football',
    1 => 'game_live',
    2 => 'livelist',
  ),
)
[ info ] [ HEADER ] array (
  'cookie' => 'pgv_pvi=1776662528; pgv_si=s522431488; username=admin',
  'accept-language' => 'zh-CN,zh;q=0.9',
  'accept-encoding' => 'gzip, deflate',
  'referer' => 'http://h5.phmovie.net/ymq/index/index.html',
  'accept' => 'text/html,application/xhtml+xml,application/xml;q=0.9,image/webp,image/apng,*/*;q=0.8',
  'user-agent' => 'Mozilla/5.0 (Macintosh; Intel Mac OS X 10_13_6) AppleWebKit/537.36 (KHTML, like Gecko) Chrome/69.0.3497.100 Safari/537.36',
  'upgrade-insecure-requests' => '1',
  'connection' => 'keep-alive',
  'host' => 'h5.phmovie.net',
  'content-type' => '',
  'content-length' => '',
)
[ info ] [ PARAM ] array (
  'phase_id' => '8',
  'bigGame_id' => '3',
)
[ info ] [ DB ] INIT mysql
[ info ] [ RUN ] app\football\controller\GameLive->liveList[ /www/h5/application/football/controller/GameLive.php ]
[ info ] [ VIEW ] /www/h5/public/../application/football/view/game_live/live_list.html [ array (
  0 => 'list',
  1 => 'bigGame_id',
  2 => 'phase_id',
) ]
[ info ] [ LOG ] INIT File
---------------------------------------------------------------
[ 2018-10-22T16:35:16+08:00 ] 111.125.82.182 GET /football/game_phase/phaselist/id/2.html
[ info ] h5.phmovie.net/football/game_phase/phaselist/id/2.html [运行时间：0.095310s][吞吐率：10.49req/s] [内存消耗：2,450.47kb] [文件加载：50]
[ info ] [ LANG ] /www/h5/thinkphp/lang/zh-cn.php
[ info ] [ ROUTE ] array (
  'type' => 'module',
  'module' => 
  array (
    0 => 'football',
    1 => 'game_phase',
    2 => 'phaselist',
  ),
)
[ info ] [ HEADER ] array (
  'cookie' => 'pgv_pvi=1776662528; pgv_si=s522431488; username=admin',
  'accept-language' => 'zh-CN,zh;q=0.9',
  'accept-encoding' => 'gzip, deflate',
  'referer' => 'http://h5.phmovie.net/ymq/index/index.html',
  'accept' => 'text/html,application/xhtml+xml,application/xml;q=0.9,image/webp,image/apng,*/*;q=0.8',
  'user-agent' => 'Mozilla/5.0 (Macintosh; Intel Mac OS X 10_13_6) AppleWebKit/537.36 (KHTML, like Gecko) Chrome/69.0.3497.100 Safari/537.36',
  'upgrade-insecure-requests' => '1',
  'connection' => 'keep-alive',
  'host' => 'h5.phmovie.net',
  'content-type' => '',
  'content-length' => '',
)
[ info ] [ PARAM ] array (
  'id' => '2',
)
[ info ] [ DB ] INIT mysql
[ info ] [ RUN ] app\football\controller\GamePhase->phaseList[ /www/h5/application/football/controller/GamePhase.php ]
[ info ] [ VIEW ] /www/h5/public/../application/football/view/game_phase/phase_list.html [ array (
  0 => 'bigGame_id',
  1 => 'list',
) ]
[ info ] [ LOG ] INIT File
---------------------------------------------------------------
[ 2018-10-22T16:35:19+08:00 ] 111.125.82.182 GET /ymq/index/index.html
[ info ] h5.phmovie.net/ymq/index/index.html [运行时间：0.197524s][吞吐率：5.06req/s] [内存消耗：2,539.05kb] [文件加载：53]
[ info ] [ LANG ] /www/h5/thinkphp/lang/zh-cn.php
[ info ] [ ROUTE ] array (
  'type' => 'module',
  'module' => 
  array (
    0 => 'ymq',
    1 => 'index',
    2 => 'index',
  ),
)
[ info ] [ HEADER ] array (
  'cookie' => 'pgv_pvi=1776662528; pgv_si=s522431488; username=admin',
  'accept-language' => 'zh-CN,zh;q=0.9',
  'accept-encoding' => 'gzip, deflate',
  'referer' => 'http://h5.phmovie.net/ymq/login/index.html',
  'accept' => 'text/html,application/xhtml+xml,application/xml;q=0.9,image/webp,image/apng,*/*;q=0.8',
  'user-agent' => 'Mozilla/5.0 (Macintosh; Intel Mac OS X 10_13_6) AppleWebKit/537.36 (KHTML, like Gecko) Chrome/69.0.3497.100 Safari/537.36',
  'upgrade-insecure-requests' => '1',
  'cache-control' => 'max-age=0',
  'connection' => 'keep-alive',
  'host' => 'h5.phmovie.net',
  'content-type' => '',
  'content-length' => '',
)
[ info ] [ PARAM ] array (
)
[ info ] [ RUN ] app\ymq\controller\Index->index[ /www/h5/application/ymq/controller/Index.php ]
[ info ] [ DB ] INIT mysql
[ info ] [ VIEW ] /www/h5/public/../application/ymq/view/index/index.html [ array (
  0 => 'result',
) ]
[ info ] [ LOG ] INIT File
[ sql ] [ DB ] CONNECT:[ UseTime:0.035356s ] mysql:host=154.223.65.38;dbname=h5_admin;charset=utf8
[ sql ] [ SQL ] SHOW COLUMNS FROM `admin_user` [ RunTime:0.023946s ]
[ sql ] [ SQL ] SELECT `id` FROM `admin_user` WHERE  `username` = 'admin' LIMIT 1 [ RunTime:0.023583s ]
[ sql ] [ SQL ] SELECT `a`.*,`b`.`group_id`,`c`.`rules` FROM `admin_user` `a` INNER JOIN `admin_group_access` `b` ON `a`.`id`=`b`.`uid` INNER JOIN `admin_role_group` `c` ON `b`.`group_id`=`c`.`id` WHERE  `a`.`id` = 1 LIMIT 1 [ RunTime:0.024192s ]
[ sql ] [ SQL ] SHOW COLUMNS FROM `admin_rule` [ RunTime:0.024959s ]
[ sql ] [ SQL ] SELECT * FROM `admin_rule` WHERE  (  p_id = 0 ) ORDER BY `id` ASC [ RunTime:0.023939s ]
[ sql ] [ SQL ] SELECT * FROM `admin_rule` WHERE  (  p_id != 0 and is_show = 1 ) ORDER BY `id` ASC [ RunTime:0.024000s ]
---------------------------------------------------------------
[ 2018-10-22T16:35:19+08:00 ] 111.125.82.182 GET /ymq/index/welcome.html
[ info ] h5.phmovie.net/ymq/index/welcome.html [运行时间：0.011749s][吞吐率：85.11req/s] [内存消耗：1,560.88kb] [文件加载：41]
[ info ] [ LANG ] /www/h5/thinkphp/lang/zh-cn.php
[ info ] [ ROUTE ] array (
  'type' => 'module',
  'module' => 
  array (
    0 => 'ymq',
    1 => 'index',
    2 => 'welcome',
  ),
)
[ info ] [ HEADER ] array (
  'cookie' => 'pgv_pvi=1776662528; pgv_si=s522431488; username=admin',
  'accept-language' => 'zh-CN,zh;q=0.9',
  'accept-encoding' => 'gzip, deflate',
  'referer' => 'http://h5.phmovie.net/ymq/index/index.html',
  'accept' => 'text/html,application/xhtml+xml,application/xml;q=0.9,image/webp,image/apng,*/*;q=0.8',
  'user-agent' => 'Mozilla/5.0 (Macintosh; Intel Mac OS X 10_13_6) AppleWebKit/537.36 (KHTML, like Gecko) Chrome/69.0.3497.100 Safari/537.36',
  'upgrade-insecure-requests' => '1',
  'connection' => 'keep-alive',
  'host' => 'h5.phmovie.net',
  'content-type' => '',
  'content-length' => '',
)
[ info ] [ PARAM ] array (
)
[ info ] [ RUN ] app\ymq\controller\Index->welcome[ /www/h5/application/ymq/controller/Index.php ]
[ info ] [ LOG ] INIT File
---------------------------------------------------------------
[ 2018-10-22T16:35:21+08:00 ] 111.125.82.182 GET /tennis/big_Game/bigGameList
[ info ] h5.phmovie.net/tennis/big_Game/bigGameList [运行时间：0.016765s][吞吐率：59.65req/s] [内存消耗：1,286.53kb] [文件加载：35]
[ info ] [ LANG ] /www/h5/thinkphp/lang/zh-cn.php
[ info ] [ ROUTE ] array (
  'type' => 'module',
  'module' => 
  array (
    0 => 'tennis',
    1 => 'big_Game',
    2 => 'bigGameList',
  ),
)
[ info ] [ HEADER ] array (
  'cookie' => 'pgv_pvi=1776662528; pgv_si=s522431488; username=admin',
  'accept-language' => 'zh-CN,zh;q=0.9',
  'accept-encoding' => 'gzip, deflate',
  'referer' => 'http://h5.phmovie.net/ymq/index/index.html',
  'accept' => 'text/html,application/xhtml+xml,application/xml;q=0.9,image/webp,image/apng,*/*;q=0.8',
  'user-agent' => 'Mozilla/5.0 (Macintosh; Intel Mac OS X 10_13_6) AppleWebKit/537.36 (KHTML, like Gecko) Chrome/69.0.3497.100 Safari/537.36',
  'upgrade-insecure-requests' => '1',
  'connection' => 'keep-alive',
  'host' => 'h5.phmovie.net',
  'content-type' => '',
  'content-length' => '',
)
[ info ] [ PARAM ] array (
)
[ info ] [ LOG ] INIT File
---------------------------------------------------------------
[ 2018-10-22T16:35:25+08:00 ] 111.125.82.182 GET /football/big_Game/bigGameList
[ info ] h5.phmovie.net/football/big_Game/bigGameList [运行时间：0.091464s][吞吐率：10.93req/s] [内存消耗：2,449.28kb] [文件加载：50]
[ info ] [ LANG ] /www/h5/thinkphp/lang/zh-cn.php
[ info ] [ ROUTE ] array (
  'type' => 'module',
  'module' => 
  array (
    0 => 'football',
    1 => 'big_Game',
    2 => 'bigGameList',
  ),
)
[ info ] [ HEADER ] array (
  'cookie' => 'pgv_pvi=1776662528; pgv_si=s522431488; username=admin',
  'accept-language' => 'zh-CN,zh;q=0.9',
  'accept-encoding' => 'gzip, deflate',
  'referer' => 'http://h5.phmovie.net/ymq/index/index.html',
  'accept' => 'text/html,application/xhtml+xml,application/xml;q=0.9,image/webp,image/apng,*/*;q=0.8',
  'user-agent' => 'Mozilla/5.0 (Macintosh; Intel Mac OS X 10_13_6) AppleWebKit/537.36 (KHTML, like Gecko) Chrome/69.0.3497.100 Safari/537.36',
  'upgrade-insecure-requests' => '1',
  'connection' => 'keep-alive',
  'host' => 'h5.phmovie.net',
  'content-type' => '',
  'content-length' => '',
)
[ info ] [ PARAM ] array (
)
[ info ] [ DB ] INIT mysql
[ info ] [ RUN ] app\football\controller\BigGame->bigGameList[ /www/h5/application/football/controller/BigGame.php ]
[ info ] [ VIEW ] /www/h5/public/../application/football/view/big_game/big_game_list.html [ array (
  0 => 'list',
) ]
[ info ] [ LOG ] INIT File
---------------------------------------------------------------
[ 2018-10-22T16:37:23+08:00 ] 111.125.82.182 GET /football/game_phase/phaselist/id/3.html
[ info ] h5.phmovie.net/football/game_phase/phaselist/id/3.html [运行时间：0.088609s][吞吐率：11.29req/s] [内存消耗：2,452.66kb] [文件加载：50]
[ info ] [ LANG ] /www/h5/thinkphp/lang/zh-cn.php
[ info ] [ ROUTE ] array (
  'type' => 'module',
  'module' => 
  array (
    0 => 'football',
    1 => 'game_phase',
    2 => 'phaselist',
  ),
)
[ info ] [ HEADER ] array (
  'cookie' => 'pgv_pvi=1776662528; pgv_si=s522431488; username=admin',
  'accept-language' => 'zh-CN,zh;q=0.9',
  'accept-encoding' => 'gzip, deflate',
  'referer' => 'http://h5.phmovie.net/ymq/index/index.html',
  'accept' => 'text/html,application/xhtml+xml,application/xml;q=0.9,image/webp,image/apng,*/*;q=0.8',
  'user-agent' => 'Mozilla/5.0 (Macintosh; Intel Mac OS X 10_13_6) AppleWebKit/537.36 (KHTML, like Gecko) Chrome/69.0.3497.100 Safari/537.36',
  'upgrade-insecure-requests' => '1',
  'connection' => 'keep-alive',
  'host' => 'h5.phmovie.net',
  'content-type' => '',
  'content-length' => '',
)
[ info ] [ PARAM ] array (
  'id' => '3',
)
[ info ] [ DB ] INIT mysql
[ info ] [ RUN ] app\football\controller\GamePhase->phaseList[ /www/h5/application/football/controller/GamePhase.php ]
[ info ] [ VIEW ] /www/h5/public/../application/football/view/game_phase/phase_list.html [ array (
  0 => 'bigGame_id',
  1 => 'list',
) ]
[ info ] [ LOG ] INIT File
---------------------------------------------------------------
[ 2018-10-22T16:37:30+08:00 ] 111.125.82.182 GET /football/game_phase/phaselist/id/2.html
[ info ] h5.phmovie.net/football/game_phase/phaselist/id/2.html [运行时间：0.093481s][吞吐率：10.70req/s] [内存消耗：2,450.47kb] [文件加载：50]
[ info ] [ LANG ] /www/h5/thinkphp/lang/zh-cn.php
[ info ] [ ROUTE ] array (
  'type' => 'module',
  'module' => 
  array (
    0 => 'football',
    1 => 'game_phase',
    2 => 'phaselist',
  ),
)
[ info ] [ HEADER ] array (
  'cookie' => 'pgv_pvi=1776662528; pgv_si=s522431488; username=admin',
  'accept-language' => 'zh-CN,zh;q=0.9',
  'accept-encoding' => 'gzip, deflate',
  'referer' => 'http://h5.phmovie.net/ymq/index/index.html',
  'accept' => 'text/html,application/xhtml+xml,application/xml;q=0.9,image/webp,image/apng,*/*;q=0.8',
  'user-agent' => 'Mozilla/5.0 (Macintosh; Intel Mac OS X 10_13_6) AppleWebKit/537.36 (KHTML, like Gecko) Chrome/69.0.3497.100 Safari/537.36',
  'upgrade-insecure-requests' => '1',
  'connection' => 'keep-alive',
  'host' => 'h5.phmovie.net',
  'content-type' => '',
  'content-length' => '',
)
[ info ] [ PARAM ] array (
  'id' => '2',
)
[ info ] [ DB ] INIT mysql
[ info ] [ RUN ] app\football\controller\GamePhase->phaseList[ /www/h5/application/football/controller/GamePhase.php ]
[ info ] [ VIEW ] /www/h5/public/../application/football/view/game_phase/phase_list.html [ array (
  0 => 'bigGame_id',
  1 => 'list',
) ]
[ info ] [ LOG ] INIT File
---------------------------------------------------------------
[ 2018-10-22T17:34:52+08:00 ] 111.125.82.182 GET h5.phmovie.net/football/game_phase/phaselist/id/3.html
[运行时间：0.195998s] [吞吐率：5.10req/s] [内存消耗：2,467.12kb] [文件加载：50]
[ info ] [ LANG ] /www/h5/thinkphp/lang/zh-cn.php
[ info ] [ ROUTE ] array (
  'type' => 'module',
  'module' => 
  array (
    0 => 'football',
    1 => 'game_phase',
    2 => 'phaselist',
  ),
)
[ info ] [ HEADER ] array (
  'cookie' => 'pgv_pvi=1776662528; pgv_si=s522431488',
  'accept-language' => 'zh-CN,zh;q=0.9',
  'accept-encoding' => 'gzip, deflate',
  'referer' => 'http://h5.phmovie.net/ymq/index/index.html',
  'accept' => 'text/html,application/xhtml+xml,application/xml;q=0.9,image/webp,image/apng,*/*;q=0.8',
  'user-agent' => 'Mozilla/5.0 (Macintosh; Intel Mac OS X 10_13_6) AppleWebKit/537.36 (KHTML, like Gecko) Chrome/69.0.3497.100 Safari/537.36',
  'upgrade-insecure-requests' => '1',
  'connection' => 'keep-alive',
  'host' => 'h5.phmovie.net',
  'content-type' => '',
  'content-length' => '',
)
[ info ] [ PARAM ] array (
  'id' => '3',
)
[ info ] [ DB ] INIT mysql
[ info ] [ RUN ] app\football\controller\GamePhase->phaseList[ /www/h5/application/football/controller/GamePhase.php ]
[ info ] [ VIEW ] /www/h5/public/../application/football/view/game_phase/phase_list.html [ array (
  0 => 'bigGame_id',
  1 => 'list',
) ]
[ info ] [ LOG ] INIT File
---------------------------------------------------------------
[ 2018-10-22T17:34:55+08:00 ] 111.125.82.182 GET h5.phmovie.net/football/game_live/livelist/phase_id/8/bigGame_id/3.html
[运行时间：0.266321s] [吞吐率：3.75req/s] [内存消耗：2,544.79kb] [文件加载：50]
[ info ] [ LANG ] /www/h5/thinkphp/lang/zh-cn.php
[ info ] [ ROUTE ] array (
  'type' => 'module',
  'module' => 
  array (
    0 => 'football',
    1 => 'game_live',
    2 => 'livelist',
  ),
)
[ info ] [ HEADER ] array (
  'cookie' => 'pgv_pvi=1776662528; pgv_si=s522431488',
  'accept-language' => 'zh-CN,zh;q=0.9',
  'accept-encoding' => 'gzip, deflate',
  'referer' => 'http://h5.phmovie.net/ymq/index/index.html',
  'accept' => 'text/html,application/xhtml+xml,application/xml;q=0.9,image/webp,image/apng,*/*;q=0.8',
  'user-agent' => 'Mozilla/5.0 (Macintosh; Intel Mac OS X 10_13_6) AppleWebKit/537.36 (KHTML, like Gecko) Chrome/69.0.3497.100 Safari/537.36',
  'upgrade-insecure-requests' => '1',
  'connection' => 'keep-alive',
  'host' => 'h5.phmovie.net',
  'content-type' => '',
  'content-length' => '',
)
[ info ] [ PARAM ] array (
  'phase_id' => '8',
  'bigGame_id' => '3',
)
[ info ] [ DB ] INIT mysql
[ info ] [ RUN ] app\football\controller\GameLive->liveList[ /www/h5/application/football/controller/GameLive.php ]
[ info ] [ VIEW ] /www/h5/public/../application/football/view/game_live/live_list.html [ array (
  0 => 'list',
  1 => 'bigGame_id',
  2 => 'phase_id',
) ]
[ info ] [ LOG ] INIT File
---------------------------------------------------------------
[ 2018-10-22T17:34:58+08:00 ] 111.125.82.182 GET h5.phmovie.net/football/game_live/live/id/18.html
[运行时间：0.098434s] [吞吐率：10.16req/s] [内存消耗：2,538.71kb] [文件加载：50]
[ info ] [ LANG ] /www/h5/thinkphp/lang/zh-cn.php
[ info ] [ ROUTE ] array (
  'type' => 'module',
  'module' => 
  array (
    0 => 'football',
    1 => 'game_live',
    2 => 'live',
  ),
)
[ info ] [ HEADER ] array (
  'cookie' => 'pgv_pvi=1776662528; pgv_si=s522431488',
  'accept-language' => 'zh-CN,zh;q=0.9',
  'accept-encoding' => 'gzip, deflate',
  'referer' => 'http://h5.phmovie.net/football/game_live/livelist/phase_id/8/bigGame_id/3.html',
  'accept' => 'text/html,application/xhtml+xml,application/xml;q=0.9,image/webp,image/apng,*/*;q=0.8',
  'user-agent' => 'Mozilla/5.0 (Macintosh; Intel Mac OS X 10_13_6) AppleWebKit/537.36 (KHTML, like Gecko) Chrome/69.0.3497.100 Safari/537.36',
  'upgrade-insecure-requests' => '1',
  'connection' => 'keep-alive',
  'host' => 'h5.phmovie.net',
  'content-type' => '',
  'content-length' => '',
)
[ info ] [ PARAM ] array (
  'id' => '18',
)
[ info ] [ DB ] INIT mysql
[ info ] [ RUN ] app\football\controller\GameLive->live[ /www/h5/application/football/controller/GameLive.php ]
[ info ] [ VIEW ] /www/h5/public/../application/football/view/game_live/live.html [ array (
  0 => 'bigGame_id',
  1 => 'phase_id',
  2 => 'one',
) ]
[ info ] [ LOG ] INIT File
---------------------------------------------------------------
[ 2018-10-22T17:35:31+08:00 ] 111.125.82.182 POST h5.phmovie.net/football/game_live/live.html
[运行时间：1.071410s] [吞吐率：0.93req/s] [内存消耗：2,910.48kb] [文件加载：60]
[ info ] [ LANG ] /www/h5/thinkphp/lang/zh-cn.php
[ info ] [ ROUTE ] array (
  'type' => 'module',
  'module' => 
  array (
    0 => 'football',
    1 => 'game_live',
    2 => 'live',
  ),
)
[ info ] [ HEADER ] array (
  'cookie' => 'pgv_pvi=1776662528; pgv_si=s522431488',
  'accept-language' => 'zh-CN,zh;q=0.9',
  'accept-encoding' => 'gzip, deflate',
  'referer' => 'http://h5.phmovie.net/football/game_live/live/id/18.html',
  'content-type' => 'application/x-www-form-urlencoded; charset=UTF-8',
  'user-agent' => 'Mozilla/5.0 (Macintosh; Intel Mac OS X 10_13_6) AppleWebKit/537.36 (KHTML, like Gecko) Chrome/69.0.3497.100 Safari/537.36',
  'x-requested-with' => 'XMLHttpRequest',
  'origin' => 'http://h5.phmovie.net',
  'accept' => 'application/json, text/javascript, */*; q=0.01',
  'content-length' => '278',
  'connection' => 'keep-alive',
  'host' => 'h5.phmovie.net',
)
[ info ] [ PARAM ] array (
  'start_time' => '2018-10-22 10:00:00',
  'is_show_index' => '0',
  'play_a_name' => '罗马尼亚',
  'play_b_name' => '土耳其',
  'analysis_type' => '1',
  'bofang_type' => '2',
  'liveUrl' => 'https://www.huya.com/saonan',
  'live_notice' => '',
  'a_win_num' => '',
  'b_win_num' => '',
  'id' => '18',
  'bigGame_id' => '3',
  'phase_id' => '8',
)
[ info ] [ DB ] INIT mysql
[ info ] [ RUN ] app\football\controller\GameLive->live[ /www/h5/application/football/controller/GameLive.php ]
[ info ] [ CACHE ] INIT File
[ info ] [ LOG ] INIT File
---------------------------------------------------------------
[ 2018-10-22T17:35:34+08:00 ] 111.125.82.182 GET h5.phmovie.net/football/game_live/livelist/bigGame_id/3/phase_id/8.html
[运行时间：0.289953s] [吞吐率：3.45req/s] [内存消耗：2,544.97kb] [文件加载：50]
[ info ] [ LANG ] /www/h5/thinkphp/lang/zh-cn.php
[ info ] [ ROUTE ] array (
  'type' => 'module',
  'module' => 
  array (
    0 => 'football',
    1 => 'game_live',
    2 => 'livelist',
  ),
)
[ info ] [ HEADER ] array (
  'cookie' => 'pgv_pvi=1776662528; pgv_si=s522431488',
  'accept-language' => 'zh-CN,zh;q=0.9',
  'accept-encoding' => 'gzip, deflate',
  'referer' => 'http://h5.phmovie.net/football/game_live/live/id/18.html',
  'accept' => 'text/html,application/xhtml+xml,application/xml;q=0.9,image/webp,image/apng,*/*;q=0.8',
  'user-agent' => 'Mozilla/5.0 (Macintosh; Intel Mac OS X 10_13_6) AppleWebKit/537.36 (KHTML, like Gecko) Chrome/69.0.3497.100 Safari/537.36',
  'upgrade-insecure-requests' => '1',
  'connection' => 'keep-alive',
  'host' => 'h5.phmovie.net',
  'content-type' => '',
  'content-length' => '',
)
[ info ] [ PARAM ] array (
  'bigGame_id' => '3',
  'phase_id' => '8',
)
[ info ] [ DB ] INIT mysql
[ info ] [ RUN ] app\football\controller\GameLive->liveList[ /www/h5/application/football/controller/GameLive.php ]
[ info ] [ VIEW ] /www/h5/public/../application/football/view/game_live/live_list.html [ array (
  0 => 'list',
  1 => 'bigGame_id',
  2 => 'phase_id',
) ]
[ info ] [ LOG ] INIT File
---------------------------------------------------------------
[ 2018-10-22T17:37:48+08:00 ] 111.125.82.182 GET h5.phmovie.net/football/game_live/live/id/18.html
[运行时间：0.100952s] [吞吐率：9.91req/s] [内存消耗：2,538.73kb] [文件加载：50]
[ info ] [ LANG ] /www/h5/thinkphp/lang/zh-cn.php
[ info ] [ ROUTE ] array (
  'type' => 'module',
  'module' => 
  array (
    0 => 'football',
    1 => 'game_live',
    2 => 'live',
  ),
)
[ info ] [ HEADER ] array (
  'cookie' => 'pgv_pvi=1776662528; pgv_si=s522431488',
  'accept-language' => 'zh-CN,zh;q=0.9',
  'accept-encoding' => 'gzip, deflate',
  'referer' => 'http://h5.phmovie.net/football/game_live/livelist/bigGame_id/3/phase_id/8.html',
  'accept' => 'text/html,application/xhtml+xml,application/xml;q=0.9,image/webp,image/apng,*/*;q=0.8',
  'user-agent' => 'Mozilla/5.0 (Macintosh; Intel Mac OS X 10_13_6) AppleWebKit/537.36 (KHTML, like Gecko) Chrome/69.0.3497.100 Safari/537.36',
  'upgrade-insecure-requests' => '1',
  'connection' => 'keep-alive',
  'host' => 'h5.phmovie.net',
  'content-type' => '',
  'content-length' => '',
)
[ info ] [ PARAM ] array (
  'id' => '18',
)
[ info ] [ DB ] INIT mysql
[ info ] [ RUN ] app\football\controller\GameLive->live[ /www/h5/application/football/controller/GameLive.php ]
[ info ] [ VIEW ] /www/h5/public/../application/football/view/game_live/live.html [ array (
  0 => 'bigGame_id',
  1 => 'phase_id',
  2 => 'one',
) ]
[ info ] [ LOG ] INIT File
---------------------------------------------------------------
[ 2018-10-22T17:37:54+08:00 ] 111.125.82.182 POST h5.phmovie.net/football/game_live/live.html
[运行时间：0.868939s] [吞吐率：1.15req/s] [内存消耗：2,910.48kb] [文件加载：60]
[ info ] [ LANG ] /www/h5/thinkphp/lang/zh-cn.php
[ info ] [ ROUTE ] array (
  'type' => 'module',
  'module' => 
  array (
    0 => 'football',
    1 => 'game_live',
    2 => 'live',
  ),
)
[ info ] [ HEADER ] array (
  'cookie' => 'pgv_pvi=1776662528; pgv_si=s522431488',
  'accept-language' => 'zh-CN,zh;q=0.9',
  'accept-encoding' => 'gzip, deflate',
  'referer' => 'http://h5.phmovie.net/football/game_live/live/id/18.html',
  'content-type' => 'application/x-www-form-urlencoded; charset=UTF-8',
  'user-agent' => 'Mozilla/5.0 (Macintosh; Intel Mac OS X 10_13_6) AppleWebKit/537.36 (KHTML, like Gecko) Chrome/69.0.3497.100 Safari/537.36',
  'x-requested-with' => 'XMLHttpRequest',
  'origin' => 'http://h5.phmovie.net',
  'accept' => 'application/json, text/javascript, */*; q=0.01',
  'content-length' => '278',
  'connection' => 'keep-alive',
  'host' => 'h5.phmovie.net',
)
[ info ] [ PARAM ] array (
  'start_time' => '2018-10-22 10:00:00',
  'is_show_index' => '1',
  'play_a_name' => '罗马尼亚',
  'play_b_name' => '土耳其',
  'analysis_type' => '1',
  'bofang_type' => '2',
  'liveUrl' => 'https://www.huya.com/saonan',
  'live_notice' => '',
  'a_win_num' => '',
  'b_win_num' => '',
  'id' => '18',
  'bigGame_id' => '3',
  'phase_id' => '8',
)
[ info ] [ DB ] INIT mysql
[ info ] [ RUN ] app\football\controller\GameLive->live[ /www/h5/application/football/controller/GameLive.php ]
[ info ] [ CACHE ] INIT File
[ info ] [ LOG ] INIT File
---------------------------------------------------------------
[ 2018-10-22T17:37:57+08:00 ] 111.125.82.182 GET h5.phmovie.net/football/game_live/livelist/bigGame_id/3/phase_id/8.html
[运行时间：0.292808s] [吞吐率：3.42req/s] [内存消耗：2,544.97kb] [文件加载：50]
[ info ] [ LANG ] /www/h5/thinkphp/lang/zh-cn.php
[ info ] [ ROUTE ] array (
  'type' => 'module',
  'module' => 
  array (
    0 => 'football',
    1 => 'game_live',
    2 => 'livelist',
  ),
)
[ info ] [ HEADER ] array (
  'cookie' => 'pgv_pvi=1776662528; pgv_si=s522431488',
  'accept-language' => 'zh-CN,zh;q=0.9',
  'accept-encoding' => 'gzip, deflate',
  'referer' => 'http://h5.phmovie.net/football/game_live/live/id/18.html',
  'accept' => 'text/html,application/xhtml+xml,application/xml;q=0.9,image/webp,image/apng,*/*;q=0.8',
  'user-agent' => 'Mozilla/5.0 (Macintosh; Intel Mac OS X 10_13_6) AppleWebKit/537.36 (KHTML, like Gecko) Chrome/69.0.3497.100 Safari/537.36',
  'upgrade-insecure-requests' => '1',
  'connection' => 'keep-alive',
  'host' => 'h5.phmovie.net',
  'content-type' => '',
  'content-length' => '',
)
[ info ] [ PARAM ] array (
  'bigGame_id' => '3',
  'phase_id' => '8',
)
[ info ] [ DB ] INIT mysql
[ info ] [ RUN ] app\football\controller\GameLive->liveList[ /www/h5/application/football/controller/GameLive.php ]
[ info ] [ VIEW ] /www/h5/public/../application/football/view/game_live/live_list.html [ array (
  0 => 'list',
  1 => 'bigGame_id',
  2 => 'phase_id',
) ]
[ info ] [ LOG ] INIT File
---------------------------------------------------------------
[ 2018-10-22T17:40:49+08:00 ] 111.125.82.182 GET h5.phmovie.net/football/game_live/livelist/phase_id/7/bigGame_id/3.html
[运行时间：0.250216s] [吞吐率：4.00req/s] [内存消耗：2,539.69kb] [文件加载：50]
[ info ] [ LANG ] /www/h5/thinkphp/lang/zh-cn.php
[ info ] [ ROUTE ] array (
  'type' => 'module',
  'module' => 
  array (
    0 => 'football',
    1 => 'game_live',
    2 => 'livelist',
  ),
)
[ info ] [ HEADER ] array (
  'cookie' => 'pgv_pvi=1776662528; pgv_si=s522431488',
  'accept-language' => 'zh-CN,zh;q=0.9',
  'accept-encoding' => 'gzip, deflate',
  'referer' => 'http://h5.phmovie.net/ymq/index/index.html',
  'accept' => 'text/html,application/xhtml+xml,application/xml;q=0.9,image/webp,image/apng,*/*;q=0.8',
  'user-agent' => 'Mozilla/5.0 (Macintosh; Intel Mac OS X 10_13_6) AppleWebKit/537.36 (KHTML, like Gecko) Chrome/69.0.3497.100 Safari/537.36',
  'upgrade-insecure-requests' => '1',
  'connection' => 'keep-alive',
  'host' => 'h5.phmovie.net',
  'content-type' => '',
  'content-length' => '',
)
[ info ] [ PARAM ] array (
  'phase_id' => '7',
  'bigGame_id' => '3',
)
[ info ] [ DB ] INIT mysql
[ info ] [ RUN ] app\football\controller\GameLive->liveList[ /www/h5/application/football/controller/GameLive.php ]
[ info ] [ VIEW ] /www/h5/public/../application/football/view/game_live/live_list.html [ array (
  0 => 'list',
  1 => 'bigGame_id',
  2 => 'phase_id',
) ]
[ info ] [ LOG ] INIT File
---------------------------------------------------------------
[ 2018-10-22T17:40:53+08:00 ] 111.125.82.182 GET h5.phmovie.net/football/game_live/live/id/15.html
[运行时间：0.095776s] [吞吐率：10.44req/s] [内存消耗：2,538.73kb] [文件加载：50]
[ info ] [ LANG ] /www/h5/thinkphp/lang/zh-cn.php
[ info ] [ ROUTE ] array (
  'type' => 'module',
  'module' => 
  array (
    0 => 'football',
    1 => 'game_live',
    2 => 'live',
  ),
)
[ info ] [ HEADER ] array (
  'cookie' => 'pgv_pvi=1776662528; pgv_si=s522431488',
  'accept-language' => 'zh-CN,zh;q=0.9',
  'accept-encoding' => 'gzip, deflate',
  'referer' => 'http://h5.phmovie.net/football/game_live/livelist/phase_id/7/bigGame_id/3.html',
  'accept' => 'text/html,application/xhtml+xml,application/xml;q=0.9,image/webp,image/apng,*/*;q=0.8',
  'user-agent' => 'Mozilla/5.0 (Macintosh; Intel Mac OS X 10_13_6) AppleWebKit/537.36 (KHTML, like Gecko) Chrome/69.0.3497.100 Safari/537.36',
  'upgrade-insecure-requests' => '1',
  'connection' => 'keep-alive',
  'host' => 'h5.phmovie.net',
  'content-type' => '',
  'content-length' => '',
)
[ info ] [ PARAM ] array (
  'id' => '15',
)
[ info ] [ DB ] INIT mysql
[ info ] [ RUN ] app\football\controller\GameLive->live[ /www/h5/application/football/controller/GameLive.php ]
[ info ] [ VIEW ] /www/h5/public/../application/football/view/game_live/live.html [ array (
  0 => 'bigGame_id',
  1 => 'phase_id',
  2 => 'one',
) ]
[ info ] [ LOG ] INIT File
---------------------------------------------------------------
[ 2018-10-22T17:41:32+08:00 ] 111.125.82.182 POST h5.phmovie.net/football/game_live/live.html
[运行时间：1.742388s] [吞吐率：0.57req/s] [内存消耗：2,910.48kb] [文件加载：60]
[ info ] [ LANG ] /www/h5/thinkphp/lang/zh-cn.php
[ info ] [ ROUTE ] array (
  'type' => 'module',
  'module' => 
  array (
    0 => 'football',
    1 => 'game_live',
    2 => 'live',
  ),
)
[ info ] [ HEADER ] array (
  'cookie' => 'pgv_pvi=1776662528; pgv_si=s522431488',
  'accept-language' => 'zh-CN,zh;q=0.9',
  'accept-encoding' => 'gzip, deflate',
  'referer' => 'http://h5.phmovie.net/football/game_live/live/id/15.html',
  'content-type' => 'application/x-www-form-urlencoded; charset=UTF-8',
  'user-agent' => 'Mozilla/5.0 (Macintosh; Intel Mac OS X 10_13_6) AppleWebKit/537.36 (KHTML, like Gecko) Chrome/69.0.3497.100 Safari/537.36',
  'x-requested-with' => 'XMLHttpRequest',
  'origin' => 'http://h5.phmovie.net',
  'accept' => 'application/json, text/javascript, */*; q=0.01',
  'content-length' => '253',
  'connection' => 'keep-alive',
  'host' => 'h5.phmovie.net',
)
[ info ] [ PARAM ] array (
  'start_time' => '2018-10-19 14:30:00',
  'is_show_index' => '1',
  'play_a_name' => '瑞士',
  'play_b_name' => '巴西',
  'analysis_type' => '1',
  'bofang_type' => '2',
  'liveUrl' => 'https://www.huya.com/11342412',
  'live_notice' => '',
  'a_win_num' => '',
  'b_win_num' => '',
  'id' => '15',
  'bigGame_id' => '3',
  'phase_id' => '7',
)
[ info ] [ DB ] INIT mysql
[ info ] [ RUN ] app\football\controller\GameLive->live[ /www/h5/application/football/controller/GameLive.php ]
[ info ] [ CACHE ] INIT File
[ info ] [ LOG ] INIT File
---------------------------------------------------------------
[ 2018-10-22T17:41:34+08:00 ] 111.125.82.182 GET h5.phmovie.net/football/game_live/livelist/bigGame_id/3/phase_id/7.html
[运行时间：0.250764s] [吞吐率：3.99req/s] [内存消耗：2,539.84kb] [文件加载：50]
[ info ] [ LANG ] /www/h5/thinkphp/lang/zh-cn.php
[ info ] [ ROUTE ] array (
  'type' => 'module',
  'module' => 
  array (
    0 => 'football',
    1 => 'game_live',
    2 => 'livelist',
  ),
)
[ info ] [ HEADER ] array (
  'cookie' => 'pgv_pvi=1776662528; pgv_si=s522431488',
  'accept-language' => 'zh-CN,zh;q=0.9',
  'accept-encoding' => 'gzip, deflate',
  'referer' => 'http://h5.phmovie.net/football/game_live/live/id/15.html',
  'accept' => 'text/html,application/xhtml+xml,application/xml;q=0.9,image/webp,image/apng,*/*;q=0.8',
  'user-agent' => 'Mozilla/5.0 (Macintosh; Intel Mac OS X 10_13_6) AppleWebKit/537.36 (KHTML, like Gecko) Chrome/69.0.3497.100 Safari/537.36',
  'upgrade-insecure-requests' => '1',
  'connection' => 'keep-alive',
  'host' => 'h5.phmovie.net',
  'content-type' => '',
  'content-length' => '',
)
[ info ] [ PARAM ] array (
  'bigGame_id' => '3',
  'phase_id' => '7',
)
[ info ] [ DB ] INIT mysql
[ info ] [ RUN ] app\football\controller\GameLive->liveList[ /www/h5/application/football/controller/GameLive.php ]
[ info ] [ VIEW ] /www/h5/public/../application/football/view/game_live/live_list.html [ array (
  0 => 'list',
  1 => 'bigGame_id',
  2 => 'phase_id',
) ]
[ info ] [ LOG ] INIT File
