---------------------------------------------------------------
[ 2018-09-05T11:22:01+08:00 ] 127.0.0.1 GET /ymq/index/index
[ info ] h5.cc:8080/ymq/index/index [运行时间：0.548784s][吞吐率：1.82req/s] [内存消耗：1,636.02kb] [文件加载：43]
[ info ] [ LANG ] E:\laragon\www\h5\thinkphp\lang\zh-cn.php
[ info ] [ ROUTE ] array (
  'type' => 'module',
  'module' => 
  array (
    0 => 'ymq',
    1 => 'index',
    2 => 'index',
  ),
)
[ info ] [ HEADER ] array (
  'accept-language' => 'zh-CN,zh;q=0.9',
  'accept-encoding' => 'gzip, deflate',
  'accept' => 'text/html,application/xhtml+xml,application/xml;q=0.9,image/webp,image/apng,*/*;q=0.8',
  'user-agent' => 'Mozilla/5.0 (Windows NT 10.0; Win64; x64) AppleWebKit/537.36 (KHTML, like Gecko) Chrome/68.0.3440.106 Safari/537.36',
  'upgrade-insecure-requests' => '1',
  'connection' => 'keep-alive',
  'host' => 'h5.cc:8080',
  'content-length' => '',
  'content-type' => '',
)
[ info ] [ PARAM ] array (
)
[ info ] [ RUN ] app\ymq\controller\Index->index[ E:\laragon\www\h5\application\ymq\controller\Index.php ]
[ info ] [ VIEW ] E:\laragon\www\h5\public/../application/ymq\view\index\index.html [ array (
) ]
[ info ] [ LOG ] INIT File
---------------------------------------------------------------
[ 2018-09-05T11:22:01+08:00 ] 127.0.0.1 GET /ymq/index/welcome.html
[ info ] h5.cc:8080/ymq/index/welcome.html [运行时间：0.034711s][吞吐率：28.81req/s] [内存消耗：1,557.20kb] [文件加载：40]
[ info ] [ LANG ] E:\laragon\www\h5\thinkphp\lang\zh-cn.php
[ info ] [ ROUTE ] array (
  'type' => 'module',
  'module' => 
  array (
    0 => 'ymq',
    1 => 'index',
    2 => 'welcome',
  ),
)
[ info ] [ HEADER ] array (
  'accept-language' => 'zh-CN,zh;q=0.9',
  'accept-encoding' => 'gzip, deflate',
  'referer' => 'http://h5.cc:8080/ymq/index/index',
  'accept' => 'text/html,application/xhtml+xml,application/xml;q=0.9,image/webp,image/apng,*/*;q=0.8',
  'user-agent' => 'Mozilla/5.0 (Windows NT 10.0; Win64; x64) AppleWebKit/537.36 (KHTML, like Gecko) Chrome/68.0.3440.106 Safari/537.36',
  'upgrade-insecure-requests' => '1',
  'connection' => 'keep-alive',
  'host' => 'h5.cc:8080',
  'content-length' => '',
  'content-type' => '',
)
[ info ] [ PARAM ] array (
)
[ info ] [ RUN ] app\ymq\controller\Index->welcome[ E:\laragon\www\h5\application\ymq\controller\Index.php ]
[ info ] [ LOG ] INIT File
---------------------------------------------------------------
[ 2018-09-05T11:22:05+08:00 ] 127.0.0.1 GET /ymq/match/matchlist.html
[ info ] h5.cc:8080/ymq/match/matchlist.html [运行时间：0.158367s][吞吐率：6.31req/s] [内存消耗：1,853.84kb] [文件加载：45]
[ info ] [ LANG ] E:\laragon\www\h5\thinkphp\lang\zh-cn.php
[ info ] [ ROUTE ] array (
  'type' => 'module',
  'module' => 
  array (
    0 => 'ymq',
    1 => 'match',
    2 => 'matchlist',
  ),
)
[ info ] [ HEADER ] array (
  'accept-language' => 'zh-CN,zh;q=0.9',
  'accept-encoding' => 'gzip, deflate',
  'referer' => 'http://h5.cc:8080/ymq/index/index',
  'accept' => 'text/html,application/xhtml+xml,application/xml;q=0.9,image/webp,image/apng,*/*;q=0.8',
  'user-agent' => 'Mozilla/5.0 (Windows NT 10.0; Win64; x64) AppleWebKit/537.36 (KHTML, like Gecko) Chrome/68.0.3440.106 Safari/537.36',
  'upgrade-insecure-requests' => '1',
  'connection' => 'keep-alive',
  'host' => 'h5.cc:8080',
  'content-length' => '',
  'content-type' => '',
)
[ info ] [ PARAM ] array (
)
[ info ] [ RUN ] app\ymq\controller\Match->matchList[ E:\laragon\www\h5\application\ymq\controller\Match.php ]
[ info ] [ VIEW ] E:\laragon\www\h5\public/../application/ymq\view\match\matchlist.html [ array (
) ]
[ info ] [ LOG ] INIT File
---------------------------------------------------------------
[ 2018-09-05T11:22:08+08:00 ] 127.0.0.1 GET /ymq/match/addmatch.html
[ info ] h5.cc:8080/ymq/match/addmatch.html [运行时间：0.056083s][吞吐率：17.83req/s] [内存消耗：1,848.55kb] [文件加载：45]
[ info ] [ LANG ] E:\laragon\www\h5\thinkphp\lang\zh-cn.php
[ info ] [ ROUTE ] array (
  'type' => 'module',
  'module' => 
  array (
    0 => 'ymq',
    1 => 'match',
    2 => 'addmatch',
  ),
)
[ info ] [ HEADER ] array (
  'accept-language' => 'zh-CN,zh;q=0.9',
  'accept-encoding' => 'gzip, deflate',
  'referer' => 'http://h5.cc:8080/ymq/index/index',
  'accept' => 'text/html,application/xhtml+xml,application/xml;q=0.9,image/webp,image/apng,*/*;q=0.8',
  'user-agent' => 'Mozilla/5.0 (Windows NT 10.0; Win64; x64) AppleWebKit/537.36 (KHTML, like Gecko) Chrome/68.0.3440.106 Safari/537.36',
  'upgrade-insecure-requests' => '1',
  'connection' => 'keep-alive',
  'host' => 'h5.cc:8080',
  'content-length' => '',
  'content-type' => '',
)
[ info ] [ PARAM ] array (
)
[ info ] [ RUN ] app\ymq\controller\Match->addMatch[ E:\laragon\www\h5\application\ymq\controller\Match.php ]
[ info ] [ VIEW ] E:\laragon\www\h5\public/../application/ymq\view\match\addmatch.html [ array (
) ]
[ info ] [ LOG ] INIT File
---------------------------------------------------------------
[ 2018-09-05T11:22:08+08:00 ] 127.0.0.1 GET /ymq/match/
[ info ] h5.cc:8080/ymq/match/ [运行时间：0.020857s][吞吐率：47.95req/s] [内存消耗：1,557.20kb] [文件加载：40]
[ info ] [ LANG ] E:\laragon\www\h5\thinkphp\lang\zh-cn.php
[ info ] [ ROUTE ] array (
  'type' => 'module',
  'module' => 
  array (
    0 => 'ymq',
    1 => 'match',
    2 => NULL,
  ),
)
[ info ] [ HEADER ] array (
  'accept-language' => 'zh-CN,zh;q=0.9',
  'accept-encoding' => 'gzip, deflate',
  'referer' => 'http://h5.cc:8080/ymq/match/addmatch.html',
  'accept' => '*/*',
  'x-requested-with' => 'ShockwaveFlash/30.0.0.154',
  'user-agent' => 'Mozilla/5.0 (Windows NT 10.0; Win64; x64) AppleWebKit/537.36 (KHTML, like Gecko) Chrome/68.0.3440.106 Safari/537.36',
  'connection' => 'keep-alive',
  'host' => 'h5.cc:8080',
  'content-length' => '',
  'content-type' => '',
)
[ info ] [ PARAM ] array (
)
[ info ] [ RUN ] app\ymq\controller\Match->index[ E:\laragon\www\h5\application\ymq\controller\Match.php ]
[ info ] [ LOG ] INIT File
---------------------------------------------------------------
[ 2018-09-05T11:22:08+08:00 ] 127.0.0.1 GET /ymq/match/
[ info ] h5.cc:8080/ymq/match/ [运行时间：0.028820s][吞吐率：34.70req/s] [内存消耗：1,557.20kb] [文件加载：40]
[ info ] [ LANG ] E:\laragon\www\h5\thinkphp\lang\zh-cn.php
[ info ] [ ROUTE ] array (
  'type' => 'module',
  'module' => 
  array (
    0 => 'ymq',
    1 => 'match',
    2 => NULL,
  ),
)
[ info ] [ HEADER ] array (
  'accept-language' => 'zh-CN,zh;q=0.9',
  'accept-encoding' => 'gzip, deflate',
  'referer' => 'http://h5.cc:8080/ymq/match/addmatch.html',
  'accept' => '*/*',
  'x-requested-with' => 'ShockwaveFlash/30.0.0.154',
  'user-agent' => 'Mozilla/5.0 (Windows NT 10.0; Win64; x64) AppleWebKit/537.36 (KHTML, like Gecko) Chrome/68.0.3440.106 Safari/537.36',
  'connection' => 'keep-alive',
  'host' => 'h5.cc:8080',
  'content-length' => '',
  'content-type' => '',
)
[ info ] [ PARAM ] array (
)
[ info ] [ RUN ] app\ymq\controller\Match->index[ E:\laragon\www\h5\application\ymq\controller\Match.php ]
[ info ] [ LOG ] INIT File
---------------------------------------------------------------
[ 2018-09-05T18:02:13+08:00 ] 127.0.0.1 GET /ymq/index/index
[ info ] h5.cc:8080/ymq/index/index [运行时间：0.592846s][吞吐率：1.69req/s] [内存消耗：1,636.01kb] [文件加载：43]
[ info ] [ LANG ] E:\laragon\www\h5\thinkphp\lang\zh-cn.php
[ info ] [ ROUTE ] array (
  'type' => 'module',
  'module' => 
  array (
    0 => 'ymq',
    1 => 'index',
    2 => 'index',
  ),
)
[ info ] [ HEADER ] array (
  'accept-language' => 'zh-CN,zh;q=0.9',
  'accept-encoding' => 'gzip, deflate',
  'accept' => 'text/html,application/xhtml+xml,application/xml;q=0.9,image/webp,image/apng,*/*;q=0.8',
  'user-agent' => 'Mozilla/5.0 (Windows NT 10.0; Win64; x64) AppleWebKit/537.36 (KHTML, like Gecko) Chrome/68.0.3440.106 Safari/537.36',
  'upgrade-insecure-requests' => '1',
  'connection' => 'keep-alive',
  'host' => 'h5.cc:8080',
  'content-length' => '',
  'content-type' => '',
)
[ info ] [ PARAM ] array (
)
[ info ] [ RUN ] app\ymq\controller\Index->index[ E:\laragon\www\h5\application\ymq\controller\Index.php ]
[ info ] [ VIEW ] E:\laragon\www\h5\public/../application/ymq\view\index\index.html [ array (
) ]
[ info ] [ LOG ] INIT File
---------------------------------------------------------------
[ 2018-09-05T18:02:13+08:00 ] 127.0.0.1 GET /ymq/index/welcome.html
[ info ] h5.cc:8080/ymq/index/welcome.html [运行时间：0.032045s][吞吐率：31.21req/s] [内存消耗：1,557.20kb] [文件加载：40]
[ info ] [ LANG ] E:\laragon\www\h5\thinkphp\lang\zh-cn.php
[ info ] [ ROUTE ] array (
  'type' => 'module',
  'module' => 
  array (
    0 => 'ymq',
    1 => 'index',
    2 => 'welcome',
  ),
)
[ info ] [ HEADER ] array (
  'accept-language' => 'zh-CN,zh;q=0.9',
  'accept-encoding' => 'gzip, deflate',
  'referer' => 'http://h5.cc:8080/ymq/index/index',
  'accept' => 'text/html,application/xhtml+xml,application/xml;q=0.9,image/webp,image/apng,*/*;q=0.8',
  'user-agent' => 'Mozilla/5.0 (Windows NT 10.0; Win64; x64) AppleWebKit/537.36 (KHTML, like Gecko) Chrome/68.0.3440.106 Safari/537.36',
  'upgrade-insecure-requests' => '1',
  'connection' => 'keep-alive',
  'host' => 'h5.cc:8080',
  'content-length' => '',
  'content-type' => '',
)
[ info ] [ PARAM ] array (
)
[ info ] [ RUN ] app\ymq\controller\Index->welcome[ E:\laragon\www\h5\application\ymq\controller\Index.php ]
[ info ] [ LOG ] INIT File
---------------------------------------------------------------
[ 2018-09-05T18:02:18+08:00 ] 127.0.0.1 GET /ymq/information/informationlist.html
[ info ] h5.cc:8080/ymq/information/informationlist.html [运行时间：0.603222s][吞吐率：1.66req/s] [内存消耗：2,736.47kb] [文件加载：55]
[ info ] [ LANG ] E:\laragon\www\h5\thinkphp\lang\zh-cn.php
[ info ] [ ROUTE ] array (
  'type' => 'module',
  'module' => 
  array (
    0 => 'ymq',
    1 => 'information',
    2 => 'informationlist',
  ),
)
[ info ] [ HEADER ] array (
  'accept-language' => 'zh-CN,zh;q=0.9',
  'accept-encoding' => 'gzip, deflate',
  'referer' => 'http://h5.cc:8080/ymq/index/index',
  'accept' => 'text/html,application/xhtml+xml,application/xml;q=0.9,image/webp,image/apng,*/*;q=0.8',
  'user-agent' => 'Mozilla/5.0 (Windows NT 10.0; Win64; x64) AppleWebKit/537.36 (KHTML, like Gecko) Chrome/68.0.3440.106 Safari/537.36',
  'upgrade-insecure-requests' => '1',
  'connection' => 'keep-alive',
  'host' => 'h5.cc:8080',
  'content-length' => '',
  'content-type' => '',
)
[ info ] [ PARAM ] array (
)
[ info ] [ RUN ] app\ymq\controller\Information->informationList[ E:\laragon\www\h5\application\ymq\controller\Information.php ]
[ info ] [ DB ] INIT mysql
[ info ] [ VIEW ] E:\laragon\www\h5\public/../application/ymq\view\information\list.html [ array (
  0 => 'list',
) ]
[ info ] [ LOG ] INIT File
[ sql ] [ DB ] CONNECT:[ UseTime:0.077932s ] mysql:host=39.108.214.73;dbname=ymqtv;charset=utf8
[ sql ] [ SQL ] SHOW COLUMNS FROM `information` [ RunTime:0.050637s ]
[ sql ] [ SQL ] SELECT COUNT(*) AS tp_count FROM `information` LIMIT 1 [ RunTime:0.048970s ]
[ sql ] [ SQL ] SELECT * FROM `information` LIMIT 0,10 [ RunTime:0.059646s ]
---------------------------------------------------------------
[ 2018-09-05T18:02:19+08:00 ] 127.0.0.1 GET /ymq/information/add.html
[ info ] h5.cc:8080/ymq/information/add.html [运行时间：0.083184s][吞吐率：12.02req/s] [内存消耗：1,875.78kb] [文件加载：45]
[ info ] [ LANG ] E:\laragon\www\h5\thinkphp\lang\zh-cn.php
[ info ] [ ROUTE ] array (
  'type' => 'module',
  'module' => 
  array (
    0 => 'ymq',
    1 => 'information',
    2 => 'add',
  ),
)
[ info ] [ HEADER ] array (
  'accept-language' => 'zh-CN,zh;q=0.9',
  'accept-encoding' => 'gzip, deflate',
  'referer' => 'http://h5.cc:8080/ymq/index/index',
  'accept' => 'text/html,application/xhtml+xml,application/xml;q=0.9,image/webp,image/apng,*/*;q=0.8',
  'user-agent' => 'Mozilla/5.0 (Windows NT 10.0; Win64; x64) AppleWebKit/537.36 (KHTML, like Gecko) Chrome/68.0.3440.106 Safari/537.36',
  'upgrade-insecure-requests' => '1',
  'connection' => 'keep-alive',
  'host' => 'h5.cc:8080',
  'content-length' => '',
  'content-type' => '',
)
[ info ] [ PARAM ] array (
)
[ info ] [ RUN ] app\ymq\controller\Information->add[ E:\laragon\www\h5\application\ymq\controller\Information.php ]
[ info ] [ VIEW ] E:\laragon\www\h5\public/../application/ymq\view\information\add.html [ array (
) ]
[ info ] [ LOG ] INIT File
---------------------------------------------------------------
[ 2018-09-05T18:02:20+08:00 ] 127.0.0.1 GET /ymq/information/
[ info ] h5.cc:8080/ymq/information/ [运行时间：0.130799s][吞吐率：7.65req/s] [内存消耗：1,603.22kb] [文件加载：43]
[ info ] [ LANG ] E:\laragon\www\h5\thinkphp\lang\zh-cn.php
[ info ] [ ROUTE ] array (
  'type' => 'module',
  'module' => 
  array (
    0 => 'ymq',
    1 => 'information',
    2 => NULL,
  ),
)
[ info ] [ HEADER ] array (
  'accept-language' => 'zh-CN,zh;q=0.9',
  'accept-encoding' => 'gzip, deflate',
  'referer' => 'http://h5.cc:8080/ymq/information/add.html',
  'accept' => '*/*',
  'x-requested-with' => 'ShockwaveFlash/30.0.0.154',
  'user-agent' => 'Mozilla/5.0 (Windows NT 10.0; Win64; x64) AppleWebKit/537.36 (KHTML, like Gecko) Chrome/68.0.3440.106 Safari/537.36',
  'connection' => 'keep-alive',
  'host' => 'h5.cc:8080',
  'content-length' => '',
  'content-type' => '',
)
[ info ] [ PARAM ] array (
)
[ info ] [ LOG ] INIT File
---------------------------------------------------------------
[ 2018-09-05T18:02:20+08:00 ] 127.0.0.1 GET /ymq/information/
[ info ] h5.cc:8080/ymq/information/ [运行时间：0.030396s][吞吐率：32.90req/s] [内存消耗：1,603.22kb] [文件加载：43]
[ info ] [ LANG ] E:\laragon\www\h5\thinkphp\lang\zh-cn.php
[ info ] [ ROUTE ] array (
  'type' => 'module',
  'module' => 
  array (
    0 => 'ymq',
    1 => 'information',
    2 => NULL,
  ),
)
[ info ] [ HEADER ] array (
  'accept-language' => 'zh-CN,zh;q=0.9',
  'accept-encoding' => 'gzip, deflate',
  'referer' => 'http://h5.cc:8080/ymq/information/add.html',
  'accept' => '*/*',
  'x-requested-with' => 'ShockwaveFlash/30.0.0.154',
  'user-agent' => 'Mozilla/5.0 (Windows NT 10.0; Win64; x64) AppleWebKit/537.36 (KHTML, like Gecko) Chrome/68.0.3440.106 Safari/537.36',
  'connection' => 'keep-alive',
  'host' => 'h5.cc:8080',
  'content-length' => '',
  'content-type' => '',
)
[ info ] [ PARAM ] array (
)
[ info ] [ LOG ] INIT File
---------------------------------------------------------------
[ 2018-09-05T18:02:20+08:00 ] 127.0.0.1 GET /ymq/information/
[ info ] h5.cc:8080/ymq/information/ [运行时间：0.040586s][吞吐率：24.64req/s] [内存消耗：1,603.22kb] [文件加载：43]
[ info ] [ LANG ] E:\laragon\www\h5\thinkphp\lang\zh-cn.php
[ info ] [ ROUTE ] array (
  'type' => 'module',
  'module' => 
  array (
    0 => 'ymq',
    1 => 'information',
    2 => NULL,
  ),
)
[ info ] [ HEADER ] array (
  'accept-language' => 'zh-CN,zh;q=0.9',
  'accept-encoding' => 'gzip, deflate',
  'referer' => 'http://h5.cc:8080/ymq/information/add.html',
  'accept' => '*/*',
  'x-requested-with' => 'ShockwaveFlash/30.0.0.154',
  'user-agent' => 'Mozilla/5.0 (Windows NT 10.0; Win64; x64) AppleWebKit/537.36 (KHTML, like Gecko) Chrome/68.0.3440.106 Safari/537.36',
  'connection' => 'keep-alive',
  'host' => 'h5.cc:8080',
  'content-length' => '',
  'content-type' => '',
)
[ info ] [ PARAM ] array (
)
[ info ] [ LOG ] INIT File
---------------------------------------------------------------
[ 2018-09-05T18:02:20+08:00 ] 127.0.0.1 GET /ymq/information/
[ info ] h5.cc:8080/ymq/information/ [运行时间：0.024944s][吞吐率：40.09req/s] [内存消耗：1,603.22kb] [文件加载：43]
[ info ] [ LANG ] E:\laragon\www\h5\thinkphp\lang\zh-cn.php
[ info ] [ ROUTE ] array (
  'type' => 'module',
  'module' => 
  array (
    0 => 'ymq',
    1 => 'information',
    2 => NULL,
  ),
)
[ info ] [ HEADER ] array (
  'accept-language' => 'zh-CN,zh;q=0.9',
  'accept-encoding' => 'gzip, deflate',
  'referer' => 'http://h5.cc:8080/ymq/information/add.html',
  'accept' => '*/*',
  'x-requested-with' => 'ShockwaveFlash/30.0.0.154',
  'user-agent' => 'Mozilla/5.0 (Windows NT 10.0; Win64; x64) AppleWebKit/537.36 (KHTML, like Gecko) Chrome/68.0.3440.106 Safari/537.36',
  'connection' => 'keep-alive',
  'host' => 'h5.cc:8080',
  'content-length' => '',
  'content-type' => '',
)
[ info ] [ PARAM ] array (
)
[ info ] [ LOG ] INIT File
---------------------------------------------------------------
[ 2018-09-05T18:02:20+08:00 ] 127.0.0.1 GET /ymq/information/
[ info ] h5.cc:8080/ymq/information/ [运行时间：0.033669s][吞吐率：29.70req/s] [内存消耗：1,603.22kb] [文件加载：43]
[ info ] [ LANG ] E:\laragon\www\h5\thinkphp\lang\zh-cn.php
[ info ] [ ROUTE ] array (
  'type' => 'module',
  'module' => 
  array (
    0 => 'ymq',
    1 => 'information',
    2 => NULL,
  ),
)
[ info ] [ HEADER ] array (
  'accept-language' => 'zh-CN,zh;q=0.9',
  'accept-encoding' => 'gzip, deflate',
  'referer' => 'http://h5.cc:8080/ymq/information/add.html',
  'accept' => '*/*',
  'x-requested-with' => 'ShockwaveFlash/30.0.0.154',
  'user-agent' => 'Mozilla/5.0 (Windows NT 10.0; Win64; x64) AppleWebKit/537.36 (KHTML, like Gecko) Chrome/68.0.3440.106 Safari/537.36',
  'connection' => 'keep-alive',
  'host' => 'h5.cc:8080',
  'content-length' => '',
  'content-type' => '',
)
[ info ] [ PARAM ] array (
)
[ info ] [ LOG ] INIT File
---------------------------------------------------------------
[ 2018-09-05T18:02:20+08:00 ] 127.0.0.1 GET /ymq/information/
[ info ] h5.cc:8080/ymq/information/ [运行时间：0.033647s][吞吐率：29.72req/s] [内存消耗：1,603.22kb] [文件加载：43]
[ info ] [ LANG ] E:\laragon\www\h5\thinkphp\lang\zh-cn.php
[ info ] [ ROUTE ] array (
  'type' => 'module',
  'module' => 
  array (
    0 => 'ymq',
    1 => 'information',
    2 => NULL,
  ),
)
[ info ] [ HEADER ] array (
  'accept-language' => 'zh-CN,zh;q=0.9',
  'accept-encoding' => 'gzip, deflate',
  'referer' => 'http://h5.cc:8080/ymq/information/add.html',
  'accept' => '*/*',
  'x-requested-with' => 'ShockwaveFlash/30.0.0.154',
  'user-agent' => 'Mozilla/5.0 (Windows NT 10.0; Win64; x64) AppleWebKit/537.36 (KHTML, like Gecko) Chrome/68.0.3440.106 Safari/537.36',
  'connection' => 'keep-alive',
  'host' => 'h5.cc:8080',
  'content-length' => '',
  'content-type' => '',
)
[ info ] [ PARAM ] array (
)
[ info ] [ LOG ] INIT File
