---------------------------------------------------------------
[ 2018-09-11T18:07:15+08:00 ] 127.0.0.1 GET /ymq/index/index
[ info ] h5.cc:8080/ymq/index/index [运行时间：0.578397s][吞吐率：1.73req/s] [内存消耗：1,635.81kb] [文件加载：43]
[ info ] [ LANG ] E:\laragon\www\h5\thinkphp\lang\zh-cn.php
[ info ] [ ROUTE ] array (
  'type' => 'module',
  'module' => 
  array (
    0 => 'ymq',
    1 => 'index',
    2 => 'index',
  ),
)
[ info ] [ HEADER ] array (
  'accept-language' => 'zh-CN,zh;q=0.9',
  'accept-encoding' => 'gzip, deflate',
  'accept' => 'text/html,application/xhtml+xml,application/xml;q=0.9,image/webp,image/apng,*/*;q=0.8',
  'user-agent' => 'Mozilla/5.0 (Windows NT 10.0; Win64; x64) AppleWebKit/537.36 (KHTML, like Gecko) Chrome/68.0.3440.106 Safari/537.36',
  'upgrade-insecure-requests' => '1',
  'connection' => 'keep-alive',
  'host' => 'h5.cc:8080',
  'content-length' => '',
  'content-type' => '',
)
[ info ] [ PARAM ] array (
)
[ info ] [ RUN ] app\ymq\controller\Index->index[ E:\laragon\www\h5\application\ymq\controller\Index.php ]
[ info ] [ VIEW ] E:\laragon\www\h5\public/../application/ymq\view\index\index.html [ array (
) ]
[ info ] [ LOG ] INIT File
---------------------------------------------------------------
[ 2018-09-11T18:07:16+08:00 ] 127.0.0.1 GET /ymq/index/welcome.html
[ info ] h5.cc:8080/ymq/index/welcome.html [运行时间：0.031880s][吞吐率：31.37req/s] [内存消耗：1,557.02kb] [文件加载：40]
[ info ] [ LANG ] E:\laragon\www\h5\thinkphp\lang\zh-cn.php
[ info ] [ ROUTE ] array (
  'type' => 'module',
  'module' => 
  array (
    0 => 'ymq',
    1 => 'index',
    2 => 'welcome',
  ),
)
[ info ] [ HEADER ] array (
  'accept-language' => 'zh-CN,zh;q=0.9',
  'accept-encoding' => 'gzip, deflate',
  'referer' => 'http://h5.cc:8080/ymq/index/index',
  'accept' => 'text/html,application/xhtml+xml,application/xml;q=0.9,image/webp,image/apng,*/*;q=0.8',
  'user-agent' => 'Mozilla/5.0 (Windows NT 10.0; Win64; x64) AppleWebKit/537.36 (KHTML, like Gecko) Chrome/68.0.3440.106 Safari/537.36',
  'upgrade-insecure-requests' => '1',
  'connection' => 'keep-alive',
  'host' => 'h5.cc:8080',
  'content-length' => '',
  'content-type' => '',
)
[ info ] [ PARAM ] array (
)
[ info ] [ RUN ] app\ymq\controller\Index->welcome[ E:\laragon\www\h5\application\ymq\controller\Index.php ]
[ info ] [ LOG ] INIT File
---------------------------------------------------------------
[ 2018-09-11T18:07:19+08:00 ] 127.0.0.1 GET /ymq/match/matchlist.html
[ info ] h5.cc:8080/ymq/match/matchlist.html [运行时间：0.058662s][吞吐率：17.05req/s] [内存消耗：1,629.83kb] [文件加载：43]
[ info ] [ LANG ] E:\laragon\www\h5\thinkphp\lang\zh-cn.php
[ info ] [ ROUTE ] array (
  'type' => 'module',
  'module' => 
  array (
    0 => 'ymq',
    1 => 'match',
    2 => 'matchlist',
  ),
)
[ info ] [ HEADER ] array (
  'accept-language' => 'zh-CN,zh;q=0.9',
  'accept-encoding' => 'gzip, deflate',
  'referer' => 'http://h5.cc:8080/ymq/index/index',
  'accept' => 'text/html,application/xhtml+xml,application/xml;q=0.9,image/webp,image/apng,*/*;q=0.8',
  'user-agent' => 'Mozilla/5.0 (Windows NT 10.0; Win64; x64) AppleWebKit/537.36 (KHTML, like Gecko) Chrome/68.0.3440.106 Safari/537.36',
  'upgrade-insecure-requests' => '1',
  'connection' => 'keep-alive',
  'host' => 'h5.cc:8080',
  'content-length' => '',
  'content-type' => '',
)
[ info ] [ PARAM ] array (
)
[ info ] [ RUN ] app\ymq\controller\Match->matchList[ E:\laragon\www\h5\application\ymq\controller\Match.php ]
[ info ] [ VIEW ] E:\laragon\www\h5\public/../application/ymq\view\match\matchlist.html [ array (
) ]
[ info ] [ LOG ] INIT File
---------------------------------------------------------------
[ 2018-09-11T18:07:58+08:00 ] 127.0.0.1 GET /ymq/index/index
[ info ] h5.cc:8080/ymq/index/index [运行时间：0.026052s][吞吐率：38.38req/s] [内存消耗：1,636.20kb] [文件加载：43]
[ info ] [ LANG ] E:\laragon\www\h5\thinkphp\lang\zh-cn.php
[ info ] [ ROUTE ] array (
  'type' => 'module',
  'module' => 
  array (
    0 => 'ymq',
    1 => 'index',
    2 => 'index',
  ),
)
[ info ] [ HEADER ] array (
  'accept-language' => 'zh-CN,zh;q=0.9',
  'accept-encoding' => 'gzip, deflate',
  'accept' => 'text/html,application/xhtml+xml,application/xml;q=0.9,image/webp,image/apng,*/*;q=0.8',
  'user-agent' => 'Mozilla/5.0 (Windows NT 10.0; Win64; x64) AppleWebKit/537.36 (KHTML, like Gecko) Chrome/68.0.3440.106 Safari/537.36',
  'upgrade-insecure-requests' => '1',
  'cache-control' => 'max-age=0',
  'connection' => 'keep-alive',
  'host' => 'h5.cc:8080',
  'content-length' => '',
  'content-type' => '',
)
[ info ] [ PARAM ] array (
)
[ info ] [ RUN ] app\ymq\controller\Index->index[ E:\laragon\www\h5\application\ymq\controller\Index.php ]
[ info ] [ VIEW ] E:\laragon\www\h5\public/../application/ymq\view\index\index.html [ array (
) ]
[ info ] [ LOG ] INIT File
---------------------------------------------------------------
[ 2018-09-11T18:07:58+08:00 ] 127.0.0.1 GET /ymq/index/welcome.html
[ info ] h5.cc:8080/ymq/index/welcome.html [运行时间：0.024459s][吞吐率：40.88req/s] [内存消耗：1,557.02kb] [文件加载：40]
[ info ] [ LANG ] E:\laragon\www\h5\thinkphp\lang\zh-cn.php
[ info ] [ ROUTE ] array (
  'type' => 'module',
  'module' => 
  array (
    0 => 'ymq',
    1 => 'index',
    2 => 'welcome',
  ),
)
[ info ] [ HEADER ] array (
  'accept-language' => 'zh-CN,zh;q=0.9',
  'accept-encoding' => 'gzip, deflate',
  'referer' => 'http://h5.cc:8080/ymq/index/index',
  'accept' => 'text/html,application/xhtml+xml,application/xml;q=0.9,image/webp,image/apng,*/*;q=0.8',
  'user-agent' => 'Mozilla/5.0 (Windows NT 10.0; Win64; x64) AppleWebKit/537.36 (KHTML, like Gecko) Chrome/68.0.3440.106 Safari/537.36',
  'upgrade-insecure-requests' => '1',
  'connection' => 'keep-alive',
  'host' => 'h5.cc:8080',
  'content-length' => '',
  'content-type' => '',
)
[ info ] [ PARAM ] array (
)
[ info ] [ RUN ] app\ymq\controller\Index->welcome[ E:\laragon\www\h5\application\ymq\controller\Index.php ]
[ info ] [ LOG ] INIT File
---------------------------------------------------------------
[ 2018-09-11T18:08:00+08:00 ] 127.0.0.1 GET /ymq/match/matchlist.html
[ info ] h5.cc:8080/ymq/match/matchlist.html [运行时间：0.033193s][吞吐率：30.13req/s] [内存消耗：1,629.83kb] [文件加载：43]
[ info ] [ LANG ] E:\laragon\www\h5\thinkphp\lang\zh-cn.php
[ info ] [ ROUTE ] array (
  'type' => 'module',
  'module' => 
  array (
    0 => 'ymq',
    1 => 'match',
    2 => 'matchlist',
  ),
)
[ info ] [ HEADER ] array (
  'accept-language' => 'zh-CN,zh;q=0.9',
  'accept-encoding' => 'gzip, deflate',
  'referer' => 'http://h5.cc:8080/ymq/index/index',
  'accept' => 'text/html,application/xhtml+xml,application/xml;q=0.9,image/webp,image/apng,*/*;q=0.8',
  'user-agent' => 'Mozilla/5.0 (Windows NT 10.0; Win64; x64) AppleWebKit/537.36 (KHTML, like Gecko) Chrome/68.0.3440.106 Safari/537.36',
  'upgrade-insecure-requests' => '1',
  'connection' => 'keep-alive',
  'host' => 'h5.cc:8080',
  'content-length' => '',
  'content-type' => '',
)
[ info ] [ PARAM ] array (
)
[ info ] [ RUN ] app\ymq\controller\Match->matchList[ E:\laragon\www\h5\application\ymq\controller\Match.php ]
[ info ] [ VIEW ] E:\laragon\www\h5\public/../application/ymq\view\match\matchlist.html [ array (
) ]
[ info ] [ LOG ] INIT File
