---------------------------------------------------------------
[ 2018-09-19T17:48:56+08:00 ] 127.0.0.1 GET /ymq/index/index
[ info ] h5.cc:8080/ymq/index/index [运行时间：0.571704s][吞吐率：1.75req/s] [内存消耗：1,647.55kb] [文件加载：44]
[ info ] [ LANG ] E:\laragon\www\h5\thinkphp\lang\zh-cn.php
[ info ] [ ROUTE ] array (
  'type' => 'module',
  'module' => 
  array (
    0 => 'ymq',
    1 => 'index',
    2 => 'index',
  ),
)
[ info ] [ HEADER ] array (
  'cookie' => 'Hm_lvt_080836300300be57b7f34f4b3e97d911=1536726899,1536911144,1536981753',
  'accept-language' => 'zh-CN,zh;q=0.9',
  'accept-encoding' => 'gzip, deflate',
  'accept' => 'text/html,application/xhtml+xml,application/xml;q=0.9,image/webp,image/apng,*/*;q=0.8',
  'user-agent' => 'Mozilla/5.0 (Windows NT 10.0; WOW64) AppleWebKit/537.36 (KHTML, like Gecko) Chrome/69.0.3497.81 Safari/537.36',
  'upgrade-insecure-requests' => '1',
  'connection' => 'keep-alive',
  'host' => 'h5.cc:8080',
  'content-length' => '',
  'content-type' => '',
)
[ info ] [ PARAM ] array (
)
[ info ] [ VIEW ] E:\laragon\www\h5\thinkphp\tpl\dispatch_jump.tpl [ array (
  0 => 'code',
  1 => 'msg',
  2 => 'data',
  3 => 'url',
  4 => 'wait',
) ]
[ info ] [ LOG ] INIT File
---------------------------------------------------------------
[ 2018-09-19T17:48:59+08:00 ] 127.0.0.1 GET /ymq/login/index.html
[ info ] h5.cc:8080/ymq/login/index.html [运行时间：0.062805s][吞吐率：15.92req/s] [内存消耗：1,649.89kb] [文件加载：42]
[ info ] [ LANG ] E:\laragon\www\h5\thinkphp\lang\zh-cn.php
[ info ] [ ROUTE ] array (
  'type' => 'module',
  'module' => 
  array (
    0 => 'ymq',
    1 => 'login',
    2 => 'index',
  ),
)
[ info ] [ HEADER ] array (
  'cookie' => 'Hm_lvt_080836300300be57b7f34f4b3e97d911=1536726899,1536911144,1536981753',
  'accept-language' => 'zh-CN,zh;q=0.9',
  'accept-encoding' => 'gzip, deflate',
  'referer' => 'http://h5.cc:8080/ymq/index/index',
  'accept' => 'text/html,application/xhtml+xml,application/xml;q=0.9,image/webp,image/apng,*/*;q=0.8',
  'user-agent' => 'Mozilla/5.0 (Windows NT 10.0; WOW64) AppleWebKit/537.36 (KHTML, like Gecko) Chrome/69.0.3497.81 Safari/537.36',
  'upgrade-insecure-requests' => '1',
  'connection' => 'keep-alive',
  'host' => 'h5.cc:8080',
  'content-length' => '',
  'content-type' => '',
)
[ info ] [ PARAM ] array (
)
[ info ] [ RUN ] app\ymq\controller\Login->index[ E:\laragon\www\h5\application\ymq\controller\Login.php ]
[ info ] [ VIEW ] E:\laragon\www\h5\public/../application/ymq\view\login\index.html [ array (
) ]
[ info ] [ LOG ] INIT File
---------------------------------------------------------------
[ 2018-09-19T17:49:04+08:00 ] 127.0.0.1 POST /ymq/login/login.html
[ info ] h5.cc:8080/ymq/login/login.html [运行时间：0.258114s][吞吐率：3.87req/s] [内存消耗：2,616.63kb] [文件加载：48]
[ info ] [ LANG ] E:\laragon\www\h5\thinkphp\lang\zh-cn.php
[ info ] [ ROUTE ] array (
  'type' => 'module',
  'module' => 
  array (
    0 => 'ymq',
    1 => 'login',
    2 => 'login',
  ),
)
[ info ] [ HEADER ] array (
  'cookie' => 'Hm_lvt_080836300300be57b7f34f4b3e97d911=1536726899,1536911144,1536981753',
  'accept-language' => 'zh-CN,zh;q=0.9',
  'accept-encoding' => 'gzip, deflate',
  'referer' => 'http://h5.cc:8080/ymq/login/index.html',
  'content-type' => 'application/x-www-form-urlencoded; charset=UTF-8',
  'user-agent' => 'Mozilla/5.0 (Windows NT 10.0; WOW64) AppleWebKit/537.36 (KHTML, like Gecko) Chrome/69.0.3497.81 Safari/537.36',
  'x-requested-with' => 'XMLHttpRequest',
  'origin' => 'http://h5.cc:8080',
  'accept' => 'application/json, text/javascript, */*; q=0.01',
  'content-length' => '30',
  'connection' => 'keep-alive',
  'host' => 'h5.cc:8080',
)
[ info ] [ PARAM ] array (
  'username' => 'admin',
  'password' => '123456',
)
[ info ] [ RUN ] app\ymq\controller\Login->login[ E:\laragon\www\h5\application\ymq\controller\Login.php ]
[ info ] [ DB ] INIT mysql
[ info ] [ LOG ] INIT File
[ sql ] [ DB ] CONNECT:[ UseTime:0.013862s ] mysql:host=127.0.0.1;dbname=tp5;charset=utf8
[ sql ] [ SQL ] SHOW COLUMNS FROM `admin_user` [ RunTime:0.012738s ]
[ sql ] [ SQL ] SELECT * FROM `admin_user` WHERE  `username` = 'admin' LIMIT 1 [ RunTime:0.001997s ]
[ sql ] [ SQL ] UPDATE `admin_user`  SET `ip`='127.0.0.1',`login_time`=1537350544  WHERE  `username` = 'admin' [ RunTime:0.010368s ]
---------------------------------------------------------------
[ 2018-09-19T17:49:05+08:00 ] 127.0.0.1 GET /ymq/index/index.html
[ info ] h5.cc:8080/ymq/index/index.html [运行时间：0.107967s][吞吐率：9.26req/s] [内存消耗：2,549.74kb] [文件加载：53]
[ info ] [ LANG ] E:\laragon\www\h5\thinkphp\lang\zh-cn.php
[ info ] [ ROUTE ] array (
  'type' => 'module',
  'module' => 
  array (
    0 => 'ymq',
    1 => 'index',
    2 => 'index',
  ),
)
[ info ] [ HEADER ] array (
  'cookie' => 'Hm_lvt_080836300300be57b7f34f4b3e97d911=1536726899,1536911144,1536981753; username=admin',
  'accept-language' => 'zh-CN,zh;q=0.9',
  'accept-encoding' => 'gzip, deflate',
  'referer' => 'http://h5.cc:8080/ymq/login/index.html',
  'accept' => 'text/html,application/xhtml+xml,application/xml;q=0.9,image/webp,image/apng,*/*;q=0.8',
  'user-agent' => 'Mozilla/5.0 (Windows NT 10.0; WOW64) AppleWebKit/537.36 (KHTML, like Gecko) Chrome/69.0.3497.81 Safari/537.36',
  'upgrade-insecure-requests' => '1',
  'connection' => 'keep-alive',
  'host' => 'h5.cc:8080',
  'content-length' => '',
  'content-type' => '',
)
[ info ] [ PARAM ] array (
)
[ info ] [ RUN ] app\ymq\controller\Index->index[ E:\laragon\www\h5\application\ymq\controller\Index.php ]
[ info ] [ DB ] INIT mysql
[ info ] [ VIEW ] E:\laragon\www\h5\public/../application/ymq\view\index\index.html [ array (
  0 => 'result',
) ]
[ info ] [ LOG ] INIT File
[ sql ] [ DB ] CONNECT:[ UseTime:0.001157s ] mysql:host=127.0.0.1;dbname=tp5;charset=utf8
[ sql ] [ SQL ] SHOW COLUMNS FROM `admin_user` [ RunTime:0.001611s ]
[ sql ] [ SQL ] SELECT `id` FROM `admin_user` WHERE  `username` = 'admin' LIMIT 1 [ RunTime:0.000331s ]
[ sql ] [ SQL ] SELECT `a`.*,`b`.`group_id`,`c`.`rules` FROM `admin_user` `a` INNER JOIN `admin_group_access` `b` ON `a`.`id`=`b`.`uid` INNER JOIN `admin_role_group` `c` ON `b`.`group_id`=`c`.`id` WHERE  `a`.`id` = 1 LIMIT 1 [ RunTime:0.004342s ]
[ sql ] [ SQL ] SHOW COLUMNS FROM `admin_rule` [ RunTime:0.002207s ]
[ sql ] [ SQL ] SELECT * FROM `admin_rule` WHERE  (  p_id = 0 ) ORDER BY `id` ASC [ RunTime:0.000432s ]
[ sql ] [ SQL ] SELECT * FROM `admin_rule` WHERE  (  p_id != 0 and is_show = 1 ) ORDER BY `id` ASC [ RunTime:0.000854s ]
---------------------------------------------------------------
[ 2018-09-19T17:49:05+08:00 ] 127.0.0.1 GET /ymq/index/welcome.html
[ info ] h5.cc:8080/ymq/index/welcome.html [运行时间：0.035030s][吞吐率：28.55req/s] [内存消耗：1,590.80kb] [文件加载：41]
[ info ] [ LANG ] E:\laragon\www\h5\thinkphp\lang\zh-cn.php
[ info ] [ ROUTE ] array (
  'type' => 'module',
  'module' => 
  array (
    0 => 'ymq',
    1 => 'index',
    2 => 'welcome',
  ),
)
[ info ] [ HEADER ] array (
  'cookie' => 'Hm_lvt_080836300300be57b7f34f4b3e97d911=1536726899,1536911144,1536981753; username=admin',
  'accept-language' => 'zh-CN,zh;q=0.9',
  'accept-encoding' => 'gzip, deflate',
  'referer' => 'http://h5.cc:8080/ymq/index/index.html',
  'accept' => 'text/html,application/xhtml+xml,application/xml;q=0.9,image/webp,image/apng,*/*;q=0.8',
  'user-agent' => 'Mozilla/5.0 (Windows NT 10.0; WOW64) AppleWebKit/537.36 (KHTML, like Gecko) Chrome/69.0.3497.81 Safari/537.36',
  'upgrade-insecure-requests' => '1',
  'connection' => 'keep-alive',
  'host' => 'h5.cc:8080',
  'content-length' => '',
  'content-type' => '',
)
[ info ] [ PARAM ] array (
)
[ info ] [ RUN ] app\ymq\controller\Index->welcome[ E:\laragon\www\h5\application\ymq\controller\Index.php ]
[ info ] [ LOG ] INIT File
---------------------------------------------------------------
[ 2018-09-19T17:53:06+08:00 ] 127.0.0.1 GET /ymq/match/matchlist
[ info ] h5.cc:8080/ymq/match/matchlist [运行时间：0.220826s][吞吐率：4.53req/s] [内存消耗：2,704.28kb] [文件加载：53]
[ info ] [ LANG ] E:\laragon\www\h5\thinkphp\lang\zh-cn.php
[ info ] [ ROUTE ] array (
  'type' => 'module',
  'module' => 
  array (
    0 => 'ymq',
    1 => 'match',
    2 => 'matchlist',
  ),
)
[ info ] [ HEADER ] array (
  'cookie' => 'Hm_lvt_080836300300be57b7f34f4b3e97d911=1536726899,1536911144,1536981753; username=admin',
  'accept-language' => 'zh-CN,zh;q=0.9',
  'accept-encoding' => 'gzip, deflate',
  'referer' => 'http://h5.cc:8080/ymq/index/index.html',
  'accept' => 'text/html,application/xhtml+xml,application/xml;q=0.9,image/webp,image/apng,*/*;q=0.8',
  'user-agent' => 'Mozilla/5.0 (Windows NT 10.0; WOW64) AppleWebKit/537.36 (KHTML, like Gecko) Chrome/69.0.3497.81 Safari/537.36',
  'upgrade-insecure-requests' => '1',
  'connection' => 'keep-alive',
  'host' => 'h5.cc:8080',
  'content-length' => '',
  'content-type' => '',
)
[ info ] [ PARAM ] array (
)
[ info ] [ RUN ] app\ymq\controller\Match->matchList[ E:\laragon\www\h5\application\ymq\controller\Match.php ]
[ info ] [ DB ] INIT mysql
[ info ] [ VIEW ] E:\laragon\www\h5\public/../application/ymq\view\match\matchlist.html [ array (
  0 => 'list',
) ]
[ info ] [ LOG ] INIT File
[ sql ] [ DB ] CONNECT:[ UseTime:0.000912s ] mysql:host=127.0.0.1;dbname=tp5;charset=utf8
[ sql ] [ SQL ] SHOW COLUMNS FROM `big_game_list` [ RunTime:0.002084s ]
[ sql ] [ SQL ] SELECT * FROM `big_game_list` [ RunTime:0.000491s ]
---------------------------------------------------------------
[ 2018-09-19T17:53:09+08:00 ] 127.0.0.1 GET /ymq/game_phase/phaselist/id/1.html
[ info ] h5.cc:8080/ymq/game_phase/phaselist/id/1.html [运行时间：0.154809s][吞吐率：6.46req/s] [内存消耗：2,675.38kb] [文件加载：53]
[ info ] [ LANG ] E:\laragon\www\h5\thinkphp\lang\zh-cn.php
[ info ] [ ROUTE ] array (
  'type' => 'module',
  'module' => 
  array (
    0 => 'ymq',
    1 => 'game_phase',
    2 => 'phaselist',
  ),
)
[ info ] [ HEADER ] array (
  'cookie' => 'Hm_lvt_080836300300be57b7f34f4b3e97d911=1536726899,1536911144,1536981753; username=admin',
  'accept-language' => 'zh-CN,zh;q=0.9',
  'accept-encoding' => 'gzip, deflate',
  'referer' => 'http://h5.cc:8080/ymq/index/index.html',
  'accept' => 'text/html,application/xhtml+xml,application/xml;q=0.9,image/webp,image/apng,*/*;q=0.8',
  'user-agent' => 'Mozilla/5.0 (Windows NT 10.0; WOW64) AppleWebKit/537.36 (KHTML, like Gecko) Chrome/69.0.3497.81 Safari/537.36',
  'upgrade-insecure-requests' => '1',
  'connection' => 'keep-alive',
  'host' => 'h5.cc:8080',
  'content-length' => '',
  'content-type' => '',
)
[ info ] [ PARAM ] array (
  'id' => '1',
)
[ info ] [ RUN ] app\ymq\controller\GamePhase->phaseList[ E:\laragon\www\h5\application\ymq\controller\GamePhase.php ]
[ info ] [ DB ] INIT mysql
[ info ] [ VIEW ] E:\laragon\www\h5\public/../application/ymq\view\game_phase\phase_list.html [ array (
  0 => 'bigGame_id',
  1 => 'list',
) ]
[ info ] [ LOG ] INIT File
[ sql ] [ DB ] CONNECT:[ UseTime:0.010523s ] mysql:host=127.0.0.1;dbname=tp5;charset=utf8
[ sql ] [ SQL ] SHOW COLUMNS FROM `game_phase` [ RunTime:0.001923s ]
[ sql ] [ SQL ] SELECT * FROM `game_phase` WHERE  `bigGame_id` = 1 [ RunTime:0.000425s ]
---------------------------------------------------------------
[ 2018-09-19T17:53:13+08:00 ] 127.0.0.1 GET /ymq/game_live/livelist/phase_id/1/bigGame_id/1.html
[ info ] h5.cc:8080/ymq/game_live/livelist/phase_id/1/bigGame_id/1.html [运行时间：0.139121s][吞吐率：7.19req/s] [内存消耗：2,688.39kb] [文件加载：53]
[ info ] [ LANG ] E:\laragon\www\h5\thinkphp\lang\zh-cn.php
[ info ] [ ROUTE ] array (
  'type' => 'module',
  'module' => 
  array (
    0 => 'ymq',
    1 => 'game_live',
    2 => 'livelist',
  ),
)
[ info ] [ HEADER ] array (
  'cookie' => 'Hm_lvt_080836300300be57b7f34f4b3e97d911=1536726899,1536911144,1536981753; username=admin',
  'accept-language' => 'zh-CN,zh;q=0.9',
  'accept-encoding' => 'gzip, deflate',
  'referer' => 'http://h5.cc:8080/ymq/index/index.html',
  'accept' => 'text/html,application/xhtml+xml,application/xml;q=0.9,image/webp,image/apng,*/*;q=0.8',
  'user-agent' => 'Mozilla/5.0 (Windows NT 10.0; WOW64) AppleWebKit/537.36 (KHTML, like Gecko) Chrome/69.0.3497.81 Safari/537.36',
  'upgrade-insecure-requests' => '1',
  'connection' => 'keep-alive',
  'host' => 'h5.cc:8080',
  'content-length' => '',
  'content-type' => '',
)
[ info ] [ PARAM ] array (
  'phase_id' => '1',
  'bigGame_id' => '1',
)
[ info ] [ RUN ] app\ymq\controller\GameLive->liveList[ E:\laragon\www\h5\application\ymq\controller\GameLive.php ]
[ info ] [ DB ] INIT mysql
[ info ] [ VIEW ] E:\laragon\www\h5\public/../application/ymq\view\game_live\live_list.html [ array (
  0 => 'list',
) ]
[ info ] [ LOG ] INIT File
[ sql ] [ DB ] CONNECT:[ UseTime:0.010623s ] mysql:host=127.0.0.1;dbname=tp5;charset=utf8
[ sql ] [ SQL ] SHOW COLUMNS FROM `game_live` [ RunTime:0.002044s ]
[ sql ] [ SQL ] SELECT * FROM `game_live` WHERE  `phase_id` = 1  AND `bigGame_id` = 1 [ RunTime:0.000731s ]
---------------------------------------------------------------
[ 2018-09-19T17:53:20+08:00 ] 127.0.0.1 GET /ymq/game_live/live.html
[ info ] h5.cc:8080/ymq/game_live/live.html [运行时间：0.064360s][吞吐率：15.54req/s] [内存消耗：1,883.69kb] [文件加载：46]
[ info ] [ LANG ] E:\laragon\www\h5\thinkphp\lang\zh-cn.php
[ info ] [ ROUTE ] array (
  'type' => 'module',
  'module' => 
  array (
    0 => 'ymq',
    1 => 'game_live',
    2 => 'live',
  ),
)
[ info ] [ HEADER ] array (
  'cookie' => 'Hm_lvt_080836300300be57b7f34f4b3e97d911=1536726899,1536911144,1536981753; username=admin',
  'accept-language' => 'zh-CN,zh;q=0.9',
  'accept-encoding' => 'gzip, deflate',
  'referer' => 'http://h5.cc:8080/ymq/index/index.html',
  'accept' => 'text/html,application/xhtml+xml,application/xml;q=0.9,image/webp,image/apng,*/*;q=0.8',
  'user-agent' => 'Mozilla/5.0 (Windows NT 10.0; WOW64) AppleWebKit/537.36 (KHTML, like Gecko) Chrome/69.0.3497.81 Safari/537.36',
  'upgrade-insecure-requests' => '1',
  'connection' => 'keep-alive',
  'host' => 'h5.cc:8080',
  'content-length' => '',
  'content-type' => '',
)
[ info ] [ PARAM ] array (
)
[ info ] [ RUN ] app\ymq\controller\GameLive->live[ E:\laragon\www\h5\application\ymq\controller\GameLive.php ]
[ info ] [ VIEW ] E:\laragon\www\h5\public/../application/ymq\view\game_live\live.html [ array (
) ]
[ info ] [ LOG ] INIT File
---------------------------------------------------------------
[ 2018-09-19T17:58:52+08:00 ] 127.0.0.1 GET /ymq/game_live/live.html
[ info ] h5.cc:8080/ymq/game_live/live.html [运行时间：0.051984s][吞吐率：19.24req/s] [内存消耗：1,887.97kb] [文件加载：46]
[ info ] [ LANG ] E:\laragon\www\h5\thinkphp\lang\zh-cn.php
[ info ] [ ROUTE ] array (
  'type' => 'module',
  'module' => 
  array (
    0 => 'ymq',
    1 => 'game_live',
    2 => 'live',
  ),
)
[ info ] [ HEADER ] array (
  'cookie' => 'Hm_lvt_080836300300be57b7f34f4b3e97d911=1536726899,1536911144,1536981753; username=admin',
  'accept-language' => 'zh-CN,zh;q=0.9',
  'accept-encoding' => 'gzip, deflate',
  'referer' => 'http://h5.cc:8080/ymq/index/index.html',
  'accept' => 'text/html,application/xhtml+xml,application/xml;q=0.9,image/webp,image/apng,*/*;q=0.8',
  'user-agent' => 'Mozilla/5.0 (Windows NT 10.0; WOW64) AppleWebKit/537.36 (KHTML, like Gecko) Chrome/69.0.3497.81 Safari/537.36',
  'upgrade-insecure-requests' => '1',
  'cache-control' => 'max-age=0',
  'connection' => 'keep-alive',
  'host' => 'h5.cc:8080',
  'content-length' => '',
  'content-type' => '',
)
[ info ] [ PARAM ] array (
)
[ info ] [ RUN ] app\ymq\controller\GameLive->live[ E:\laragon\www\h5\application\ymq\controller\GameLive.php ]
[ info ] [ VIEW ] E:\laragon\www\h5\public/../application/ymq\view\game_live\live.html [ array (
) ]
[ info ] [ LOG ] INIT File
---------------------------------------------------------------
[ 2018-09-19T17:59:27+08:00 ] 127.0.0.1 GET /ymq/game_live/livelist/phase_id/1/bigGame_id/1.html
[ info ] h5.cc:8080/ymq/game_live/livelist/phase_id/1/bigGame_id/1.html [运行时间：0.045242s][吞吐率：22.10req/s] [内存消耗：2,536.54kb] [文件加载：51]
[ info ] [ LANG ] E:\laragon\www\h5\thinkphp\lang\zh-cn.php
[ info ] [ ROUTE ] array (
  'type' => 'module',
  'module' => 
  array (
    0 => 'ymq',
    1 => 'game_live',
    2 => 'livelist',
  ),
)
[ info ] [ HEADER ] array (
  'cookie' => 'Hm_lvt_080836300300be57b7f34f4b3e97d911=1536726899,1536911144,1536981753; username=admin',
  'accept-language' => 'zh-CN,zh;q=0.9',
  'accept-encoding' => 'gzip, deflate',
  'referer' => 'http://h5.cc:8080/ymq/index/index.html',
  'accept' => 'text/html,application/xhtml+xml,application/xml;q=0.9,image/webp,image/apng,*/*;q=0.8',
  'user-agent' => 'Mozilla/5.0 (Windows NT 10.0; WOW64) AppleWebKit/537.36 (KHTML, like Gecko) Chrome/69.0.3497.81 Safari/537.36',
  'upgrade-insecure-requests' => '1',
  'cache-control' => 'max-age=0',
  'connection' => 'keep-alive',
  'host' => 'h5.cc:8080',
  'content-length' => '',
  'content-type' => '',
)
[ info ] [ PARAM ] array (
  'phase_id' => '1',
  'bigGame_id' => '1',
)
[ info ] [ RUN ] app\ymq\controller\GameLive->liveList[ E:\laragon\www\h5\application\ymq\controller\GameLive.php ]
[ info ] [ DB ] INIT mysql
[ info ] [ VIEW ] E:\laragon\www\h5\public/../application/ymq\view\game_live\live_list.html [ array (
  0 => 'list',
) ]
[ info ] [ LOG ] INIT File
[ sql ] [ DB ] CONNECT:[ UseTime:0.001081s ] mysql:host=127.0.0.1;dbname=tp5;charset=utf8
[ sql ] [ SQL ] SHOW COLUMNS FROM `game_live` [ RunTime:0.001881s ]
[ sql ] [ SQL ] SELECT * FROM `game_live` WHERE  `phase_id` = 1  AND `bigGame_id` = 1 [ RunTime:0.000699s ]
---------------------------------------------------------------
[ 2018-09-19T18:02:52+08:00 ] 127.0.0.1 GET /ymq/game_live/livelist/phase_id/1/bigGame_id/1.html
[ info ] h5.cc:8080/ymq/game_live/livelist/phase_id/1/bigGame_id/1.html [运行时间：0.037773s][吞吐率：26.47req/s] [内存消耗：2,536.30kb] [文件加载：51]
[ info ] [ LANG ] E:\laragon\www\h5\thinkphp\lang\zh-cn.php
[ info ] [ ROUTE ] array (
  'type' => 'module',
  'module' => 
  array (
    0 => 'ymq',
    1 => 'game_live',
    2 => 'livelist',
  ),
)
[ info ] [ HEADER ] array (
  'cookie' => 'Hm_lvt_080836300300be57b7f34f4b3e97d911=1536726899,1536911144,1536981753; username=admin',
  'accept-language' => 'zh-CN,zh;q=0.9',
  'accept-encoding' => 'gzip, deflate',
  'referer' => 'http://h5.cc:8080/ymq/index/index.html',
  'accept' => 'text/html,application/xhtml+xml,application/xml;q=0.9,image/webp,image/apng,*/*;q=0.8',
  'user-agent' => 'Mozilla/5.0 (Windows NT 10.0; WOW64) AppleWebKit/537.36 (KHTML, like Gecko) Chrome/69.0.3497.81 Safari/537.36',
  'upgrade-insecure-requests' => '1',
  'cache-control' => 'max-age=0',
  'connection' => 'keep-alive',
  'host' => 'h5.cc:8080',
  'content-length' => '',
  'content-type' => '',
)
[ info ] [ PARAM ] array (
  'phase_id' => '1',
  'bigGame_id' => '1',
)
[ info ] [ RUN ] app\ymq\controller\GameLive->liveList[ E:\laragon\www\h5\application\ymq\controller\GameLive.php ]
[ info ] [ DB ] INIT mysql
[ info ] [ VIEW ] E:\laragon\www\h5\public/../application/ymq\view\game_live\live_list.html [ array (
  0 => 'list',
) ]
[ info ] [ LOG ] INIT File
[ sql ] [ DB ] CONNECT:[ UseTime:0.000999s ] mysql:host=127.0.0.1;dbname=tp5;charset=utf8
[ sql ] [ SQL ] SHOW COLUMNS FROM `game_live` [ RunTime:0.001758s ]
[ sql ] [ SQL ] SELECT * FROM `game_live` WHERE  `phase_id` = 1  AND `bigGame_id` = 1 [ RunTime:0.000660s ]
---------------------------------------------------------------
[ 2018-09-19T18:11:14+08:00 ] 127.0.0.1 GET /ymq/game_live/live.html
[ info ] h5.cc:8080/ymq/game_live/live.html [运行时间：0.052938s][吞吐率：18.89req/s] [内存消耗：1,887.97kb] [文件加载：46]
[ info ] [ LANG ] E:\laragon\www\h5\thinkphp\lang\zh-cn.php
[ info ] [ ROUTE ] array (
  'type' => 'module',
  'module' => 
  array (
    0 => 'ymq',
    1 => 'game_live',
    2 => 'live',
  ),
)
[ info ] [ HEADER ] array (
  'cookie' => 'Hm_lvt_080836300300be57b7f34f4b3e97d911=1536726899,1536911144,1536981753; username=admin',
  'accept-language' => 'zh-CN,zh;q=0.9',
  'accept-encoding' => 'gzip, deflate',
  'referer' => 'http://h5.cc:8080/ymq/index/index.html',
  'accept' => 'text/html,application/xhtml+xml,application/xml;q=0.9,image/webp,image/apng,*/*;q=0.8',
  'user-agent' => 'Mozilla/5.0 (Windows NT 10.0; WOW64) AppleWebKit/537.36 (KHTML, like Gecko) Chrome/69.0.3497.81 Safari/537.36',
  'upgrade-insecure-requests' => '1',
  'cache-control' => 'max-age=0',
  'connection' => 'keep-alive',
  'host' => 'h5.cc:8080',
  'content-length' => '',
  'content-type' => '',
)
[ info ] [ PARAM ] array (
)
[ info ] [ RUN ] app\ymq\controller\GameLive->live[ E:\laragon\www\h5\application\ymq\controller\GameLive.php ]
[ info ] [ VIEW ] E:\laragon\www\h5\public/../application/ymq\view\game_live\live.html [ array (
) ]
[ info ] [ LOG ] INIT File
---------------------------------------------------------------
[ 2018-09-19T18:12:18+08:00 ] 127.0.0.1 GET /ymq/sport/sportlist
[ info ] h5.cc:8080/ymq/sport/sportlist [运行时间：0.146163s][吞吐率：6.84req/s] [内存消耗：2,676.60kb] [文件加载：53]
[ info ] [ LANG ] E:\laragon\www\h5\thinkphp\lang\zh-cn.php
[ info ] [ ROUTE ] array (
  'type' => 'module',
  'module' => 
  array (
    0 => 'ymq',
    1 => 'sport',
    2 => 'sportlist',
  ),
)
[ info ] [ HEADER ] array (
  'cookie' => 'Hm_lvt_080836300300be57b7f34f4b3e97d911=1536726899,1536911144,1536981753; username=admin',
  'accept-language' => 'zh-CN,zh;q=0.9',
  'accept-encoding' => 'gzip, deflate',
  'referer' => 'http://h5.cc:8080/ymq/index/index.html',
  'accept' => 'text/html,application/xhtml+xml,application/xml;q=0.9,image/webp,image/apng,*/*;q=0.8',
  'user-agent' => 'Mozilla/5.0 (Windows NT 10.0; WOW64) AppleWebKit/537.36 (KHTML, like Gecko) Chrome/69.0.3497.81 Safari/537.36',
  'upgrade-insecure-requests' => '1',
  'connection' => 'keep-alive',
  'host' => 'h5.cc:8080',
  'content-length' => '',
  'content-type' => '',
)
[ info ] [ PARAM ] array (
)
[ info ] [ RUN ] app\ymq\controller\Sport->sportList[ E:\laragon\www\h5\application\ymq\controller\Sport.php ]
[ info ] [ DB ] INIT mysql
[ info ] [ VIEW ] E:\laragon\www\h5\public/../application/ymq\view\sport\sport_list.html [ array (
  0 => 'list',
) ]
[ info ] [ LOG ] INIT File
[ sql ] [ DB ] CONNECT:[ UseTime:0.000891s ] mysql:host=127.0.0.1;dbname=tp5;charset=utf8
[ sql ] [ SQL ] SHOW COLUMNS FROM `sport_name` [ RunTime:0.001553s ]
[ sql ] [ SQL ] SELECT * FROM `sport_name` [ RunTime:0.000330s ]
---------------------------------------------------------------
[ 2018-09-19T18:12:26+08:00 ] 127.0.0.1 GET /ymq/star/index
[ info ] h5.cc:8080/ymq/star/index [运行时间：0.137374s][吞吐率：7.28req/s] [内存消耗：2,681.31kb] [文件加载：53]
[ info ] [ LANG ] E:\laragon\www\h5\thinkphp\lang\zh-cn.php
[ info ] [ ROUTE ] array (
  'type' => 'module',
  'module' => 
  array (
    0 => 'ymq',
    1 => 'star',
    2 => 'index',
  ),
)
[ info ] [ HEADER ] array (
  'cookie' => 'Hm_lvt_080836300300be57b7f34f4b3e97d911=1536726899,1536911144,1536981753; username=admin',
  'accept-language' => 'zh-CN,zh;q=0.9',
  'accept-encoding' => 'gzip, deflate',
  'referer' => 'http://h5.cc:8080/ymq/index/index.html',
  'accept' => 'text/html,application/xhtml+xml,application/xml;q=0.9,image/webp,image/apng,*/*;q=0.8',
  'user-agent' => 'Mozilla/5.0 (Windows NT 10.0; WOW64) AppleWebKit/537.36 (KHTML, like Gecko) Chrome/69.0.3497.81 Safari/537.36',
  'upgrade-insecure-requests' => '1',
  'connection' => 'keep-alive',
  'host' => 'h5.cc:8080',
  'content-length' => '',
  'content-type' => '',
)
[ info ] [ PARAM ] array (
)
[ info ] [ RUN ] app\ymq\controller\Star->index[ E:\laragon\www\h5\application\ymq\controller\Star.php ]
[ info ] [ DB ] INIT mysql
[ info ] [ VIEW ] E:\laragon\www\h5\public/../application/ymq\view\star\index.html [ array (
  0 => 'list',
) ]
[ info ] [ LOG ] INIT File
[ sql ] [ DB ] CONNECT:[ UseTime:0.000798s ] mysql:host=127.0.0.1;dbname=tp5;charset=utf8
[ sql ] [ SQL ] SHOW COLUMNS FROM `star_list` [ RunTime:0.001643s ]
[ sql ] [ SQL ] SELECT * FROM `star_list` [ RunTime:0.000401s ]
---------------------------------------------------------------
[ 2018-09-19T18:12:58+08:00 ] 127.0.0.1 GET /ymq/game_live/live.html
[ info ] h5.cc:8080/ymq/game_live/live.html [运行时间：0.045344s][吞吐率：22.05req/s] [内存消耗：1,887.97kb] [文件加载：46]
[ info ] [ LANG ] E:\laragon\www\h5\thinkphp\lang\zh-cn.php
[ info ] [ ROUTE ] array (
  'type' => 'module',
  'module' => 
  array (
    0 => 'ymq',
    1 => 'game_live',
    2 => 'live',
  ),
)
[ info ] [ HEADER ] array (
  'cookie' => 'Hm_lvt_080836300300be57b7f34f4b3e97d911=1536726899,1536911144,1536981753; username=admin',
  'accept-language' => 'zh-CN,zh;q=0.9',
  'accept-encoding' => 'gzip, deflate',
  'referer' => 'http://h5.cc:8080/ymq/index/index.html',
  'accept' => 'text/html,application/xhtml+xml,application/xml;q=0.9,image/webp,image/apng,*/*;q=0.8',
  'user-agent' => 'Mozilla/5.0 (Windows NT 10.0; WOW64) AppleWebKit/537.36 (KHTML, like Gecko) Chrome/69.0.3497.81 Safari/537.36',
  'upgrade-insecure-requests' => '1',
  'cache-control' => 'max-age=0',
  'connection' => 'keep-alive',
  'host' => 'h5.cc:8080',
  'content-length' => '',
  'content-type' => '',
)
[ info ] [ PARAM ] array (
)
[ info ] [ RUN ] app\ymq\controller\GameLive->live[ E:\laragon\www\h5\application\ymq\controller\GameLive.php ]
[ info ] [ VIEW ] E:\laragon\www\h5\public/../application/ymq\view\game_live\live.html [ array (
) ]
[ info ] [ LOG ] INIT File
---------------------------------------------------------------
[ 2018-09-19T18:36:00+08:00 ] 127.0.0.1 GET /ymq/game_live/live.html
[ info ] h5.cc:8080/ymq/game_live/live.html [运行时间：0.150734s][吞吐率：6.63req/s] [内存消耗：1,935.22kb] [文件加载：50]
[ info ] [ LANG ] E:\laragon\www\h5\thinkphp\lang\zh-cn.php
[ info ] [ ROUTE ] array (
  'type' => 'module',
  'module' => 
  array (
    0 => 'ymq',
    1 => 'game_live',
    2 => 'live',
  ),
)
[ info ] [ HEADER ] array (
  'cookie' => 'Hm_lvt_080836300300be57b7f34f4b3e97d911=1536726899,1536911144,1536981753; username=admin',
  'accept-language' => 'zh-CN,zh;q=0.9',
  'accept-encoding' => 'gzip, deflate',
  'referer' => 'http://h5.cc:8080/ymq/index/index.html',
  'accept' => 'text/html,application/xhtml+xml,application/xml;q=0.9,image/webp,image/apng,*/*;q=0.8',
  'user-agent' => 'Mozilla/5.0 (Windows NT 10.0; WOW64) AppleWebKit/537.36 (KHTML, like Gecko) Chrome/69.0.3497.81 Safari/537.36',
  'upgrade-insecure-requests' => '1',
  'cache-control' => 'max-age=0',
  'connection' => 'keep-alive',
  'host' => 'h5.cc:8080',
  'content-length' => '',
  'content-type' => '',
)
[ info ] [ PARAM ] array (
)
[ info ] [ RUN ] app\ymq\controller\GameLive->live[ E:\laragon\www\h5\application\ymq\controller\GameLive.php ]
[ info ] [ VIEW ] E:\laragon\www\h5\public/../application/ymq\view\game_live\live.html [ array (
) ]
[ info ] [ LOG ] INIT File
[ error ] [8]未定义变量: name[E:\laragon\www\h5\runtime\temp\9f279d8b2ee58748451ed6722c54709d.php:211]
---------------------------------------------------------------
[ 2018-09-19T18:36:32+08:00 ] 127.0.0.1 GET /ymq/game_live/live.html
[ info ] h5.cc:8080/ymq/game_live/live.html [运行时间：0.058026s][吞吐率：17.23req/s] [内存消耗：1,935.22kb] [文件加载：50]
[ info ] [ LANG ] E:\laragon\www\h5\thinkphp\lang\zh-cn.php
[ info ] [ ROUTE ] array (
  'type' => 'module',
  'module' => 
  array (
    0 => 'ymq',
    1 => 'game_live',
    2 => 'live',
  ),
)
[ info ] [ HEADER ] array (
  'cookie' => 'Hm_lvt_080836300300be57b7f34f4b3e97d911=1536726899,1536911144,1536981753; username=admin',
  'accept-language' => 'zh-CN,zh;q=0.9',
  'accept-encoding' => 'gzip, deflate',
  'referer' => 'http://h5.cc:8080/ymq/index/index.html',
  'accept' => 'text/html,application/xhtml+xml,application/xml;q=0.9,image/webp,image/apng,*/*;q=0.8',
  'user-agent' => 'Mozilla/5.0 (Windows NT 10.0; WOW64) AppleWebKit/537.36 (KHTML, like Gecko) Chrome/69.0.3497.81 Safari/537.36',
  'upgrade-insecure-requests' => '1',
  'cache-control' => 'max-age=0',
  'connection' => 'keep-alive',
  'host' => 'h5.cc:8080',
  'content-length' => '',
  'content-type' => '',
)
[ info ] [ PARAM ] array (
)
[ info ] [ RUN ] app\ymq\controller\GameLive->live[ E:\laragon\www\h5\application\ymq\controller\GameLive.php ]
[ info ] [ VIEW ] E:\laragon\www\h5\public/../application/ymq\view\game_live\live.html [ array (
) ]
[ info ] [ LOG ] INIT File
[ error ] [8]未定义变量: name[E:\laragon\www\h5\runtime\temp\9f279d8b2ee58748451ed6722c54709d.php:211]
---------------------------------------------------------------
[ 2018-09-19T18:36:34+08:00 ] 127.0.0.1 GET /ymq/game_live/live.html
[ info ] h5.cc:8080/ymq/game_live/live.html [运行时间：0.025270s][吞吐率：39.57req/s] [内存消耗：1,783.42kb] [文件加载：48]
[ info ] [ LANG ] E:\laragon\www\h5\thinkphp\lang\zh-cn.php
[ info ] [ ROUTE ] array (
  'type' => 'module',
  'module' => 
  array (
    0 => 'ymq',
    1 => 'game_live',
    2 => 'live',
  ),
)
[ info ] [ HEADER ] array (
  'cookie' => 'Hm_lvt_080836300300be57b7f34f4b3e97d911=1536726899,1536911144,1536981753; username=admin',
  'accept-language' => 'zh-CN,zh;q=0.9',
  'accept-encoding' => 'gzip, deflate',
  'referer' => 'http://h5.cc:8080/ymq/index/index.html',
  'accept' => 'text/html,application/xhtml+xml,application/xml;q=0.9,image/webp,image/apng,*/*;q=0.8',
  'user-agent' => 'Mozilla/5.0 (Windows NT 10.0; WOW64) AppleWebKit/537.36 (KHTML, like Gecko) Chrome/69.0.3497.81 Safari/537.36',
  'upgrade-insecure-requests' => '1',
  'cache-control' => 'max-age=0',
  'connection' => 'keep-alive',
  'host' => 'h5.cc:8080',
  'content-length' => '',
  'content-type' => '',
)
[ info ] [ PARAM ] array (
)
[ info ] [ RUN ] app\ymq\controller\GameLive->live[ E:\laragon\www\h5\application\ymq\controller\GameLive.php ]
[ info ] [ VIEW ] E:\laragon\www\h5\public/../application/ymq\view\game_live\live.html [ array (
) ]
[ info ] [ LOG ] INIT File
[ error ] [8]未定义变量: name[E:\laragon\www\h5\runtime\temp\9f279d8b2ee58748451ed6722c54709d.php:211]
---------------------------------------------------------------
[ 2018-09-19T18:37:10+08:00 ] 127.0.0.1 GET /ymq/game_live/live.html
[ info ] h5.cc:8080/ymq/game_live/live.html [运行时间：0.044460s][吞吐率：22.49req/s] [内存消耗：1,935.38kb] [文件加载：50]
[ info ] [ LANG ] E:\laragon\www\h5\thinkphp\lang\zh-cn.php
[ info ] [ ROUTE ] array (
  'type' => 'module',
  'module' => 
  array (
    0 => 'ymq',
    1 => 'game_live',
    2 => 'live',
  ),
)
[ info ] [ HEADER ] array (
  'cookie' => 'Hm_lvt_080836300300be57b7f34f4b3e97d911=1536726899,1536911144,1536981753; username=admin',
  'accept-language' => 'zh-CN,zh;q=0.9',
  'accept-encoding' => 'gzip, deflate',
  'referer' => 'http://h5.cc:8080/ymq/index/index.html',
  'accept' => 'text/html,application/xhtml+xml,application/xml;q=0.9,image/webp,image/apng,*/*;q=0.8',
  'user-agent' => 'Mozilla/5.0 (Windows NT 10.0; WOW64) AppleWebKit/537.36 (KHTML, like Gecko) Chrome/69.0.3497.81 Safari/537.36',
  'upgrade-insecure-requests' => '1',
  'cache-control' => 'max-age=0',
  'connection' => 'keep-alive',
  'host' => 'h5.cc:8080',
  'content-length' => '',
  'content-type' => '',
)
[ info ] [ PARAM ] array (
)
[ info ] [ RUN ] app\ymq\controller\GameLive->live[ E:\laragon\www\h5\application\ymq\controller\GameLive.php ]
[ info ] [ VIEW ] E:\laragon\www\h5\public/../application/ymq\view\game_live\live.html [ array (
) ]
[ info ] [ LOG ] INIT File
[ error ] [2]Use of undefined constant name - assumed 'name' (this will throw an Error in a future version of PHP)[E:\laragon\www\h5\runtime\temp\9f279d8b2ee58748451ed6722c54709d.php:213]
---------------------------------------------------------------
[ 2018-09-19T18:37:16+08:00 ] 127.0.0.1 GET /ymq/admin/adminList
[ info ] h5.cc:8080/ymq/admin/adminList [运行时间：0.117327s][吞吐率：8.52req/s] [内存消耗：2,602.21kb] [文件加载：55]
[ info ] [ LANG ] E:\laragon\www\h5\thinkphp\lang\zh-cn.php
[ info ] [ ROUTE ] array (
  'type' => 'module',
  'module' => 
  array (
    0 => 'ymq',
    1 => 'admin',
    2 => 'adminList',
  ),
)
[ info ] [ HEADER ] array (
  'cookie' => 'Hm_lvt_080836300300be57b7f34f4b3e97d911=1536726899,1536911144,1536981753; username=admin',
  'accept-language' => 'zh-CN,zh;q=0.9',
  'accept-encoding' => 'gzip, deflate',
  'referer' => 'http://h5.cc:8080/ymq/index/index.html',
  'accept' => 'text/html,application/xhtml+xml,application/xml;q=0.9,image/webp,image/apng,*/*;q=0.8',
  'user-agent' => 'Mozilla/5.0 (Windows NT 10.0; WOW64) AppleWebKit/537.36 (KHTML, like Gecko) Chrome/69.0.3497.81 Safari/537.36',
  'upgrade-insecure-requests' => '1',
  'connection' => 'keep-alive',
  'host' => 'h5.cc:8080',
  'content-length' => '',
  'content-type' => '',
)
[ info ] [ PARAM ] array (
)
[ info ] [ RUN ] app\ymq\controller\Admin->adminList[ E:\laragon\www\h5\application\ymq\controller\Admin.php ]
[ info ] [ DB ] INIT mysql
[ info ] [ VIEW ] E:\laragon\www\h5\public/../application/ymq\view\admin\admin_list.html [ array (
  0 => 'admin_list',
) ]
[ info ] [ LOG ] INIT File
[ sql ] [ DB ] CONNECT:[ UseTime:0.001001s ] mysql:host=127.0.0.1;dbname=tp5;charset=utf8
[ sql ] [ SQL ] SHOW COLUMNS FROM `admin_user` [ RunTime:0.001940s ]
[ sql ] [ SQL ] SELECT COUNT(*) AS tp_count FROM `admin_user` `a` INNER JOIN `admin_group_access` `b` ON `a`.`id`=`b`.`uid` INNER JOIN `admin_role_group` `c` ON `b`.`group_id`=`c`.`id` LIMIT 1 [ RunTime:0.002957s ]
[ sql ] [ SQL ] SELECT `a`.`id`,`a`.`username`,`c`.`groupname`,`a`.`create_time`,`a`.`status` FROM `admin_user` `a` INNER JOIN `admin_group_access` `b` ON `a`.`id`=`b`.`uid` INNER JOIN `admin_role_group` `c` ON `b`.`group_id`=`c`.`id` LIMIT 0,10 [ RunTime:0.000508s ]
---------------------------------------------------------------
[ 2018-09-19T18:37:18+08:00 ] 127.0.0.1 GET /ymq/admin/admin
[ info ] h5.cc:8080/ymq/admin/admin [运行时间：0.087292s][吞吐率：11.46req/s] [内存消耗：2,521.31kb] [文件加载：51]
[ info ] [ LANG ] E:\laragon\www\h5\thinkphp\lang\zh-cn.php
[ info ] [ ROUTE ] array (
  'type' => 'module',
  'module' => 
  array (
    0 => 'ymq',
    1 => 'admin',
    2 => 'admin',
  ),
)
[ info ] [ HEADER ] array (
  'cookie' => 'Hm_lvt_080836300300be57b7f34f4b3e97d911=1536726899,1536911144,1536981753; username=admin',
  'accept-language' => 'zh-CN,zh;q=0.9',
  'accept-encoding' => 'gzip, deflate',
  'referer' => 'http://h5.cc:8080/ymq/admin/adminList',
  'accept' => 'text/html,application/xhtml+xml,application/xml;q=0.9,image/webp,image/apng,*/*;q=0.8',
  'user-agent' => 'Mozilla/5.0 (Windows NT 10.0; WOW64) AppleWebKit/537.36 (KHTML, like Gecko) Chrome/69.0.3497.81 Safari/537.36',
  'upgrade-insecure-requests' => '1',
  'connection' => 'keep-alive',
  'host' => 'h5.cc:8080',
  'content-length' => '',
  'content-type' => '',
)
[ info ] [ PARAM ] array (
)
[ info ] [ RUN ] app\ymq\controller\Admin->admin[ E:\laragon\www\h5\application\ymq\controller\Admin.php ]
[ info ] [ DB ] INIT mysql
[ info ] [ VIEW ] E:\laragon\www\h5\public/../application/ymq\view\admin\admin.html [ array (
  0 => 'one',
  1 => 'result',
) ]
[ info ] [ LOG ] INIT File
[ sql ] [ DB ] CONNECT:[ UseTime:0.000867s ] mysql:host=127.0.0.1;dbname=tp5;charset=utf8
[ sql ] [ SQL ] SHOW COLUMNS FROM `admin_role_group` [ RunTime:0.001532s ]
[ sql ] [ SQL ] SELECT * FROM `admin_role_group` [ RunTime:0.000374s ]
[ sql ] [ SQL ] SHOW COLUMNS FROM `admin_user` [ RunTime:0.001709s ]
[ sql ] [ SQL ] SELECT `a`.`id`,`a`.`username`,`b`.`group_id`,`c`.`groupname` FROM `admin_user` `a` INNER JOIN `admin_group_access` `b` ON `a`.`id`=`b`.`uid` INNER JOIN `admin_role_group` `c` ON `b`.`group_id`=`c`.`id` WHERE  `a`.`id` = 0 LIMIT 1 [ RunTime:0.001289s ]
---------------------------------------------------------------
[ 2018-09-19T18:40:20+08:00 ] 127.0.0.1 GET /ymq/game_live/live.html
[ info ] h5.cc:8080/ymq/game_live/live.html [运行时间：0.035798s][吞吐率：27.93req/s] [内存消耗：1,783.58kb] [文件加载：48]
[ info ] [ LANG ] E:\laragon\www\h5\thinkphp\lang\zh-cn.php
[ info ] [ ROUTE ] array (
  'type' => 'module',
  'module' => 
  array (
    0 => 'ymq',
    1 => 'game_live',
    2 => 'live',
  ),
)
[ info ] [ HEADER ] array (
  'cookie' => 'Hm_lvt_080836300300be57b7f34f4b3e97d911=1536726899,1536911144,1536981753; username=admin',
  'accept-language' => 'zh-CN,zh;q=0.9',
  'accept-encoding' => 'gzip, deflate',
  'referer' => 'http://h5.cc:8080/ymq/index/index.html',
  'accept' => 'text/html,application/xhtml+xml,application/xml;q=0.9,image/webp,image/apng,*/*;q=0.8',
  'user-agent' => 'Mozilla/5.0 (Windows NT 10.0; WOW64) AppleWebKit/537.36 (KHTML, like Gecko) Chrome/69.0.3497.81 Safari/537.36',
  'upgrade-insecure-requests' => '1',
  'cache-control' => 'max-age=0',
  'connection' => 'keep-alive',
  'host' => 'h5.cc:8080',
  'content-length' => '',
  'content-type' => '',
)
[ info ] [ PARAM ] array (
)
[ info ] [ RUN ] app\ymq\controller\GameLive->live[ E:\laragon\www\h5\application\ymq\controller\GameLive.php ]
[ info ] [ VIEW ] E:\laragon\www\h5\public/../application/ymq\view\game_live\live.html [ array (
) ]
[ info ] [ LOG ] INIT File
[ error ] [2]Use of undefined constant name - assumed 'name' (this will throw an Error in a future version of PHP)[E:\laragon\www\h5\runtime\temp\9f279d8b2ee58748451ed6722c54709d.php:213]
---------------------------------------------------------------
[ 2018-09-19T18:41:55+08:00 ] 127.0.0.1 GET /ymq/game_live/live.html
[ info ] h5.cc:8080/ymq/game_live/live.html [运行时间：0.048961s][吞吐率：20.42req/s] [内存消耗：1,935.19kb] [文件加载：50]
[ info ] [ LANG ] E:\laragon\www\h5\thinkphp\lang\zh-cn.php
[ info ] [ ROUTE ] array (
  'type' => 'module',
  'module' => 
  array (
    0 => 'ymq',
    1 => 'game_live',
    2 => 'live',
  ),
)
[ info ] [ HEADER ] array (
  'cookie' => 'Hm_lvt_080836300300be57b7f34f4b3e97d911=1536726899,1536911144,1536981753; username=admin',
  'accept-language' => 'zh-CN,zh;q=0.9',
  'accept-encoding' => 'gzip, deflate',
  'referer' => 'http://h5.cc:8080/ymq/index/index.html',
  'accept' => 'text/html,application/xhtml+xml,application/xml;q=0.9,image/webp,image/apng,*/*;q=0.8',
  'user-agent' => 'Mozilla/5.0 (Windows NT 10.0; WOW64) AppleWebKit/537.36 (KHTML, like Gecko) Chrome/69.0.3497.81 Safari/537.36',
  'upgrade-insecure-requests' => '1',
  'cache-control' => 'max-age=0',
  'connection' => 'keep-alive',
  'host' => 'h5.cc:8080',
  'content-length' => '',
  'content-type' => '',
)
[ info ] [ PARAM ] array (
)
[ info ] [ RUN ] app\ymq\controller\GameLive->live[ E:\laragon\www\h5\application\ymq\controller\GameLive.php ]
[ info ] [ VIEW ] E:\laragon\www\h5\public/../application/ymq\view\game_live\live.html [ array (
) ]
[ info ] [ LOG ] INIT File
[ error ] [8]Array to string conversion[E:\laragon\www\h5\runtime\temp\9f279d8b2ee58748451ed6722c54709d.php:211]
---------------------------------------------------------------
[ 2018-09-19T18:45:18+08:00 ] 127.0.0.1 GET /ymq/game_live/live.html
[ info ] h5.cc:8080/ymq/game_live/live.html [运行时间：0.058973s][吞吐率：16.96req/s] [内存消耗：1,935.23kb] [文件加载：50]
[ info ] [ LANG ] E:\laragon\www\h5\thinkphp\lang\zh-cn.php
[ info ] [ ROUTE ] array (
  'type' => 'module',
  'module' => 
  array (
    0 => 'ymq',
    1 => 'game_live',
    2 => 'live',
  ),
)
[ info ] [ HEADER ] array (
  'cookie' => 'Hm_lvt_080836300300be57b7f34f4b3e97d911=1536726899,1536911144,1536981753; username=admin',
  'accept-language' => 'zh-CN,zh;q=0.9',
  'accept-encoding' => 'gzip, deflate',
  'referer' => 'http://h5.cc:8080/ymq/index/index.html',
  'accept' => 'text/html,application/xhtml+xml,application/xml;q=0.9,image/webp,image/apng,*/*;q=0.8',
  'user-agent' => 'Mozilla/5.0 (Windows NT 10.0; WOW64) AppleWebKit/537.36 (KHTML, like Gecko) Chrome/69.0.3497.81 Safari/537.36',
  'upgrade-insecure-requests' => '1',
  'cache-control' => 'max-age=0',
  'connection' => 'keep-alive',
  'host' => 'h5.cc:8080',
  'content-length' => '',
  'content-type' => '',
)
[ info ] [ PARAM ] array (
)
[ info ] [ RUN ] app\ymq\controller\GameLive->live[ E:\laragon\www\h5\application\ymq\controller\GameLive.php ]
[ info ] [ VIEW ] E:\laragon\www\h5\public/../application/ymq\view\game_live\live.html [ array (
) ]
[ info ] [ LOG ] INIT File
[ error ] [8]Array to string conversion[E:\laragon\www\h5\runtime\temp\9f279d8b2ee58748451ed6722c54709d.php:211]
---------------------------------------------------------------
[ 2018-09-19T18:45:20+08:00 ] 127.0.0.1 GET /ymq/game_live/live.html
[ info ] h5.cc:8080/ymq/game_live/live.html [运行时间：0.039818s][吞吐率：25.11req/s] [内存消耗：1,783.44kb] [文件加载：48]
[ info ] [ LANG ] E:\laragon\www\h5\thinkphp\lang\zh-cn.php
[ info ] [ ROUTE ] array (
  'type' => 'module',
  'module' => 
  array (
    0 => 'ymq',
    1 => 'game_live',
    2 => 'live',
  ),
)
[ info ] [ HEADER ] array (
  'cookie' => 'Hm_lvt_080836300300be57b7f34f4b3e97d911=1536726899,1536911144,1536981753; username=admin',
  'accept-language' => 'zh-CN,zh;q=0.9',
  'accept-encoding' => 'gzip, deflate',
  'referer' => 'http://h5.cc:8080/ymq/index/index.html',
  'accept' => 'text/html,application/xhtml+xml,application/xml;q=0.9,image/webp,image/apng,*/*;q=0.8',
  'user-agent' => 'Mozilla/5.0 (Windows NT 10.0; WOW64) AppleWebKit/537.36 (KHTML, like Gecko) Chrome/69.0.3497.81 Safari/537.36',
  'upgrade-insecure-requests' => '1',
  'cache-control' => 'max-age=0',
  'connection' => 'keep-alive',
  'host' => 'h5.cc:8080',
  'content-length' => '',
  'content-type' => '',
)
[ info ] [ PARAM ] array (
)
[ info ] [ RUN ] app\ymq\controller\GameLive->live[ E:\laragon\www\h5\application\ymq\controller\GameLive.php ]
[ info ] [ VIEW ] E:\laragon\www\h5\public/../application/ymq\view\game_live\live.html [ array (
) ]
[ info ] [ LOG ] INIT File
[ error ] [8]Array to string conversion[E:\laragon\www\h5\runtime\temp\9f279d8b2ee58748451ed6722c54709d.php:211]
---------------------------------------------------------------
[ 2018-09-19T18:45:21+08:00 ] 127.0.0.1 GET /ymq/game_live/live.html
[ info ] h5.cc:8080/ymq/game_live/live.html [运行时间：0.036795s][吞吐率：27.18req/s] [内存消耗：1,783.44kb] [文件加载：48]
[ info ] [ LANG ] E:\laragon\www\h5\thinkphp\lang\zh-cn.php
[ info ] [ ROUTE ] array (
  'type' => 'module',
  'module' => 
  array (
    0 => 'ymq',
    1 => 'game_live',
    2 => 'live',
  ),
)
[ info ] [ HEADER ] array (
  'cookie' => 'Hm_lvt_080836300300be57b7f34f4b3e97d911=1536726899,1536911144,1536981753; username=admin',
  'accept-language' => 'zh-CN,zh;q=0.9',
  'accept-encoding' => 'gzip, deflate',
  'referer' => 'http://h5.cc:8080/ymq/index/index.html',
  'accept' => 'text/html,application/xhtml+xml,application/xml;q=0.9,image/webp,image/apng,*/*;q=0.8',
  'user-agent' => 'Mozilla/5.0 (Windows NT 10.0; WOW64) AppleWebKit/537.36 (KHTML, like Gecko) Chrome/69.0.3497.81 Safari/537.36',
  'upgrade-insecure-requests' => '1',
  'cache-control' => 'max-age=0',
  'connection' => 'keep-alive',
  'host' => 'h5.cc:8080',
  'content-length' => '',
  'content-type' => '',
)
[ info ] [ PARAM ] array (
)
[ info ] [ RUN ] app\ymq\controller\GameLive->live[ E:\laragon\www\h5\application\ymq\controller\GameLive.php ]
[ info ] [ VIEW ] E:\laragon\www\h5\public/../application/ymq\view\game_live\live.html [ array (
) ]
[ info ] [ LOG ] INIT File
[ error ] [8]Array to string conversion[E:\laragon\www\h5\runtime\temp\9f279d8b2ee58748451ed6722c54709d.php:211]
---------------------------------------------------------------
[ 2018-09-19T18:45:23+08:00 ] 127.0.0.1 GET /ymq/game_live/live.html
[ info ] h5.cc:8080/ymq/game_live/live.html [运行时间：0.043082s][吞吐率：23.21req/s] [内存消耗：1,783.44kb] [文件加载：48]
[ info ] [ LANG ] E:\laragon\www\h5\thinkphp\lang\zh-cn.php
[ info ] [ ROUTE ] array (
  'type' => 'module',
  'module' => 
  array (
    0 => 'ymq',
    1 => 'game_live',
    2 => 'live',
  ),
)
[ info ] [ HEADER ] array (
  'cookie' => 'Hm_lvt_080836300300be57b7f34f4b3e97d911=1536726899,1536911144,1536981753; username=admin',
  'accept-language' => 'zh-CN,zh;q=0.9',
  'accept-encoding' => 'gzip, deflate',
  'referer' => 'http://h5.cc:8080/ymq/index/index.html',
  'accept' => 'text/html,application/xhtml+xml,application/xml;q=0.9,image/webp,image/apng,*/*;q=0.8',
  'user-agent' => 'Mozilla/5.0 (Windows NT 10.0; WOW64) AppleWebKit/537.36 (KHTML, like Gecko) Chrome/69.0.3497.81 Safari/537.36',
  'upgrade-insecure-requests' => '1',
  'cache-control' => 'max-age=0',
  'connection' => 'keep-alive',
  'host' => 'h5.cc:8080',
  'content-length' => '',
  'content-type' => '',
)
[ info ] [ PARAM ] array (
)
[ info ] [ RUN ] app\ymq\controller\GameLive->live[ E:\laragon\www\h5\application\ymq\controller\GameLive.php ]
[ info ] [ VIEW ] E:\laragon\www\h5\public/../application/ymq\view\game_live\live.html [ array (
) ]
[ info ] [ LOG ] INIT File
[ error ] [8]Array to string conversion[E:\laragon\www\h5\runtime\temp\9f279d8b2ee58748451ed6722c54709d.php:211]
---------------------------------------------------------------
[ 2018-09-19T18:45:36+08:00 ] 127.0.0.1 GET /ymq/index/index.html
[ info ] h5.cc:8080/ymq/index/index.html [运行时间：0.051070s][吞吐率：19.58req/s] [内存消耗：2,551.97kb] [文件加载：53]
[ info ] [ LANG ] E:\laragon\www\h5\thinkphp\lang\zh-cn.php
[ info ] [ ROUTE ] array (
  'type' => 'module',
  'module' => 
  array (
    0 => 'ymq',
    1 => 'index',
    2 => 'index',
  ),
)
[ info ] [ HEADER ] array (
  'cookie' => 'Hm_lvt_080836300300be57b7f34f4b3e97d911=1536726899,1536911144,1536981753; username=admin',
  'accept-language' => 'zh-CN,zh;q=0.9',
  'accept-encoding' => 'gzip, deflate',
  'referer' => 'http://h5.cc:8080/ymq/login/index.html',
  'accept' => 'text/html,application/xhtml+xml,application/xml;q=0.9,image/webp,image/apng,*/*;q=0.8',
  'user-agent' => 'Mozilla/5.0 (Windows NT 10.0; WOW64) AppleWebKit/537.36 (KHTML, like Gecko) Chrome/69.0.3497.81 Safari/537.36',
  'upgrade-insecure-requests' => '1',
  'cache-control' => 'no-cache',
  'pragma' => 'no-cache',
  'connection' => 'keep-alive',
  'host' => 'h5.cc:8080',
  'content-length' => '',
  'content-type' => '',
)
[ info ] [ PARAM ] array (
)
[ info ] [ RUN ] app\ymq\controller\Index->index[ E:\laragon\www\h5\application\ymq\controller\Index.php ]
[ info ] [ DB ] INIT mysql
[ info ] [ VIEW ] E:\laragon\www\h5\public/../application/ymq\view\index\index.html [ array (
  0 => 'result',
) ]
[ info ] [ LOG ] INIT File
[ sql ] [ DB ] CONNECT:[ UseTime:0.001763s ] mysql:host=127.0.0.1;dbname=tp5;charset=utf8
[ sql ] [ SQL ] SHOW COLUMNS FROM `admin_user` [ RunTime:0.001816s ]
[ sql ] [ SQL ] SELECT `id` FROM `admin_user` WHERE  `username` = 'admin' LIMIT 1 [ RunTime:0.000372s ]
[ sql ] [ SQL ] SELECT `a`.*,`b`.`group_id`,`c`.`rules` FROM `admin_user` `a` INNER JOIN `admin_group_access` `b` ON `a`.`id`=`b`.`uid` INNER JOIN `admin_role_group` `c` ON `b`.`group_id`=`c`.`id` WHERE  `a`.`id` = 1 LIMIT 1 [ RunTime:0.002094s ]
[ sql ] [ SQL ] SHOW COLUMNS FROM `admin_rule` [ RunTime:0.001363s ]
[ sql ] [ SQL ] SELECT * FROM `admin_rule` WHERE  (  p_id = 0 ) ORDER BY `id` ASC [ RunTime:0.000300s ]
[ sql ] [ SQL ] SELECT * FROM `admin_rule` WHERE  (  p_id != 0 and is_show = 1 ) ORDER BY `id` ASC [ RunTime:0.000339s ]
---------------------------------------------------------------
[ 2018-09-19T18:45:36+08:00 ] 127.0.0.1 GET /ymq/index/welcome.html
[ info ] h5.cc:8080/ymq/index/welcome.html [运行时间：0.022827s][吞吐率：43.81req/s] [内存消耗：1,592.53kb] [文件加载：41]
[ info ] [ LANG ] E:\laragon\www\h5\thinkphp\lang\zh-cn.php
[ info ] [ ROUTE ] array (
  'type' => 'module',
  'module' => 
  array (
    0 => 'ymq',
    1 => 'index',
    2 => 'welcome',
  ),
)
[ info ] [ HEADER ] array (
  'cookie' => 'Hm_lvt_080836300300be57b7f34f4b3e97d911=1536726899,1536911144,1536981753; username=admin',
  'accept-language' => 'zh-CN,zh;q=0.9',
  'accept-encoding' => 'gzip, deflate',
  'referer' => 'http://h5.cc:8080/ymq/index/index.html',
  'accept' => 'text/html,application/xhtml+xml,application/xml;q=0.9,image/webp,image/apng,*/*;q=0.8',
  'user-agent' => 'Mozilla/5.0 (Windows NT 10.0; WOW64) AppleWebKit/537.36 (KHTML, like Gecko) Chrome/69.0.3497.81 Safari/537.36',
  'upgrade-insecure-requests' => '1',
  'cache-control' => 'no-cache',
  'pragma' => 'no-cache',
  'connection' => 'keep-alive',
  'host' => 'h5.cc:8080',
  'content-length' => '',
  'content-type' => '',
)
[ info ] [ PARAM ] array (
)
[ info ] [ RUN ] app\ymq\controller\Index->welcome[ E:\laragon\www\h5\application\ymq\controller\Index.php ]
[ info ] [ LOG ] INIT File
---------------------------------------------------------------
[ 2018-09-19T18:45:41+08:00 ] 127.0.0.1 GET /ymq/star/index
[ info ] h5.cc:8080/ymq/star/index [运行时间：0.047919s][吞吐率：20.87req/s] [内存消耗：2,524.94kb] [文件加载：51]
[ info ] [ LANG ] E:\laragon\www\h5\thinkphp\lang\zh-cn.php
[ info ] [ ROUTE ] array (
  'type' => 'module',
  'module' => 
  array (
    0 => 'ymq',
    1 => 'star',
    2 => 'index',
  ),
)
[ info ] [ HEADER ] array (
  'cookie' => 'Hm_lvt_080836300300be57b7f34f4b3e97d911=1536726899,1536911144,1536981753; username=admin',
  'accept-language' => 'zh-CN,zh;q=0.9',
  'accept-encoding' => 'gzip, deflate',
  'referer' => 'http://h5.cc:8080/ymq/index/index.html',
  'accept' => 'text/html,application/xhtml+xml,application/xml;q=0.9,image/webp,image/apng,*/*;q=0.8',
  'user-agent' => 'Mozilla/5.0 (Windows NT 10.0; WOW64) AppleWebKit/537.36 (KHTML, like Gecko) Chrome/69.0.3497.81 Safari/537.36',
  'upgrade-insecure-requests' => '1',
  'connection' => 'keep-alive',
  'host' => 'h5.cc:8080',
  'content-length' => '',
  'content-type' => '',
)
[ info ] [ PARAM ] array (
)
[ info ] [ RUN ] app\ymq\controller\Star->index[ E:\laragon\www\h5\application\ymq\controller\Star.php ]
[ info ] [ DB ] INIT mysql
[ info ] [ VIEW ] E:\laragon\www\h5\public/../application/ymq\view\star\index.html [ array (
  0 => 'list',
) ]
[ info ] [ LOG ] INIT File
[ sql ] [ DB ] CONNECT:[ UseTime:0.011283s ] mysql:host=127.0.0.1;dbname=tp5;charset=utf8
[ sql ] [ SQL ] SHOW COLUMNS FROM `star_list` [ RunTime:0.001915s ]
[ sql ] [ SQL ] SELECT * FROM `star_list` [ RunTime:0.000436s ]
---------------------------------------------------------------
[ 2018-09-19T18:45:48+08:00 ] 127.0.0.1 GET /ymq/match/matchlist
[ info ] h5.cc:8080/ymq/match/matchlist [运行时间：0.048087s][吞吐率：20.80req/s] [内存消耗：2,539.95kb] [文件加载：51]
[ info ] [ LANG ] E:\laragon\www\h5\thinkphp\lang\zh-cn.php
[ info ] [ ROUTE ] array (
  'type' => 'module',
  'module' => 
  array (
    0 => 'ymq',
    1 => 'match',
    2 => 'matchlist',
  ),
)
[ info ] [ HEADER ] array (
  'cookie' => 'Hm_lvt_080836300300be57b7f34f4b3e97d911=1536726899,1536911144,1536981753; username=admin',
  'accept-language' => 'zh-CN,zh;q=0.9',
  'accept-encoding' => 'gzip, deflate',
  'referer' => 'http://h5.cc:8080/ymq/index/index.html',
  'accept' => 'text/html,application/xhtml+xml,application/xml;q=0.9,image/webp,image/apng,*/*;q=0.8',
  'user-agent' => 'Mozilla/5.0 (Windows NT 10.0; WOW64) AppleWebKit/537.36 (KHTML, like Gecko) Chrome/69.0.3497.81 Safari/537.36',
  'upgrade-insecure-requests' => '1',
  'connection' => 'keep-alive',
  'host' => 'h5.cc:8080',
  'content-length' => '',
  'content-type' => '',
)
[ info ] [ PARAM ] array (
)
[ info ] [ RUN ] app\ymq\controller\Match->matchList[ E:\laragon\www\h5\application\ymq\controller\Match.php ]
[ info ] [ DB ] INIT mysql
[ info ] [ VIEW ] E:\laragon\www\h5\public/../application/ymq\view\match\matchlist.html [ array (
  0 => 'list',
) ]
[ info ] [ LOG ] INIT File
[ sql ] [ DB ] CONNECT:[ UseTime:0.001060s ] mysql:host=127.0.0.1;dbname=tp5;charset=utf8
[ sql ] [ SQL ] SHOW COLUMNS FROM `big_game_list` [ RunTime:0.002102s ]
[ sql ] [ SQL ] SELECT * FROM `big_game_list` [ RunTime:0.000700s ]
---------------------------------------------------------------
[ 2018-09-19T18:45:50+08:00 ] 127.0.0.1 GET /ymq/game_phase/phaselist/id/1.html
[ info ] h5.cc:8080/ymq/game_phase/phaselist/id/1.html [运行时间：0.046735s][吞吐率：21.40req/s] [内存消耗：2,522.89kb] [文件加载：51]
[ info ] [ LANG ] E:\laragon\www\h5\thinkphp\lang\zh-cn.php
[ info ] [ ROUTE ] array (
  'type' => 'module',
  'module' => 
  array (
    0 => 'ymq',
    1 => 'game_phase',
    2 => 'phaselist',
  ),
)
[ info ] [ HEADER ] array (
  'cookie' => 'Hm_lvt_080836300300be57b7f34f4b3e97d911=1536726899,1536911144,1536981753; username=admin',
  'accept-language' => 'zh-CN,zh;q=0.9',
  'accept-encoding' => 'gzip, deflate',
  'referer' => 'http://h5.cc:8080/ymq/index/index.html',
  'accept' => 'text/html,application/xhtml+xml,application/xml;q=0.9,image/webp,image/apng,*/*;q=0.8',
  'user-agent' => 'Mozilla/5.0 (Windows NT 10.0; WOW64) AppleWebKit/537.36 (KHTML, like Gecko) Chrome/69.0.3497.81 Safari/537.36',
  'upgrade-insecure-requests' => '1',
  'connection' => 'keep-alive',
  'host' => 'h5.cc:8080',
  'content-length' => '',
  'content-type' => '',
)
[ info ] [ PARAM ] array (
  'id' => '1',
)
[ info ] [ RUN ] app\ymq\controller\GamePhase->phaseList[ E:\laragon\www\h5\application\ymq\controller\GamePhase.php ]
[ info ] [ DB ] INIT mysql
[ info ] [ VIEW ] E:\laragon\www\h5\public/../application/ymq\view\game_phase\phase_list.html [ array (
  0 => 'bigGame_id',
  1 => 'list',
) ]
[ info ] [ LOG ] INIT File
[ sql ] [ DB ] CONNECT:[ UseTime:0.011438s ] mysql:host=127.0.0.1;dbname=tp5;charset=utf8
[ sql ] [ SQL ] SHOW COLUMNS FROM `game_phase` [ RunTime:0.001704s ]
[ sql ] [ SQL ] SELECT * FROM `game_phase` WHERE  `bigGame_id` = 1 [ RunTime:0.000437s ]
---------------------------------------------------------------
[ 2018-09-19T18:45:51+08:00 ] 127.0.0.1 GET /ymq/game_Phase/phase/bigGame_id/1
[ info ] h5.cc:8080/ymq/game_Phase/phase/bigGame_id/1 [运行时间：0.124946s][吞吐率：8.00req/s] [内存消耗：2,661.87kb] [文件加载：53]
[ info ] [ LANG ] E:\laragon\www\h5\thinkphp\lang\zh-cn.php
[ info ] [ ROUTE ] array (
  'type' => 'module',
  'module' => 
  array (
    0 => 'ymq',
    1 => 'game_Phase',
    2 => 'phase',
  ),
)
[ info ] [ HEADER ] array (
  'cookie' => 'Hm_lvt_080836300300be57b7f34f4b3e97d911=1536726899,1536911144,1536981753; username=admin',
  'accept-language' => 'zh-CN,zh;q=0.9',
  'accept-encoding' => 'gzip, deflate',
  'referer' => 'http://h5.cc:8080/ymq/game_phase/phaselist/id/1.html',
  'accept' => 'text/html,application/xhtml+xml,application/xml;q=0.9,image/webp,image/apng,*/*;q=0.8',
  'user-agent' => 'Mozilla/5.0 (Windows NT 10.0; WOW64) AppleWebKit/537.36 (KHTML, like Gecko) Chrome/69.0.3497.81 Safari/537.36',
  'upgrade-insecure-requests' => '1',
  'connection' => 'keep-alive',
  'host' => 'h5.cc:8080',
  'content-length' => '',
  'content-type' => '',
)
[ info ] [ PARAM ] array (
  'bigGame_id' => '1',
)
[ info ] [ RUN ] app\ymq\controller\GamePhase->phase[ E:\laragon\www\h5\application\ymq\controller\GamePhase.php ]
[ info ] [ DB ] INIT mysql
[ info ] [ VIEW ] E:\laragon\www\h5\public/../application/ymq\view\game_phase\phase.html [ array (
  0 => 'one',
  1 => 'bigGame_id',
) ]
[ info ] [ LOG ] INIT File
[ sql ] [ DB ] CONNECT:[ UseTime:0.010656s ] mysql:host=127.0.0.1;dbname=tp5;charset=utf8
[ sql ] [ SQL ] SHOW COLUMNS FROM `game_phase` [ RunTime:0.001589s ]
[ sql ] [ SQL ] SELECT * FROM `game_phase` WHERE  `id` = 0 LIMIT 1 [ RunTime:0.000369s ]
---------------------------------------------------------------
[ 2018-09-19T18:45:53+08:00 ] 127.0.0.1 GET /ymq/game_live/livelist/phase_id/1/bigGame_id/1.html
[ info ] h5.cc:8080/ymq/game_live/livelist/phase_id/1/bigGame_id/1.html [运行时间：0.047908s][吞吐率：20.87req/s] [内存消耗：2,535.80kb] [文件加载：51]
[ info ] [ LANG ] E:\laragon\www\h5\thinkphp\lang\zh-cn.php
[ info ] [ ROUTE ] array (
  'type' => 'module',
  'module' => 
  array (
    0 => 'ymq',
    1 => 'game_live',
    2 => 'livelist',
  ),
)
[ info ] [ HEADER ] array (
  'cookie' => 'Hm_lvt_080836300300be57b7f34f4b3e97d911=1536726899,1536911144,1536981753; username=admin',
  'accept-language' => 'zh-CN,zh;q=0.9',
  'accept-encoding' => 'gzip, deflate',
  'referer' => 'http://h5.cc:8080/ymq/index/index.html',
  'accept' => 'text/html,application/xhtml+xml,application/xml;q=0.9,image/webp,image/apng,*/*;q=0.8',
  'user-agent' => 'Mozilla/5.0 (Windows NT 10.0; WOW64) AppleWebKit/537.36 (KHTML, like Gecko) Chrome/69.0.3497.81 Safari/537.36',
  'upgrade-insecure-requests' => '1',
  'connection' => 'keep-alive',
  'host' => 'h5.cc:8080',
  'content-length' => '',
  'content-type' => '',
)
[ info ] [ PARAM ] array (
  'phase_id' => '1',
  'bigGame_id' => '1',
)
[ info ] [ RUN ] app\ymq\controller\GameLive->liveList[ E:\laragon\www\h5\application\ymq\controller\GameLive.php ]
[ info ] [ DB ] INIT mysql
[ info ] [ VIEW ] E:\laragon\www\h5\public/../application/ymq\view\game_live\live_list.html [ array (
  0 => 'list',
) ]
[ info ] [ LOG ] INIT File
[ sql ] [ DB ] CONNECT:[ UseTime:0.000763s ] mysql:host=127.0.0.1;dbname=tp5;charset=utf8
[ sql ] [ SQL ] SHOW COLUMNS FROM `game_live` [ RunTime:0.001699s ]
[ sql ] [ SQL ] SELECT * FROM `game_live` WHERE  `phase_id` = 1  AND `bigGame_id` = 1 [ RunTime:0.000639s ]
---------------------------------------------------------------
[ 2018-09-19T18:45:54+08:00 ] 127.0.0.1 GET /ymq/game_live/live.html
[ info ] h5.cc:8080/ymq/game_live/live.html [运行时间：0.048571s][吞吐率：20.59req/s] [内存消耗：1,888.32kb] [文件加载：46]
[ info ] [ LANG ] E:\laragon\www\h5\thinkphp\lang\zh-cn.php
[ info ] [ ROUTE ] array (
  'type' => 'module',
  'module' => 
  array (
    0 => 'ymq',
    1 => 'game_live',
    2 => 'live',
  ),
)
[ info ] [ HEADER ] array (
  'cookie' => 'Hm_lvt_080836300300be57b7f34f4b3e97d911=1536726899,1536911144,1536981753; username=admin',
  'accept-language' => 'zh-CN,zh;q=0.9',
  'accept-encoding' => 'gzip, deflate',
  'referer' => 'http://h5.cc:8080/ymq/index/index.html',
  'accept' => 'text/html,application/xhtml+xml,application/xml;q=0.9,image/webp,image/apng,*/*;q=0.8',
  'user-agent' => 'Mozilla/5.0 (Windows NT 10.0; WOW64) AppleWebKit/537.36 (KHTML, like Gecko) Chrome/69.0.3497.81 Safari/537.36',
  'upgrade-insecure-requests' => '1',
  'connection' => 'keep-alive',
  'host' => 'h5.cc:8080',
  'content-length' => '',
  'content-type' => '',
)
[ info ] [ PARAM ] array (
)
[ info ] [ RUN ] app\ymq\controller\GameLive->live[ E:\laragon\www\h5\application\ymq\controller\GameLive.php ]
[ info ] [ VIEW ] E:\laragon\www\h5\public/../application/ymq\view\game_live\live.html [ array (
) ]
[ info ] [ LOG ] INIT File
---------------------------------------------------------------
[ 2018-09-19T18:47:13+08:00 ] 127.0.0.1 GET /ymq/game_live/live.html
[ info ] h5.cc:8080/ymq/game_live/live.html [运行时间：0.021667s][吞吐率：46.15req/s] [内存消耗：1,664.74kb] [文件加载：44]
[ info ] [ LANG ] E:\laragon\www\h5\thinkphp\lang\zh-cn.php
[ info ] [ ROUTE ] array (
  'type' => 'module',
  'module' => 
  array (
    0 => 'ymq',
    1 => 'game_live',
    2 => 'live',
  ),
)
[ info ] [ HEADER ] array (
  'cookie' => 'Hm_lvt_080836300300be57b7f34f4b3e97d911=1536726899,1536911144,1536981753; username=admin',
  'accept-language' => 'zh-CN,zh;q=0.9',
  'accept-encoding' => 'gzip, deflate',
  'referer' => 'http://h5.cc:8080/ymq/index/index.html',
  'accept' => 'text/html,application/xhtml+xml,application/xml;q=0.9,image/webp,image/apng,*/*;q=0.8',
  'user-agent' => 'Mozilla/5.0 (Windows NT 10.0; WOW64) AppleWebKit/537.36 (KHTML, like Gecko) Chrome/69.0.3497.81 Safari/537.36',
  'upgrade-insecure-requests' => '1',
  'cache-control' => 'max-age=0',
  'connection' => 'keep-alive',
  'host' => 'h5.cc:8080',
  'content-length' => '',
  'content-type' => '',
)
[ info ] [ PARAM ] array (
)
[ info ] [ RUN ] app\ymq\controller\GameLive->live[ E:\laragon\www\h5\application\ymq\controller\GameLive.php ]
[ info ] [ VIEW ] E:\laragon\www\h5\public/../application/ymq\view\game_live\live.html [ array (
) ]
[ info ] [ LOG ] INIT File
---------------------------------------------------------------
[ 2018-09-19T18:47:19+08:00 ] 127.0.0.1 GET /ymq/game_live/search.html?name=x&who=1
[ info ] h5.cc:8080/ymq/game_live/search.html?name=x&who=1 [运行时间：0.044876s][吞吐率：22.28req/s] [内存消耗：1,634.26kb] [文件加载：44]
[ info ] [ LANG ] E:\laragon\www\h5\thinkphp\lang\zh-cn.php
[ info ] [ ROUTE ] array (
  'type' => 'module',
  'module' => 
  array (
    0 => 'ymq',
    1 => 'game_live',
    2 => 'search',
  ),
)
[ info ] [ HEADER ] array (
  'cookie' => 'Hm_lvt_080836300300be57b7f34f4b3e97d911=1536726899,1536911144,1536981753; username=admin',
  'accept-language' => 'zh-CN,zh;q=0.9',
  'accept-encoding' => 'gzip, deflate',
  'referer' => 'http://h5.cc:8080/ymq/game_live/live.html',
  'user-agent' => 'Mozilla/5.0 (Windows NT 10.0; WOW64) AppleWebKit/537.36 (KHTML, like Gecko) Chrome/69.0.3497.81 Safari/537.36',
  'x-requested-with' => 'XMLHttpRequest',
  'accept' => '*/*',
  'connection' => 'keep-alive',
  'host' => 'h5.cc:8080',
  'content-length' => '',
  'content-type' => '',
)
[ info ] [ PARAM ] array (
  'name' => 'x',
  'who' => '1',
)
[ info ] [ LOG ] INIT File
---------------------------------------------------------------
[ 2018-09-19T18:47:19+08:00 ] 127.0.0.1 GET /ymq/game_live/search.html?name=xi&who=1
[ info ] h5.cc:8080/ymq/game_live/search.html?name=xi&who=1 [运行时间：0.025664s][吞吐率：38.96req/s] [内存消耗：1,634.54kb] [文件加载：44]
[ info ] [ LANG ] E:\laragon\www\h5\thinkphp\lang\zh-cn.php
[ info ] [ ROUTE ] array (
  'type' => 'module',
  'module' => 
  array (
    0 => 'ymq',
    1 => 'game_live',
    2 => 'search',
  ),
)
[ info ] [ HEADER ] array (
  'cookie' => 'Hm_lvt_080836300300be57b7f34f4b3e97d911=1536726899,1536911144,1536981753; username=admin',
  'accept-language' => 'zh-CN,zh;q=0.9',
  'accept-encoding' => 'gzip, deflate',
  'referer' => 'http://h5.cc:8080/ymq/game_live/live.html',
  'user-agent' => 'Mozilla/5.0 (Windows NT 10.0; WOW64) AppleWebKit/537.36 (KHTML, like Gecko) Chrome/69.0.3497.81 Safari/537.36',
  'x-requested-with' => 'XMLHttpRequest',
  'accept' => '*/*',
  'connection' => 'keep-alive',
  'host' => 'h5.cc:8080',
  'content-length' => '',
  'content-type' => '',
)
[ info ] [ PARAM ] array (
  'name' => 'xi',
  'who' => '1',
)
[ info ] [ LOG ] INIT File
---------------------------------------------------------------
[ 2018-09-19T18:47:19+08:00 ] 127.0.0.1 GET /ymq/game_live/search.html?name=xiao&who=1
[ info ] h5.cc:8080/ymq/game_live/search.html?name=xiao&who=1 [运行时间：0.033802s][吞吐率：29.58req/s] [内存消耗：1,634.54kb] [文件加载：44]
[ info ] [ LANG ] E:\laragon\www\h5\thinkphp\lang\zh-cn.php
[ info ] [ ROUTE ] array (
  'type' => 'module',
  'module' => 
  array (
    0 => 'ymq',
    1 => 'game_live',
    2 => 'search',
  ),
)
[ info ] [ HEADER ] array (
  'cookie' => 'Hm_lvt_080836300300be57b7f34f4b3e97d911=1536726899,1536911144,1536981753; username=admin',
  'accept-language' => 'zh-CN,zh;q=0.9',
  'accept-encoding' => 'gzip, deflate',
  'referer' => 'http://h5.cc:8080/ymq/game_live/live.html',
  'user-agent' => 'Mozilla/5.0 (Windows NT 10.0; WOW64) AppleWebKit/537.36 (KHTML, like Gecko) Chrome/69.0.3497.81 Safari/537.36',
  'x-requested-with' => 'XMLHttpRequest',
  'accept' => '*/*',
  'connection' => 'keep-alive',
  'host' => 'h5.cc:8080',
  'content-length' => '',
  'content-type' => '',
)
[ info ] [ PARAM ] array (
  'name' => 'xiao',
  'who' => '1',
)
[ info ] [ LOG ] INIT File
---------------------------------------------------------------
[ 2018-09-19T18:47:19+08:00 ] 127.0.0.1 GET /ymq/game_live/search.html?name=xiao&who=1
[ info ] h5.cc:8080/ymq/game_live/search.html?name=xiao&who=1 [运行时间：0.026561s][吞吐率：37.65req/s] [内存消耗：1,634.54kb] [文件加载：44]
[ info ] [ LANG ] E:\laragon\www\h5\thinkphp\lang\zh-cn.php
[ info ] [ ROUTE ] array (
  'type' => 'module',
  'module' => 
  array (
    0 => 'ymq',
    1 => 'game_live',
    2 => 'search',
  ),
)
[ info ] [ HEADER ] array (
  'cookie' => 'Hm_lvt_080836300300be57b7f34f4b3e97d911=1536726899,1536911144,1536981753; username=admin',
  'accept-language' => 'zh-CN,zh;q=0.9',
  'accept-encoding' => 'gzip, deflate',
  'referer' => 'http://h5.cc:8080/ymq/game_live/live.html',
  'user-agent' => 'Mozilla/5.0 (Windows NT 10.0; WOW64) AppleWebKit/537.36 (KHTML, like Gecko) Chrome/69.0.3497.81 Safari/537.36',
  'x-requested-with' => 'XMLHttpRequest',
  'accept' => '*/*',
  'connection' => 'keep-alive',
  'host' => 'h5.cc:8080',
  'content-length' => '',
  'content-type' => '',
)
[ info ] [ PARAM ] array (
  'name' => 'xiao',
  'who' => '1',
)
[ info ] [ LOG ] INIT File
---------------------------------------------------------------
[ 2018-09-19T18:47:21+08:00 ] 127.0.0.1 GET /ymq/game_live/search.html?name=%E5%B0%8F&who=1
[ info ] h5.cc:8080/ymq/game_live/search.html?name=%E5%B0%8F&who=1 [运行时间：0.025391s][吞吐率：39.38req/s] [内存消耗：1,634.55kb] [文件加载：44]
[ info ] [ LANG ] E:\laragon\www\h5\thinkphp\lang\zh-cn.php
[ info ] [ ROUTE ] array (
  'type' => 'module',
  'module' => 
  array (
    0 => 'ymq',
    1 => 'game_live',
    2 => 'search',
  ),
)
[ info ] [ HEADER ] array (
  'cookie' => 'Hm_lvt_080836300300be57b7f34f4b3e97d911=1536726899,1536911144,1536981753; username=admin',
  'accept-language' => 'zh-CN,zh;q=0.9',
  'accept-encoding' => 'gzip, deflate',
  'referer' => 'http://h5.cc:8080/ymq/game_live/live.html',
  'user-agent' => 'Mozilla/5.0 (Windows NT 10.0; WOW64) AppleWebKit/537.36 (KHTML, like Gecko) Chrome/69.0.3497.81 Safari/537.36',
  'x-requested-with' => 'XMLHttpRequest',
  'accept' => '*/*',
  'connection' => 'keep-alive',
  'host' => 'h5.cc:8080',
  'content-length' => '',
  'content-type' => '',
)
[ info ] [ PARAM ] array (
  'name' => '小',
  'who' => '1',
)
[ info ] [ LOG ] INIT File
---------------------------------------------------------------
[ 2018-09-19T18:47:24+08:00 ] 127.0.0.1 GET /ymq/game_live/search.html?name=&who=1
[ info ] h5.cc:8080/ymq/game_live/search.html?name=&who=1 [运行时间：0.021810s][吞吐率：45.85req/s] [内存消耗：1,634.26kb] [文件加载：44]
[ info ] [ LANG ] E:\laragon\www\h5\thinkphp\lang\zh-cn.php
[ info ] [ ROUTE ] array (
  'type' => 'module',
  'module' => 
  array (
    0 => 'ymq',
    1 => 'game_live',
    2 => 'search',
  ),
)
[ info ] [ HEADER ] array (
  'cookie' => 'Hm_lvt_080836300300be57b7f34f4b3e97d911=1536726899,1536911144,1536981753; username=admin',
  'accept-language' => 'zh-CN,zh;q=0.9',
  'accept-encoding' => 'gzip, deflate',
  'referer' => 'http://h5.cc:8080/ymq/game_live/live.html',
  'user-agent' => 'Mozilla/5.0 (Windows NT 10.0; WOW64) AppleWebKit/537.36 (KHTML, like Gecko) Chrome/69.0.3497.81 Safari/537.36',
  'x-requested-with' => 'XMLHttpRequest',
  'accept' => '*/*',
  'connection' => 'keep-alive',
  'host' => 'h5.cc:8080',
  'content-length' => '',
  'content-type' => '',
)
[ info ] [ PARAM ] array (
  'name' => '',
  'who' => '1',
)
[ info ] [ LOG ] INIT File
---------------------------------------------------------------
[ 2018-09-19T18:47:25+08:00 ] 127.0.0.1 GET /ymq/game_live/search.html?name=x&who=1
[ info ] h5.cc:8080/ymq/game_live/search.html?name=x&who=1 [运行时间：0.023465s][吞吐率：42.62req/s] [内存消耗：1,634.26kb] [文件加载：44]
[ info ] [ LANG ] E:\laragon\www\h5\thinkphp\lang\zh-cn.php
[ info ] [ ROUTE ] array (
  'type' => 'module',
  'module' => 
  array (
    0 => 'ymq',
    1 => 'game_live',
    2 => 'search',
  ),
)
[ info ] [ HEADER ] array (
  'cookie' => 'Hm_lvt_080836300300be57b7f34f4b3e97d911=1536726899,1536911144,1536981753; username=admin',
  'accept-language' => 'zh-CN,zh;q=0.9',
  'accept-encoding' => 'gzip, deflate',
  'referer' => 'http://h5.cc:8080/ymq/game_live/live.html',
  'user-agent' => 'Mozilla/5.0 (Windows NT 10.0; WOW64) AppleWebKit/537.36 (KHTML, like Gecko) Chrome/69.0.3497.81 Safari/537.36',
  'x-requested-with' => 'XMLHttpRequest',
  'accept' => '*/*',
  'connection' => 'keep-alive',
  'host' => 'h5.cc:8080',
  'content-length' => '',
  'content-type' => '',
)
[ info ] [ PARAM ] array (
  'name' => 'x',
  'who' => '1',
)
[ info ] [ LOG ] INIT File
---------------------------------------------------------------
[ 2018-09-19T18:47:26+08:00 ] 127.0.0.1 GET /ymq/game_live/search.html?name=xi&who=1
[ info ] h5.cc:8080/ymq/game_live/search.html?name=xi&who=1 [运行时间：0.024323s][吞吐率：41.11req/s] [内存消耗：1,634.54kb] [文件加载：44]
[ info ] [ LANG ] E:\laragon\www\h5\thinkphp\lang\zh-cn.php
[ info ] [ ROUTE ] array (
  'type' => 'module',
  'module' => 
  array (
    0 => 'ymq',
    1 => 'game_live',
    2 => 'search',
  ),
)
[ info ] [ HEADER ] array (
  'cookie' => 'Hm_lvt_080836300300be57b7f34f4b3e97d911=1536726899,1536911144,1536981753; username=admin',
  'accept-language' => 'zh-CN,zh;q=0.9',
  'accept-encoding' => 'gzip, deflate',
  'referer' => 'http://h5.cc:8080/ymq/game_live/live.html',
  'user-agent' => 'Mozilla/5.0 (Windows NT 10.0; WOW64) AppleWebKit/537.36 (KHTML, like Gecko) Chrome/69.0.3497.81 Safari/537.36',
  'x-requested-with' => 'XMLHttpRequest',
  'accept' => '*/*',
  'connection' => 'keep-alive',
  'host' => 'h5.cc:8080',
  'content-length' => '',
  'content-type' => '',
)
[ info ] [ PARAM ] array (
  'name' => 'xi',
  'who' => '1',
)
[ info ] [ LOG ] INIT File
---------------------------------------------------------------
[ 2018-09-19T18:47:26+08:00 ] 127.0.0.1 GET /ymq/game_live/search.html?name=xiao&who=1
[ info ] h5.cc:8080/ymq/game_live/search.html?name=xiao&who=1 [运行时间：0.023520s][吞吐率：42.52req/s] [内存消耗：1,634.54kb] [文件加载：44]
[ info ] [ LANG ] E:\laragon\www\h5\thinkphp\lang\zh-cn.php
[ info ] [ ROUTE ] array (
  'type' => 'module',
  'module' => 
  array (
    0 => 'ymq',
    1 => 'game_live',
    2 => 'search',
  ),
)
[ info ] [ HEADER ] array (
  'cookie' => 'Hm_lvt_080836300300be57b7f34f4b3e97d911=1536726899,1536911144,1536981753; username=admin',
  'accept-language' => 'zh-CN,zh;q=0.9',
  'accept-encoding' => 'gzip, deflate',
  'referer' => 'http://h5.cc:8080/ymq/game_live/live.html',
  'user-agent' => 'Mozilla/5.0 (Windows NT 10.0; WOW64) AppleWebKit/537.36 (KHTML, like Gecko) Chrome/69.0.3497.81 Safari/537.36',
  'x-requested-with' => 'XMLHttpRequest',
  'accept' => '*/*',
  'connection' => 'keep-alive',
  'host' => 'h5.cc:8080',
  'content-length' => '',
  'content-type' => '',
)
[ info ] [ PARAM ] array (
  'name' => 'xiao',
  'who' => '1',
)
[ info ] [ LOG ] INIT File
---------------------------------------------------------------
[ 2018-09-19T18:47:26+08:00 ] 127.0.0.1 GET /ymq/game_live/search.html?name=xiao&who=1
[ info ] h5.cc:8080/ymq/game_live/search.html?name=xiao&who=1 [运行时间：0.035563s][吞吐率：28.12req/s] [内存消耗：1,634.54kb] [文件加载：44]
[ info ] [ LANG ] E:\laragon\www\h5\thinkphp\lang\zh-cn.php
[ info ] [ ROUTE ] array (
  'type' => 'module',
  'module' => 
  array (
    0 => 'ymq',
    1 => 'game_live',
    2 => 'search',
  ),
)
[ info ] [ HEADER ] array (
  'cookie' => 'Hm_lvt_080836300300be57b7f34f4b3e97d911=1536726899,1536911144,1536981753; username=admin',
  'accept-language' => 'zh-CN,zh;q=0.9',
  'accept-encoding' => 'gzip, deflate',
  'referer' => 'http://h5.cc:8080/ymq/game_live/live.html',
  'user-agent' => 'Mozilla/5.0 (Windows NT 10.0; WOW64) AppleWebKit/537.36 (KHTML, like Gecko) Chrome/69.0.3497.81 Safari/537.36',
  'x-requested-with' => 'XMLHttpRequest',
  'accept' => '*/*',
  'connection' => 'keep-alive',
  'host' => 'h5.cc:8080',
  'content-length' => '',
  'content-type' => '',
)
[ info ] [ PARAM ] array (
  'name' => 'xiao',
  'who' => '1',
)
[ info ] [ LOG ] INIT File
---------------------------------------------------------------
[ 2018-09-19T18:47:28+08:00 ] 127.0.0.1 GET /ymq/game_live/search.html?name=%E5%B0%8F&who=1
[ info ] h5.cc:8080/ymq/game_live/search.html?name=%E5%B0%8F&who=1 [运行时间：0.022050s][吞吐率：45.35req/s] [内存消耗：1,634.55kb] [文件加载：44]
[ info ] [ LANG ] E:\laragon\www\h5\thinkphp\lang\zh-cn.php
[ info ] [ ROUTE ] array (
  'type' => 'module',
  'module' => 
  array (
    0 => 'ymq',
    1 => 'game_live',
    2 => 'search',
  ),
)
[ info ] [ HEADER ] array (
  'cookie' => 'Hm_lvt_080836300300be57b7f34f4b3e97d911=1536726899,1536911144,1536981753; username=admin',
  'accept-language' => 'zh-CN,zh;q=0.9',
  'accept-encoding' => 'gzip, deflate',
  'referer' => 'http://h5.cc:8080/ymq/game_live/live.html',
  'user-agent' => 'Mozilla/5.0 (Windows NT 10.0; WOW64) AppleWebKit/537.36 (KHTML, like Gecko) Chrome/69.0.3497.81 Safari/537.36',
  'x-requested-with' => 'XMLHttpRequest',
  'accept' => '*/*',
  'connection' => 'keep-alive',
  'host' => 'h5.cc:8080',
  'content-length' => '',
  'content-type' => '',
)
[ info ] [ PARAM ] array (
  'name' => '小',
  'who' => '1',
)
[ info ] [ LOG ] INIT File
---------------------------------------------------------------
[ 2018-09-19T18:47:34+08:00 ] 127.0.0.1 GET /ymq/game_live/search.html?name=&who=1
[ info ] h5.cc:8080/ymq/game_live/search.html?name=&who=1 [运行时间：0.021770s][吞吐率：45.93req/s] [内存消耗：1,634.26kb] [文件加载：44]
[ info ] [ LANG ] E:\laragon\www\h5\thinkphp\lang\zh-cn.php
[ info ] [ ROUTE ] array (
  'type' => 'module',
  'module' => 
  array (
    0 => 'ymq',
    1 => 'game_live',
    2 => 'search',
  ),
)
[ info ] [ HEADER ] array (
  'cookie' => 'Hm_lvt_080836300300be57b7f34f4b3e97d911=1536726899,1536911144,1536981753; username=admin',
  'accept-language' => 'zh-CN,zh;q=0.9',
  'accept-encoding' => 'gzip, deflate',
  'referer' => 'http://h5.cc:8080/ymq/game_live/live.html',
  'user-agent' => 'Mozilla/5.0 (Windows NT 10.0; WOW64) AppleWebKit/537.36 (KHTML, like Gecko) Chrome/69.0.3497.81 Safari/537.36',
  'x-requested-with' => 'XMLHttpRequest',
  'accept' => '*/*',
  'connection' => 'keep-alive',
  'host' => 'h5.cc:8080',
  'content-length' => '',
  'content-type' => '',
)
[ info ] [ PARAM ] array (
  'name' => '',
  'who' => '1',
)
[ info ] [ LOG ] INIT File
