---------------------------------------------------------------
[ 2018-09-30T16:21:07+08:00 ] 127.0.0.1 GET /ymq/index/index
[ info ] h5.cc:8080/ymq/index/index [运行时间：0.191221s][吞吐率：5.23req/s] [内存消耗：1,649.62kb] [文件加载：44]
[ info ] [ LANG ] E:\laragon\www\h5\thinkphp\lang\zh-cn.php
[ info ] [ ROUTE ] array (
  'type' => 'module',
  'module' => 
  array (
    0 => 'ymq',
    1 => 'index',
    2 => 'index',
  ),
)
[ info ] [ HEADER ] array (
  'cookie' => 'Hm_lvt_080836300300be57b7f34f4b3e97d911=1536726899,1536911144,1536981753',
  'accept-language' => 'zh-CN,zh;q=0.9',
  'accept-encoding' => 'gzip, deflate',
  'accept' => 'text/html,application/xhtml+xml,application/xml;q=0.9,image/webp,image/apng,*/*;q=0.8',
  'user-agent' => 'Mozilla/5.0 (Windows NT 10.0; WOW64) AppleWebKit/537.36 (KHTML, like Gecko) Chrome/69.0.3497.81 Safari/537.36',
  'upgrade-insecure-requests' => '1',
  'cache-control' => 'max-age=0',
  'connection' => 'keep-alive',
  'host' => 'h5.cc:8080',
  'content-length' => '',
  'content-type' => '',
)
[ info ] [ PARAM ] array (
)
[ info ] [ VIEW ] E:\laragon\www\h5\thinkphp\tpl\dispatch_jump.tpl [ array (
  0 => 'code',
  1 => 'msg',
  2 => 'data',
  3 => 'url',
  4 => 'wait',
) ]
[ info ] [ LOG ] INIT File
---------------------------------------------------------------
[ 2018-09-30T16:21:11+08:00 ] 127.0.0.1 GET /ymq/login/index.html
[ info ] h5.cc:8080/ymq/login/index.html [运行时间：0.059802s][吞吐率：16.72req/s] [内存消耗：1,651.21kb] [文件加载：42]
[ info ] [ LANG ] E:\laragon\www\h5\thinkphp\lang\zh-cn.php
[ info ] [ ROUTE ] array (
  'type' => 'module',
  'module' => 
  array (
    0 => 'ymq',
    1 => 'login',
    2 => 'index',
  ),
)
[ info ] [ HEADER ] array (
  'cookie' => 'Hm_lvt_080836300300be57b7f34f4b3e97d911=1536726899,1536911144,1536981753',
  'accept-language' => 'zh-CN,zh;q=0.9',
  'accept-encoding' => 'gzip, deflate',
  'referer' => 'http://h5.cc:8080/ymq/index/index',
  'accept' => 'text/html,application/xhtml+xml,application/xml;q=0.9,image/webp,image/apng,*/*;q=0.8',
  'user-agent' => 'Mozilla/5.0 (Windows NT 10.0; WOW64) AppleWebKit/537.36 (KHTML, like Gecko) Chrome/69.0.3497.81 Safari/537.36',
  'upgrade-insecure-requests' => '1',
  'connection' => 'keep-alive',
  'host' => 'h5.cc:8080',
  'content-length' => '',
  'content-type' => '',
)
[ info ] [ PARAM ] array (
)
[ info ] [ RUN ] app\ymq\controller\Login->index[ E:\laragon\www\h5\application\ymq\controller\Login.php ]
[ info ] [ VIEW ] E:\laragon\www\h5\public/../application/ymq\view\login\index.html [ array (
) ]
[ info ] [ LOG ] INIT File
---------------------------------------------------------------
[ 2018-09-30T16:26:41+08:00 ] 127.0.0.1 POST /ymq/login/login.html
[ info ] h5.cc:8080/ymq/login/login.html [运行时间：0.177746s][吞吐率：5.63req/s] [内存消耗：2,618.02kb] [文件加载：48]
[ info ] [ LANG ] E:\laragon\www\h5\thinkphp\lang\zh-cn.php
[ info ] [ ROUTE ] array (
  'type' => 'module',
  'module' => 
  array (
    0 => 'ymq',
    1 => 'login',
    2 => 'login',
  ),
)
[ info ] [ HEADER ] array (
  'cookie' => 'Hm_lvt_080836300300be57b7f34f4b3e97d911=1536726899,1536911144,1536981753',
  'accept-language' => 'zh-CN,zh;q=0.9',
  'accept-encoding' => 'gzip, deflate',
  'referer' => 'http://h5.cc:8080/ymq/login/index.html',
  'content-type' => 'application/x-www-form-urlencoded; charset=UTF-8',
  'user-agent' => 'Mozilla/5.0 (Windows NT 10.0; WOW64) AppleWebKit/537.36 (KHTML, like Gecko) Chrome/69.0.3497.81 Safari/537.36',
  'x-requested-with' => 'XMLHttpRequest',
  'origin' => 'http://h5.cc:8080',
  'accept' => 'application/json, text/javascript, */*; q=0.01',
  'content-length' => '30',
  'connection' => 'keep-alive',
  'host' => 'h5.cc:8080',
)
[ info ] [ PARAM ] array (
  'username' => 'admin',
  'password' => '123456',
)
[ info ] [ RUN ] app\ymq\controller\Login->login[ E:\laragon\www\h5\application\ymq\controller\Login.php ]
[ info ] [ DB ] INIT mysql
[ info ] [ LOG ] INIT File
[ sql ] [ DB ] CONNECT:[ UseTime:0.003659s ] mysql:host=127.0.0.1;dbname=tp5;charset=utf8
[ sql ] [ SQL ] SHOW COLUMNS FROM `admin_user` [ RunTime:0.005054s ]
[ sql ] [ SQL ] SELECT * FROM `admin_user` WHERE  `username` = 'admin' LIMIT 1 [ RunTime:0.001699s ]
[ sql ] [ SQL ] UPDATE `admin_user`  SET `ip`='127.0.0.1',`login_time`=1538296001  WHERE  `username` = 'admin' [ RunTime:0.015969s ]
---------------------------------------------------------------
[ 2018-09-30T16:26:42+08:00 ] 127.0.0.1 GET /ymq/index/index.html
[ info ] h5.cc:8080/ymq/index/index.html [运行时间：0.084463s][吞吐率：11.84req/s] [内存消耗：2,568.63kb] [文件加载：53]
[ info ] [ LANG ] E:\laragon\www\h5\thinkphp\lang\zh-cn.php
[ info ] [ ROUTE ] array (
  'type' => 'module',
  'module' => 
  array (
    0 => 'ymq',
    1 => 'index',
    2 => 'index',
  ),
)
[ info ] [ HEADER ] array (
  'cookie' => 'Hm_lvt_080836300300be57b7f34f4b3e97d911=1536726899,1536911144,1536981753; username=admin',
  'accept-language' => 'zh-CN,zh;q=0.9',
  'accept-encoding' => 'gzip, deflate',
  'referer' => 'http://h5.cc:8080/ymq/login/index.html',
  'accept' => 'text/html,application/xhtml+xml,application/xml;q=0.9,image/webp,image/apng,*/*;q=0.8',
  'user-agent' => 'Mozilla/5.0 (Windows NT 10.0; WOW64) AppleWebKit/537.36 (KHTML, like Gecko) Chrome/69.0.3497.81 Safari/537.36',
  'upgrade-insecure-requests' => '1',
  'connection' => 'keep-alive',
  'host' => 'h5.cc:8080',
  'content-length' => '',
  'content-type' => '',
)
[ info ] [ PARAM ] array (
)
[ info ] [ RUN ] app\ymq\controller\Index->index[ E:\laragon\www\h5\application\ymq\controller\Index.php ]
[ info ] [ DB ] INIT mysql
[ info ] [ VIEW ] E:\laragon\www\h5\public/../application/ymq\view\index\index.html [ array (
  0 => 'result',
) ]
[ info ] [ LOG ] INIT File
[ sql ] [ DB ] CONNECT:[ UseTime:0.001033s ] mysql:host=127.0.0.1;dbname=tp5;charset=utf8
[ sql ] [ SQL ] SHOW COLUMNS FROM `admin_user` [ RunTime:0.001585s ]
[ sql ] [ SQL ] SELECT `id` FROM `admin_user` WHERE  `username` = 'admin' LIMIT 1 [ RunTime:0.000337s ]
[ sql ] [ SQL ] SELECT `a`.*,`b`.`group_id`,`c`.`rules` FROM `admin_user` `a` INNER JOIN `admin_group_access` `b` ON `a`.`id`=`b`.`uid` INNER JOIN `admin_role_group` `c` ON `b`.`group_id`=`c`.`id` WHERE  `a`.`id` = 1 LIMIT 1 [ RunTime:0.002901s ]
[ sql ] [ SQL ] SHOW COLUMNS FROM `admin_rule` [ RunTime:0.001476s ]
[ sql ] [ SQL ] SELECT * FROM `admin_rule` WHERE  (  p_id = 0 ) ORDER BY `id` ASC [ RunTime:0.000392s ]
[ sql ] [ SQL ] SELECT * FROM `admin_rule` WHERE  (  p_id != 0 and is_show = 1 ) ORDER BY `id` ASC [ RunTime:0.000448s ]
---------------------------------------------------------------
[ 2018-09-30T16:26:43+08:00 ] 127.0.0.1 GET /ymq/index/welcome.html
[ info ] h5.cc:8080/ymq/index/welcome.html [运行时间：0.031607s][吞吐率：31.64req/s] [内存消耗：1,592.13kb] [文件加载：41]
[ info ] [ LANG ] E:\laragon\www\h5\thinkphp\lang\zh-cn.php
[ info ] [ ROUTE ] array (
  'type' => 'module',
  'module' => 
  array (
    0 => 'ymq',
    1 => 'index',
    2 => 'welcome',
  ),
)
[ info ] [ HEADER ] array (
  'cookie' => 'Hm_lvt_080836300300be57b7f34f4b3e97d911=1536726899,1536911144,1536981753; username=admin',
  'accept-language' => 'zh-CN,zh;q=0.9',
  'accept-encoding' => 'gzip, deflate',
  'referer' => 'http://h5.cc:8080/ymq/index/index.html',
  'accept' => 'text/html,application/xhtml+xml,application/xml;q=0.9,image/webp,image/apng,*/*;q=0.8',
  'user-agent' => 'Mozilla/5.0 (Windows NT 10.0; WOW64) AppleWebKit/537.36 (KHTML, like Gecko) Chrome/69.0.3497.81 Safari/537.36',
  'upgrade-insecure-requests' => '1',
  'connection' => 'keep-alive',
  'host' => 'h5.cc:8080',
  'content-length' => '',
  'content-type' => '',
)
[ info ] [ PARAM ] array (
)
[ info ] [ RUN ] app\ymq\controller\Index->welcome[ E:\laragon\www\h5\application\ymq\controller\Index.php ]
[ info ] [ LOG ] INIT File
---------------------------------------------------------------
[ 2018-09-30T16:28:15+08:00 ] 127.0.0.1 GET /ymq/match/matchlist
[ info ] h5.cc:8080/ymq/match/matchlist [运行时间：0.092176s][吞吐率：10.85req/s] [内存消耗：2,521.98kb] [文件加载：51]
[ info ] [ LANG ] E:\laragon\www\h5\thinkphp\lang\zh-cn.php
[ info ] [ ROUTE ] array (
  'type' => 'module',
  'module' => 
  array (
    0 => 'ymq',
    1 => 'match',
    2 => 'matchlist',
  ),
)
[ info ] [ HEADER ] array (
  'cookie' => 'Hm_lvt_080836300300be57b7f34f4b3e97d911=1536726899,1536911144,1536981753; username=admin',
  'accept-language' => 'zh-CN,zh;q=0.9',
  'accept-encoding' => 'gzip, deflate',
  'referer' => 'http://h5.cc:8080/ymq/index/index.html',
  'accept' => 'text/html,application/xhtml+xml,application/xml;q=0.9,image/webp,image/apng,*/*;q=0.8',
  'user-agent' => 'Mozilla/5.0 (Windows NT 10.0; WOW64) AppleWebKit/537.36 (KHTML, like Gecko) Chrome/69.0.3497.81 Safari/537.36',
  'upgrade-insecure-requests' => '1',
  'connection' => 'keep-alive',
  'host' => 'h5.cc:8080',
  'content-length' => '',
  'content-type' => '',
)
[ info ] [ PARAM ] array (
)
[ info ] [ RUN ] app\ymq\controller\Match->matchList[ E:\laragon\www\h5\application\ymq\controller\Match.php ]
[ info ] [ DB ] INIT mysql
[ info ] [ VIEW ] E:\laragon\www\h5\public/../application/ymq\view\match\matchlist.html [ array (
  0 => 'list',
) ]
[ info ] [ LOG ] INIT File
[ sql ] [ DB ] CONNECT:[ UseTime:0.010622s ] mysql:host=127.0.0.1;dbname=tp5;charset=utf8
[ sql ] [ SQL ] SHOW COLUMNS FROM `big_game_list` [ RunTime:0.001799s ]
[ sql ] [ SQL ] SELECT * FROM `big_game_list` [ RunTime:0.000429s ]
---------------------------------------------------------------
[ 2018-09-30T16:28:23+08:00 ] 127.0.0.1 GET /ymq/game_phase/phaselist/id/3.html
[ info ] h5.cc:8080/ymq/game_phase/phaselist/id/3.html [运行时间：0.082002s][吞吐率：12.19req/s] [内存消耗：2,524.33kb] [文件加载：51]
[ info ] [ LANG ] E:\laragon\www\h5\thinkphp\lang\zh-cn.php
[ info ] [ ROUTE ] array (
  'type' => 'module',
  'module' => 
  array (
    0 => 'ymq',
    1 => 'game_phase',
    2 => 'phaselist',
  ),
)
[ info ] [ HEADER ] array (
  'cookie' => 'Hm_lvt_080836300300be57b7f34f4b3e97d911=1536726899,1536911144,1536981753; username=admin',
  'accept-language' => 'zh-CN,zh;q=0.9',
  'accept-encoding' => 'gzip, deflate',
  'referer' => 'http://h5.cc:8080/ymq/index/index.html',
  'accept' => 'text/html,application/xhtml+xml,application/xml;q=0.9,image/webp,image/apng,*/*;q=0.8',
  'user-agent' => 'Mozilla/5.0 (Windows NT 10.0; WOW64) AppleWebKit/537.36 (KHTML, like Gecko) Chrome/69.0.3497.81 Safari/537.36',
  'upgrade-insecure-requests' => '1',
  'connection' => 'keep-alive',
  'host' => 'h5.cc:8080',
  'content-length' => '',
  'content-type' => '',
)
[ info ] [ PARAM ] array (
  'id' => '3',
)
[ info ] [ RUN ] app\ymq\controller\GamePhase->phaseList[ E:\laragon\www\h5\application\ymq\controller\GamePhase.php ]
[ info ] [ DB ] INIT mysql
[ info ] [ VIEW ] E:\laragon\www\h5\public/../application/ymq\view\game_phase\phase_list.html [ array (
  0 => 'bigGame_id',
  1 => 'list',
) ]
[ info ] [ LOG ] INIT File
[ sql ] [ DB ] CONNECT:[ UseTime:0.009719s ] mysql:host=127.0.0.1;dbname=tp5;charset=utf8
[ sql ] [ SQL ] SHOW COLUMNS FROM `game_phase` [ RunTime:0.001615s ]
[ sql ] [ SQL ] SELECT * FROM `game_phase` WHERE  `bigGame_id` = 3 [ RunTime:0.000459s ]
---------------------------------------------------------------
[ 2018-09-30T16:28:24+08:00 ] 127.0.0.1 GET /ymq/game_live/livelist/phase_id/7/bigGame_id/3.html
[ info ] h5.cc:8080/ymq/game_live/livelist/phase_id/7/bigGame_id/3.html [运行时间：0.102139s][吞吐率：9.79req/s] [内存消耗：2,568.34kb] [文件加载：51]
[ info ] [ LANG ] E:\laragon\www\h5\thinkphp\lang\zh-cn.php
[ info ] [ ROUTE ] array (
  'type' => 'module',
  'module' => 
  array (
    0 => 'ymq',
    1 => 'game_live',
    2 => 'livelist',
  ),
)
[ info ] [ HEADER ] array (
  'cookie' => 'Hm_lvt_080836300300be57b7f34f4b3e97d911=1536726899,1536911144,1536981753; username=admin',
  'accept-language' => 'zh-CN,zh;q=0.9',
  'accept-encoding' => 'gzip, deflate',
  'referer' => 'http://h5.cc:8080/ymq/index/index.html',
  'accept' => 'text/html,application/xhtml+xml,application/xml;q=0.9,image/webp,image/apng,*/*;q=0.8',
  'user-agent' => 'Mozilla/5.0 (Windows NT 10.0; WOW64) AppleWebKit/537.36 (KHTML, like Gecko) Chrome/69.0.3497.81 Safari/537.36',
  'upgrade-insecure-requests' => '1',
  'connection' => 'keep-alive',
  'host' => 'h5.cc:8080',
  'content-length' => '',
  'content-type' => '',
)
[ info ] [ PARAM ] array (
  'phase_id' => '7',
  'bigGame_id' => '3',
)
[ info ] [ RUN ] app\ymq\controller\GameLive->liveList[ E:\laragon\www\h5\application\ymq\controller\GameLive.php ]
[ info ] [ DB ] INIT mysql
[ info ] [ VIEW ] E:\laragon\www\h5\public/../application/ymq\view\game_live\live_list.html [ array (
  0 => 'list',
  1 => 'bigGame_id',
  2 => 'phase_id',
) ]
[ info ] [ LOG ] INIT File
[ sql ] [ DB ] CONNECT:[ UseTime:0.011616s ] mysql:host=127.0.0.1;dbname=tp5;charset=utf8
[ sql ] [ SQL ] SHOW COLUMNS FROM `game_live` [ RunTime:0.001865s ]
[ sql ] [ SQL ] SELECT * FROM `game_live` WHERE  `phase_id` = 7  AND `bigGame_id` = 3 [ RunTime:0.001137s ]
[ sql ] [ SQL ] SHOW COLUMNS FROM `guess_list` [ RunTime:0.001499s ]
[ sql ] [ SQL ] SELECT * FROM `guess_list` WHERE  `game_id` = 8 LIMIT 1 [ RunTime:0.000448s ]
[ sql ] [ SQL ] SHOW COLUMNS FROM `star_list` [ RunTime:0.001430s ]
[ sql ] [ SQL ] SELECT `c_name` FROM `star_list` WHERE  `id` = 3 LIMIT 1 [ RunTime:0.000400s ]
[ sql ] [ SQL ] SELECT * FROM `guess_list` WHERE  `game_id` = 9 LIMIT 1 [ RunTime:0.000428s ]
---------------------------------------------------------------
[ 2018-09-30T16:28:25+08:00 ] 127.0.0.1 GET /ymq/guess/guesslist/game_id/8/game_number/371.html
[ info ] h5.cc:8080/ymq/guess/guesslist/game_id/8/game_number/371.html [运行时间：0.094465s][吞吐率：10.59req/s] [内存消耗：2,578.22kb] [文件加载：51]
[ info ] [ LANG ] E:\laragon\www\h5\thinkphp\lang\zh-cn.php
[ info ] [ ROUTE ] array (
  'type' => 'module',
  'module' => 
  array (
    0 => 'ymq',
    1 => 'guess',
    2 => 'guesslist',
  ),
)
[ info ] [ HEADER ] array (
  'cookie' => 'Hm_lvt_080836300300be57b7f34f4b3e97d911=1536726899,1536911144,1536981753; username=admin',
  'accept-language' => 'zh-CN,zh;q=0.9',
  'accept-encoding' => 'gzip, deflate',
  'referer' => 'http://h5.cc:8080/ymq/game_live/livelist/phase_id/7/bigGame_id/3.html',
  'accept' => 'text/html,application/xhtml+xml,application/xml;q=0.9,image/webp,image/apng,*/*;q=0.8',
  'user-agent' => 'Mozilla/5.0 (Windows NT 10.0; WOW64) AppleWebKit/537.36 (KHTML, like Gecko) Chrome/69.0.3497.81 Safari/537.36',
  'upgrade-insecure-requests' => '1',
  'connection' => 'keep-alive',
  'host' => 'h5.cc:8080',
  'content-length' => '',
  'content-type' => '',
)
[ info ] [ PARAM ] array (
  'game_id' => '8',
  'game_number' => '371',
)
[ info ] [ RUN ] app\ymq\controller\Guess->guessList[ E:\laragon\www\h5\application\ymq\controller\Guess.php ]
[ info ] [ DB ] INIT mysql
[ info ] [ VIEW ] E:\laragon\www\h5\public/../application/ymq\view\guess\guess_list.html [ array (
  0 => 'list',
  1 => 'game_id',
  2 => 'game_number',
) ]
[ info ] [ LOG ] INIT File
[ sql ] [ DB ] CONNECT:[ UseTime:0.010064s ] mysql:host=127.0.0.1;dbname=tp5;charset=utf8
[ sql ] [ SQL ] SHOW COLUMNS FROM `game_live` [ RunTime:0.001697s ]
[ sql ] [ SQL ] SELECT `game_number` FROM `game_live` WHERE  `id` = 8 LIMIT 1 [ RunTime:0.000391s ]
[ sql ] [ SQL ] SHOW COLUMNS FROM `guess_list` [ RunTime:0.001516s ]
[ sql ] [ SQL ] SELECT `a`.`id`,`d`.`big_game_name`,`b`.`game_number`,`b`.`play_a_name`,`b`.`play_b_name`,`c`.`phasegame_name`,`a`.`start_time`,`a`.`end_time`,`a`.`status`,`a`.`manual_open` FROM `guess_list` `a` LEFT JOIN `game_live` `b` ON `a`.`game_id`=`b`.`id` LEFT JOIN `game_phase` `c` ON `b`.`phase_id`=`c`.`id` LEFT JOIN `big_game_list` `d` ON `c`.`bigGame_id`=`d`.`id` WHERE  `a`.`game_id` = '8' [ RunTime:0.002224s ]
---------------------------------------------------------------
[ 2018-09-30T16:28:28+08:00 ] 127.0.0.1 GET /ymq/guess/guess/id/2.html
[ info ] h5.cc:8080/ymq/guess/guess/id/2.html [运行时间：0.289874s][吞吐率：3.45req/s] [内存消耗：2,863.19kb] [文件加载：53]
[ info ] [ LANG ] E:\laragon\www\h5\thinkphp\lang\zh-cn.php
[ info ] [ ROUTE ] array (
  'type' => 'module',
  'module' => 
  array (
    0 => 'ymq',
    1 => 'guess',
    2 => 'guess',
  ),
)
[ info ] [ HEADER ] array (
  'cookie' => 'Hm_lvt_080836300300be57b7f34f4b3e97d911=1536726899,1536911144,1536981753; username=admin',
  'accept-language' => 'zh-CN,zh;q=0.9',
  'accept-encoding' => 'gzip, deflate',
  'referer' => 'http://h5.cc:8080/ymq/guess/guesslist/game_id/8/game_number/371.html',
  'accept' => 'text/html,application/xhtml+xml,application/xml;q=0.9,image/webp,image/apng,*/*;q=0.8',
  'user-agent' => 'Mozilla/5.0 (Windows NT 10.0; WOW64) AppleWebKit/537.36 (KHTML, like Gecko) Chrome/69.0.3497.81 Safari/537.36',
  'upgrade-insecure-requests' => '1',
  'connection' => 'keep-alive',
  'host' => 'h5.cc:8080',
  'content-length' => '',
  'content-type' => '',
)
[ info ] [ PARAM ] array (
  'id' => '2',
)
[ info ] [ RUN ] app\ymq\controller\Guess->guess[ E:\laragon\www\h5\application\ymq\controller\Guess.php ]
[ info ] [ DB ] INIT mysql
[ info ] [ VIEW ] E:\laragon\www\h5\public/../application/ymq\view\guess\guess.html [ array (
  0 => 'game_id',
  1 => 'game_id_s',
  2 => 'play_a_name',
  3 => 'play_b_name',
  4 => 'game_number',
  5 => 'game_number_s',
  6 => 'time',
  7 => 'guess_end_time',
  8 => 'guess_list_one',
  9 => 'guess_winner_one',
  10 => 'guess_winner_rangfen_one',
  11 => 'guess_gamenumber_one',
  12 => 'guess_winner_jujian_one',
  13 => 'guess_score_one',
  14 => 'pl_arr',
) ]
[ info ] [ LOG ] INIT File
[ sql ] [ DB ] CONNECT:[ UseTime:0.010435s ] mysql:host=127.0.0.1;dbname=tp5;charset=utf8
[ sql ] [ SQL ] SHOW COLUMNS FROM `guess_list` [ RunTime:0.001590s ]
[ sql ] [ SQL ] SELECT * FROM `guess_list` WHERE  `id` = 2 LIMIT 1 [ RunTime:0.000525s ]
[ sql ] [ SQL ] SHOW COLUMNS FROM `star_list` [ RunTime:0.001452s ]
[ sql ] [ SQL ] SELECT `c_name` FROM `star_list` WHERE  `id` = 3 LIMIT 1 [ RunTime:0.000416s ]
[ sql ] [ SQL ] SELECT `c_name` FROM `star_list` WHERE  `id` = 4 LIMIT 1 [ RunTime:0.000373s ]
[ sql ] [ SQL ] SHOW COLUMNS FROM `guess_winner` [ RunTime:0.001496s ]
[ sql ] [ SQL ] SELECT * FROM `guess_winner` WHERE  `game_id` = 8 LIMIT 1 [ RunTime:0.000484s ]
[ sql ] [ SQL ] SHOW COLUMNS FROM `guess_winner_rangfen` [ RunTime:0.001525s ]
[ sql ] [ SQL ] SELECT * FROM `guess_winner_rangfen` WHERE  `game_id` = 8 LIMIT 1 [ RunTime:0.000485s ]
[ sql ] [ SQL ] SHOW COLUMNS FROM `guess_gamenumber` [ RunTime:0.001437s ]
[ sql ] [ SQL ] SELECT * FROM `guess_gamenumber` WHERE  `game_id` = 8 LIMIT 1 [ RunTime:0.000415s ]
[ sql ] [ SQL ] SHOW COLUMNS FROM `guess_winner_jujian` [ RunTime:0.001391s ]
[ sql ] [ SQL ] SELECT * FROM `guess_winner_jujian` WHERE  `game_id` = 8 LIMIT 1 [ RunTime:0.000470s ]
[ sql ] [ SQL ] SHOW COLUMNS FROM `guess_score` [ RunTime:0.001829s ]
[ sql ] [ SQL ] SELECT * FROM `guess_score` WHERE  `game_id` = 8 LIMIT 1 [ RunTime:0.000908s ]
[ sql ] [ SQL ] SHOW COLUMNS FROM `game_live` [ RunTime:0.001525s ]
[ sql ] [ SQL ] SELECT * FROM `game_live` WHERE  `id` = 8 LIMIT 1 [ RunTime:0.000455s ]
[ sql ] [ SQL ] SELECT `game_number`,`play_a_name`,`play_b_name`,`start_time` FROM `game_live` WHERE  `id` IS NULL [ RunTime:0.001987s ]
---------------------------------------------------------------
[ 2018-09-30T16:31:54+08:00 ] 127.0.0.1 GET /ymq/information/informationlist
[ info ] h5.cc:8080/ymq/information/informationlist [运行时间：0.314417s][吞吐率：3.18req/s] [内存消耗：2,567.34kb] [文件加载：52]
[ info ] [ LANG ] E:\laragon\www\h5\thinkphp\lang\zh-cn.php
[ info ] [ ROUTE ] array (
  'type' => 'module',
  'module' => 
  array (
    0 => 'ymq',
    1 => 'information',
    2 => 'informationlist',
  ),
)
[ info ] [ HEADER ] array (
  'cookie' => 'Hm_lvt_080836300300be57b7f34f4b3e97d911=1536726899,1536911144,1536981753; username=admin',
  'accept-language' => 'zh-CN,zh;q=0.9',
  'accept-encoding' => 'gzip, deflate',
  'referer' => 'http://h5.cc:8080/ymq/index/index.html',
  'accept' => 'text/html,application/xhtml+xml,application/xml;q=0.9,image/webp,image/apng,*/*;q=0.8',
  'user-agent' => 'Mozilla/5.0 (Windows NT 10.0; WOW64) AppleWebKit/537.36 (KHTML, like Gecko) Chrome/69.0.3497.81 Safari/537.36',
  'upgrade-insecure-requests' => '1',
  'connection' => 'keep-alive',
  'host' => 'h5.cc:8080',
  'content-length' => '',
  'content-type' => '',
)
[ info ] [ PARAM ] array (
)
[ info ] [ DB ] INIT mysql
[ info ] [ RUN ] app\ymq\controller\Information->informationList[ E:\laragon\www\h5\application\ymq\controller\Information.php ]
[ info ] [ VIEW ] E:\laragon\www\h5\public/../application/ymq\view\information\list.html [ array (
  0 => 'list',
) ]
[ info ] [ LOG ] INIT File
---------------------------------------------------------------
[ 2018-09-30T16:32:11+08:00 ] 127.0.0.1 GET /ymq/information/add.html
[ info ] h5.cc:8080/ymq/information/add.html [运行时间：0.053860s][吞吐率：18.57req/s] [内存消耗：1,875.82kb] [文件加载：46]
[ info ] [ LANG ] E:\laragon\www\h5\thinkphp\lang\zh-cn.php
[ info ] [ ROUTE ] array (
  'type' => 'module',
  'module' => 
  array (
    0 => 'ymq',
    1 => 'information',
    2 => 'add',
  ),
)
[ info ] [ HEADER ] array (
  'cookie' => 'Hm_lvt_080836300300be57b7f34f4b3e97d911=1536726899,1536911144,1536981753; username=admin',
  'accept-language' => 'zh-CN,zh;q=0.9',
  'accept-encoding' => 'gzip, deflate',
  'referer' => 'http://h5.cc:8080/ymq/index/index.html',
  'accept' => 'text/html,application/xhtml+xml,application/xml;q=0.9,image/webp,image/apng,*/*;q=0.8',
  'user-agent' => 'Mozilla/5.0 (Windows NT 10.0; WOW64) AppleWebKit/537.36 (KHTML, like Gecko) Chrome/69.0.3497.81 Safari/537.36',
  'upgrade-insecure-requests' => '1',
  'connection' => 'keep-alive',
  'host' => 'h5.cc:8080',
  'content-length' => '',
  'content-type' => '',
)
[ info ] [ PARAM ] array (
)
[ info ] [ DB ] INIT mysql
[ info ] [ RUN ] app\ymq\controller\Information->add[ E:\laragon\www\h5\application\ymq\controller\Information.php ]
[ info ] [ VIEW ] E:\laragon\www\h5\public/../application/ymq\view\information\add.html [ array (
) ]
[ info ] [ LOG ] INIT File
---------------------------------------------------------------
[ 2018-09-30T16:35:42+08:00 ] 127.0.0.1 GET /ymq/information/informationlist
[ info ] h5.cc:8080/ymq/information/informationlist [运行时间：0.397724s][吞吐率：2.51req/s] [内存消耗：2,766.42kb] [文件加载：58]
[ info ] [ LANG ] E:\laragon\www\h5\thinkphp\lang\zh-cn.php
[ info ] [ ROUTE ] array (
  'type' => 'module',
  'module' => 
  array (
    0 => 'ymq',
    1 => 'information',
    2 => 'informationlist',
  ),
)
[ info ] [ HEADER ] array (
  'cookie' => 'Hm_lvt_080836300300be57b7f34f4b3e97d911=1536726899,1536911144,1536981753; username=admin',
  'accept-language' => 'zh-CN,zh;q=0.9',
  'accept-encoding' => 'gzip, deflate',
  'referer' => 'http://h5.cc:8080/ymq/index/index.html',
  'accept' => 'text/html,application/xhtml+xml,application/xml;q=0.9,image/webp,image/apng,*/*;q=0.8',
  'user-agent' => 'Mozilla/5.0 (Windows NT 10.0; WOW64) AppleWebKit/537.36 (KHTML, like Gecko) Chrome/69.0.3497.81 Safari/537.36',
  'upgrade-insecure-requests' => '1',
  'cache-control' => 'max-age=0',
  'connection' => 'keep-alive',
  'host' => 'h5.cc:8080',
  'content-length' => '',
  'content-type' => '',
)
[ info ] [ PARAM ] array (
)
[ info ] [ DB ] INIT mysql
[ info ] [ RUN ] app\ymq\controller\Information->informationList[ E:\laragon\www\h5\application\ymq\controller\Information.php ]
[ info ] [ VIEW ] E:\laragon\www\h5\public/../application/ymq\view\information\list.html [ array (
  0 => 'list',
) ]
[ info ] [ LOG ] INIT File
[ error ] [2]Use of undefined constant information - assumed 'information' (this will throw an Error in a future version of PHP)[E:\laragon\www\h5\runtime\temp\a1cacfd6022b075a4429984fbe3cdf4a.php:79]
---------------------------------------------------------------
[ 2018-09-30T16:36:06+08:00 ] 127.0.0.1 GET /ymq/information/informationlist
[ info ] h5.cc:8080/ymq/information/informationlist [运行时间：0.257435s][吞吐率：3.88req/s] [内存消耗：2,614.21kb] [文件加载：56]
[ info ] [ LANG ] E:\laragon\www\h5\thinkphp\lang\zh-cn.php
[ info ] [ ROUTE ] array (
  'type' => 'module',
  'module' => 
  array (
    0 => 'ymq',
    1 => 'information',
    2 => 'informationlist',
  ),
)
[ info ] [ HEADER ] array (
  'cookie' => 'Hm_lvt_080836300300be57b7f34f4b3e97d911=1536726899,1536911144,1536981753; username=admin',
  'accept-language' => 'zh-CN,zh;q=0.9',
  'accept-encoding' => 'gzip, deflate',
  'referer' => 'http://h5.cc:8080/ymq/index/index.html',
  'accept' => 'text/html,application/xhtml+xml,application/xml;q=0.9,image/webp,image/apng,*/*;q=0.8',
  'user-agent' => 'Mozilla/5.0 (Windows NT 10.0; WOW64) AppleWebKit/537.36 (KHTML, like Gecko) Chrome/69.0.3497.81 Safari/537.36',
  'upgrade-insecure-requests' => '1',
  'cache-control' => 'max-age=0',
  'connection' => 'keep-alive',
  'host' => 'h5.cc:8080',
  'content-length' => '',
  'content-type' => '',
)
[ info ] [ PARAM ] array (
)
[ info ] [ DB ] INIT mysql
[ info ] [ RUN ] app\ymq\controller\Information->informationList[ E:\laragon\www\h5\application\ymq\controller\Information.php ]
[ info ] [ VIEW ] E:\laragon\www\h5\public/../application/ymq\view\information\list.html [ array (
  0 => 'list',
) ]
[ info ] [ LOG ] INIT File
[ error ] [2]Use of undefined constant information - assumed 'information' (this will throw an Error in a future version of PHP)[E:\laragon\www\h5\runtime\temp\a1cacfd6022b075a4429984fbe3cdf4a.php:79]
---------------------------------------------------------------
[ 2018-09-30T16:37:02+08:00 ] 127.0.0.1 GET /ymq/information/informationlist
[ info ] h5.cc:8080/ymq/information/informationlist [运行时间：0.297398s][吞吐率：3.36req/s] [内存消耗：2,723.96kb] [文件加载：54]
[ info ] [ LANG ] E:\laragon\www\h5\thinkphp\lang\zh-cn.php
[ info ] [ ROUTE ] array (
  'type' => 'module',
  'module' => 
  array (
    0 => 'ymq',
    1 => 'information',
    2 => 'informationlist',
  ),
)
[ info ] [ HEADER ] array (
  'cookie' => 'Hm_lvt_080836300300be57b7f34f4b3e97d911=1536726899,1536911144,1536981753; username=admin',
  'accept-language' => 'zh-CN,zh;q=0.9',
  'accept-encoding' => 'gzip, deflate',
  'referer' => 'http://h5.cc:8080/ymq/index/index.html',
  'accept' => 'text/html,application/xhtml+xml,application/xml;q=0.9,image/webp,image/apng,*/*;q=0.8',
  'user-agent' => 'Mozilla/5.0 (Windows NT 10.0; WOW64) AppleWebKit/537.36 (KHTML, like Gecko) Chrome/69.0.3497.81 Safari/537.36',
  'upgrade-insecure-requests' => '1',
  'cache-control' => 'max-age=0',
  'connection' => 'keep-alive',
  'host' => 'h5.cc:8080',
  'content-length' => '',
  'content-type' => '',
)
[ info ] [ PARAM ] array (
)
[ info ] [ DB ] INIT mysql
[ info ] [ RUN ] app\ymq\controller\Information->informationList[ E:\laragon\www\h5\application\ymq\controller\Information.php ]
[ info ] [ VIEW ] E:\laragon\www\h5\public/../application/ymq\view\information\list.html [ array (
  0 => 'list',
) ]
[ info ] [ LOG ] INIT File
---------------------------------------------------------------
[ 2018-09-30T16:37:06+08:00 ] 127.0.0.1 GET /ymq/information/informationlist
[ info ] h5.cc:8080/ymq/information/informationlist [运行时间：0.261580s][吞吐率：3.82req/s] [内存消耗：2,567.72kb] [文件加载：52]
[ info ] [ LANG ] E:\laragon\www\h5\thinkphp\lang\zh-cn.php
[ info ] [ ROUTE ] array (
  'type' => 'module',
  'module' => 
  array (
    0 => 'ymq',
    1 => 'information',
    2 => 'informationlist',
  ),
)
[ info ] [ HEADER ] array (
  'cookie' => 'Hm_lvt_080836300300be57b7f34f4b3e97d911=1536726899,1536911144,1536981753; username=admin',
  'accept-language' => 'zh-CN,zh;q=0.9',
  'accept-encoding' => 'gzip, deflate',
  'referer' => 'http://h5.cc:8080/ymq/index/index.html',
  'accept' => 'text/html,application/xhtml+xml,application/xml;q=0.9,image/webp,image/apng,*/*;q=0.8',
  'user-agent' => 'Mozilla/5.0 (Windows NT 10.0; WOW64) AppleWebKit/537.36 (KHTML, like Gecko) Chrome/69.0.3497.81 Safari/537.36',
  'upgrade-insecure-requests' => '1',
  'cache-control' => 'max-age=0',
  'connection' => 'keep-alive',
  'host' => 'h5.cc:8080',
  'content-length' => '',
  'content-type' => '',
)
[ info ] [ PARAM ] array (
)
[ info ] [ DB ] INIT mysql
[ info ] [ RUN ] app\ymq\controller\Information->informationList[ E:\laragon\www\h5\application\ymq\controller\Information.php ]
[ info ] [ VIEW ] E:\laragon\www\h5\public/../application/ymq\view\information\list.html [ array (
  0 => 'list',
) ]
[ info ] [ LOG ] INIT File
---------------------------------------------------------------
[ 2018-09-30T16:38:13+08:00 ] 127.0.0.1 GET /ymq/information/informationlist
[ info ] h5.cc:8080/ymq/information/informationlist [运行时间：0.407907s][吞吐率：2.45req/s] [内存消耗：2,724.08kb] [文件加载：54]
[ info ] [ LANG ] E:\laragon\www\h5\thinkphp\lang\zh-cn.php
[ info ] [ ROUTE ] array (
  'type' => 'module',
  'module' => 
  array (
    0 => 'ymq',
    1 => 'information',
    2 => 'informationlist',
  ),
)
[ info ] [ HEADER ] array (
  'cookie' => 'Hm_lvt_080836300300be57b7f34f4b3e97d911=1536726899,1536911144,1536981753; username=admin',
  'accept-language' => 'zh-CN,zh;q=0.9',
  'accept-encoding' => 'gzip, deflate',
  'referer' => 'http://h5.cc:8080/ymq/index/index.html',
  'accept' => 'text/html,application/xhtml+xml,application/xml;q=0.9,image/webp,image/apng,*/*;q=0.8',
  'user-agent' => 'Mozilla/5.0 (Windows NT 10.0; WOW64) AppleWebKit/537.36 (KHTML, like Gecko) Chrome/69.0.3497.81 Safari/537.36',
  'upgrade-insecure-requests' => '1',
  'cache-control' => 'max-age=0',
  'connection' => 'keep-alive',
  'host' => 'h5.cc:8080',
  'content-length' => '',
  'content-type' => '',
)
[ info ] [ PARAM ] array (
)
[ info ] [ DB ] INIT mysql
[ info ] [ RUN ] app\ymq\controller\Information->informationList[ E:\laragon\www\h5\application\ymq\controller\Information.php ]
[ info ] [ VIEW ] E:\laragon\www\h5\public/../application/ymq\view\information\list.html [ array (
  0 => 'list',
) ]
[ info ] [ LOG ] INIT File
---------------------------------------------------------------
[ 2018-09-30T16:38:14+08:00 ] 127.0.0.1 GET /ymq/information/add/id/1.html
[ info ] h5.cc:8080/ymq/information/add/id/1.html [运行时间：0.030232s][吞吐率：33.08req/s] [内存消耗：1,901.44kb] [文件加载：47]
[ info ] [ LANG ] E:\laragon\www\h5\thinkphp\lang\zh-cn.php
[ info ] [ ROUTE ] array (
  'type' => 'module',
  'module' => 
  array (
    0 => 'ymq',
    1 => 'information',
    2 => 'add',
  ),
)
[ info ] [ HEADER ] array (
  'cookie' => 'Hm_lvt_080836300300be57b7f34f4b3e97d911=1536726899,1536911144,1536981753; username=admin',
  'accept-language' => 'zh-CN,zh;q=0.9',
  'accept-encoding' => 'gzip, deflate',
  'referer' => 'http://h5.cc:8080/ymq/information/informationlist',
  'accept' => 'text/html,application/xhtml+xml,application/xml;q=0.9,image/webp,image/apng,*/*;q=0.8',
  'user-agent' => 'Mozilla/5.0 (Windows NT 10.0; WOW64) AppleWebKit/537.36 (KHTML, like Gecko) Chrome/69.0.3497.81 Safari/537.36',
  'upgrade-insecure-requests' => '1',
  'connection' => 'keep-alive',
  'host' => 'h5.cc:8080',
  'content-length' => '',
  'content-type' => '',
)
[ info ] [ PARAM ] array (
  'id' => '1',
)
[ info ] [ DB ] INIT mysql
[ info ] [ RUN ] app\ymq\controller\Information->add[ E:\laragon\www\h5\application\ymq\controller\Information.php ]
[ info ] [ VIEW ] E:\laragon\www\h5\public/../application/ymq\view\information\add.html [ array (
) ]
[ info ] [ LOG ] INIT File
---------------------------------------------------------------
[ 2018-09-30T16:41:36+08:00 ] 127.0.0.1 GET /ymq/information/add/id/1.html
[ info ] h5.cc:8080/ymq/information/add/id/1.html [运行时间：0.080262s][吞吐率：12.46req/s] [内存消耗：2,702.63kb] [文件加载：52]
[ info ] [ LANG ] E:\laragon\www\h5\thinkphp\lang\zh-cn.php
[ info ] [ ROUTE ] array (
  'type' => 'module',
  'module' => 
  array (
    0 => 'ymq',
    1 => 'information',
    2 => 'add',
  ),
)
[ info ] [ HEADER ] array (
  'cookie' => 'Hm_lvt_080836300300be57b7f34f4b3e97d911=1536726899,1536911144,1536981753; username=admin',
  'accept-language' => 'zh-CN,zh;q=0.9',
  'accept-encoding' => 'gzip, deflate',
  'referer' => 'http://h5.cc:8080/ymq/information/informationlist',
  'accept' => 'text/html,application/xhtml+xml,application/xml;q=0.9,image/webp,image/apng,*/*;q=0.8',
  'user-agent' => 'Mozilla/5.0 (Windows NT 10.0; WOW64) AppleWebKit/537.36 (KHTML, like Gecko) Chrome/69.0.3497.81 Safari/537.36',
  'upgrade-insecure-requests' => '1',
  'cache-control' => 'max-age=0',
  'connection' => 'keep-alive',
  'host' => 'h5.cc:8080',
  'content-length' => '',
  'content-type' => '',
)
[ info ] [ PARAM ] array (
  'id' => '1',
)
[ info ] [ DB ] INIT mysql
[ info ] [ RUN ] app\ymq\controller\Information->add[ E:\laragon\www\h5\application\ymq\controller\Information.php ]
[ info ] [ DB ] INIT mysql
[ info ] [ VIEW ] E:\laragon\www\h5\public/../application/ymq\view\information\add.html [ array (
  0 => 'one',
) ]
[ info ] [ LOG ] INIT File
[ sql ] [ DB ] CONNECT:[ UseTime:0.010071s ] mysql:host=127.0.0.1;dbname=tp5;charset=utf8
[ sql ] [ SQL ] SHOW COLUMNS FROM `information` [ RunTime:0.001865s ]
[ sql ] [ SQL ] SELECT * FROM `information` WHERE  `id` = 1 LIMIT 1 [ RunTime:0.000558s ]
---------------------------------------------------------------
[ 2018-09-30T16:42:25+08:00 ] 127.0.0.1 GET /ymq/information/add/id/1.html
[ info ] h5.cc:8080/ymq/information/add/id/1.html [运行时间：0.070914s][吞吐率：14.10req/s] [内存消耗：2,702.81kb] [文件加载：52]
[ info ] [ LANG ] E:\laragon\www\h5\thinkphp\lang\zh-cn.php
[ info ] [ ROUTE ] array (
  'type' => 'module',
  'module' => 
  array (
    0 => 'ymq',
    1 => 'information',
    2 => 'add',
  ),
)
[ info ] [ HEADER ] array (
  'cookie' => 'Hm_lvt_080836300300be57b7f34f4b3e97d911=1536726899,1536911144,1536981753; username=admin',
  'accept-language' => 'zh-CN,zh;q=0.9',
  'accept-encoding' => 'gzip, deflate',
  'referer' => 'http://h5.cc:8080/ymq/information/informationlist',
  'accept' => 'text/html,application/xhtml+xml,application/xml;q=0.9,image/webp,image/apng,*/*;q=0.8',
  'user-agent' => 'Mozilla/5.0 (Windows NT 10.0; WOW64) AppleWebKit/537.36 (KHTML, like Gecko) Chrome/69.0.3497.81 Safari/537.36',
  'upgrade-insecure-requests' => '1',
  'cache-control' => 'max-age=0',
  'connection' => 'keep-alive',
  'host' => 'h5.cc:8080',
  'content-length' => '',
  'content-type' => '',
)
[ info ] [ PARAM ] array (
  'id' => '1',
)
[ info ] [ DB ] INIT mysql
[ info ] [ RUN ] app\ymq\controller\Information->add[ E:\laragon\www\h5\application\ymq\controller\Information.php ]
[ info ] [ DB ] INIT mysql
[ info ] [ VIEW ] E:\laragon\www\h5\public/../application/ymq\view\information\add.html [ array (
  0 => 'one',
) ]
[ info ] [ LOG ] INIT File
[ sql ] [ DB ] CONNECT:[ UseTime:0.011217s ] mysql:host=127.0.0.1;dbname=tp5;charset=utf8
[ sql ] [ SQL ] SHOW COLUMNS FROM `information` [ RunTime:0.001679s ]
[ sql ] [ SQL ] SELECT * FROM `information` WHERE  `id` = 1 LIMIT 1 [ RunTime:0.000584s ]
---------------------------------------------------------------
[ 2018-09-30T16:45:16+08:00 ] 127.0.0.1 GET /ymq/information/add/id/1.html
[ info ] h5.cc:8080/ymq/information/add/id/1.html [运行时间：0.087730s][吞吐率：11.40req/s] [内存消耗：2,661.54kb] [文件加载：53]
[ info ] [ LANG ] E:\laragon\www\h5\thinkphp\lang\zh-cn.php
[ info ] [ ROUTE ] array (
  'type' => 'module',
  'module' => 
  array (
    0 => 'ymq',
    1 => 'information',
    2 => 'add',
  ),
)
[ info ] [ HEADER ] array (
  'cookie' => 'Hm_lvt_080836300300be57b7f34f4b3e97d911=1536726899,1536911144,1536981753; username=admin',
  'accept-language' => 'zh-CN,zh;q=0.9',
  'accept-encoding' => 'gzip, deflate',
  'referer' => 'http://h5.cc:8080/ymq/information/informationlist',
  'accept' => 'text/html,application/xhtml+xml,application/xml;q=0.9,image/webp,image/apng,*/*;q=0.8',
  'user-agent' => 'Mozilla/5.0 (Windows NT 10.0; WOW64) AppleWebKit/537.36 (KHTML, like Gecko) Chrome/69.0.3497.81 Safari/537.36',
  'upgrade-insecure-requests' => '1',
  'cache-control' => 'max-age=0',
  'connection' => 'keep-alive',
  'host' => 'h5.cc:8080',
  'content-length' => '',
  'content-type' => '',
)
[ info ] [ PARAM ] array (
  'id' => '1',
)
[ info ] [ DB ] INIT mysql
[ info ] [ RUN ] app\ymq\controller\Information->add[ E:\laragon\www\h5\application\ymq\controller\Information.php ]
[ info ] [ DB ] INIT mysql
[ info ] [ VIEW ] E:\laragon\www\h5\public/../application/ymq\view\information\add.html [ array (
  0 => 'one',
) ]
[ info ] [ LOG ] INIT File
[ sql ] [ DB ] CONNECT:[ UseTime:0.010749s ] mysql:host=127.0.0.1;dbname=tp5;charset=utf8
[ sql ] [ SQL ] SHOW COLUMNS FROM `information` [ RunTime:0.001627s ]
[ sql ] [ SQL ] SELECT * FROM `information` WHERE  `id` = 1 LIMIT 1 [ RunTime:0.000501s ]
[ error ] [0]语法解析错误: syntax error, unexpected 'else' (T_ELSE), expecting end of file[E:\laragon\www\h5\runtime\temp\7a48f6868626d82688bd413a373264b1.php:81]
---------------------------------------------------------------
[ 2018-09-30T16:45:33+08:00 ] 127.0.0.1 GET /ymq/information/add/id/1.html
[ info ] h5.cc:8080/ymq/information/add/id/1.html [运行时间：0.086876s][吞吐率：11.51req/s] [内存消耗：2,705.00kb] [文件加载：52]
[ info ] [ LANG ] E:\laragon\www\h5\thinkphp\lang\zh-cn.php
[ info ] [ ROUTE ] array (
  'type' => 'module',
  'module' => 
  array (
    0 => 'ymq',
    1 => 'information',
    2 => 'add',
  ),
)
[ info ] [ HEADER ] array (
  'cookie' => 'Hm_lvt_080836300300be57b7f34f4b3e97d911=1536726899,1536911144,1536981753; username=admin',
  'accept-language' => 'zh-CN,zh;q=0.9',
  'accept-encoding' => 'gzip, deflate',
  'referer' => 'http://h5.cc:8080/ymq/information/informationlist',
  'accept' => 'text/html,application/xhtml+xml,application/xml;q=0.9,image/webp,image/apng,*/*;q=0.8',
  'user-agent' => 'Mozilla/5.0 (Windows NT 10.0; WOW64) AppleWebKit/537.36 (KHTML, like Gecko) Chrome/69.0.3497.81 Safari/537.36',
  'upgrade-insecure-requests' => '1',
  'cache-control' => 'max-age=0',
  'connection' => 'keep-alive',
  'host' => 'h5.cc:8080',
  'content-length' => '',
  'content-type' => '',
)
[ info ] [ PARAM ] array (
  'id' => '1',
)
[ info ] [ DB ] INIT mysql
[ info ] [ RUN ] app\ymq\controller\Information->add[ E:\laragon\www\h5\application\ymq\controller\Information.php ]
[ info ] [ DB ] INIT mysql
[ info ] [ VIEW ] E:\laragon\www\h5\public/../application/ymq\view\information\add.html [ array (
  0 => 'one',
) ]
[ info ] [ LOG ] INIT File
[ sql ] [ DB ] CONNECT:[ UseTime:0.000982s ] mysql:host=127.0.0.1;dbname=tp5;charset=utf8
[ sql ] [ SQL ] SHOW COLUMNS FROM `information` [ RunTime:0.001637s ]
[ sql ] [ SQL ] SELECT * FROM `information` WHERE  `id` = 1 LIMIT 1 [ RunTime:0.000469s ]
---------------------------------------------------------------
[ 2018-09-30T16:45:38+08:00 ] 127.0.0.1 GET /ymq/index/index.html
[ info ] h5.cc:8080/ymq/index/index.html [运行时间：0.066354s][吞吐率：15.07req/s] [内存消耗：2,568.88kb] [文件加载：53]
[ info ] [ LANG ] E:\laragon\www\h5\thinkphp\lang\zh-cn.php
[ info ] [ ROUTE ] array (
  'type' => 'module',
  'module' => 
  array (
    0 => 'ymq',
    1 => 'index',
    2 => 'index',
  ),
)
[ info ] [ HEADER ] array (
  'cookie' => 'Hm_lvt_080836300300be57b7f34f4b3e97d911=1536726899,1536911144,1536981753; username=admin',
  'accept-language' => 'zh-CN,zh;q=0.9',
  'accept-encoding' => 'gzip, deflate',
  'referer' => 'http://h5.cc:8080/ymq/login/index.html',
  'accept' => 'text/html,application/xhtml+xml,application/xml;q=0.9,image/webp,image/apng,*/*;q=0.8',
  'user-agent' => 'Mozilla/5.0 (Windows NT 10.0; WOW64) AppleWebKit/537.36 (KHTML, like Gecko) Chrome/69.0.3497.81 Safari/537.36',
  'upgrade-insecure-requests' => '1',
  'cache-control' => 'max-age=0',
  'connection' => 'keep-alive',
  'host' => 'h5.cc:8080',
  'content-length' => '',
  'content-type' => '',
)
[ info ] [ PARAM ] array (
)
[ info ] [ RUN ] app\ymq\controller\Index->index[ E:\laragon\www\h5\application\ymq\controller\Index.php ]
[ info ] [ DB ] INIT mysql
[ info ] [ VIEW ] E:\laragon\www\h5\public/../application/ymq\view\index\index.html [ array (
  0 => 'result',
) ]
[ info ] [ LOG ] INIT File
[ sql ] [ DB ] CONNECT:[ UseTime:0.002196s ] mysql:host=127.0.0.1;dbname=tp5;charset=utf8
[ sql ] [ SQL ] SHOW COLUMNS FROM `admin_user` [ RunTime:0.002142s ]
[ sql ] [ SQL ] SELECT `id` FROM `admin_user` WHERE  `username` = 'admin' LIMIT 1 [ RunTime:0.000469s ]
[ sql ] [ SQL ] SELECT `a`.*,`b`.`group_id`,`c`.`rules` FROM `admin_user` `a` INNER JOIN `admin_group_access` `b` ON `a`.`id`=`b`.`uid` INNER JOIN `admin_role_group` `c` ON `b`.`group_id`=`c`.`id` WHERE  `a`.`id` = 1 LIMIT 1 [ RunTime:0.002540s ]
[ sql ] [ SQL ] SHOW COLUMNS FROM `admin_rule` [ RunTime:0.001968s ]
[ sql ] [ SQL ] SELECT * FROM `admin_rule` WHERE  (  p_id = 0 ) ORDER BY `id` ASC [ RunTime:0.000493s ]
[ sql ] [ SQL ] SELECT * FROM `admin_rule` WHERE  (  p_id != 0 and is_show = 1 ) ORDER BY `id` ASC [ RunTime:0.000450s ]
---------------------------------------------------------------
[ 2018-09-30T16:45:38+08:00 ] 127.0.0.1 GET /ymq/index/welcome.html
[ info ] h5.cc:8080/ymq/index/welcome.html [运行时间：0.027379s][吞吐率：36.52req/s] [内存消耗：1,592.13kb] [文件加载：41]
[ info ] [ LANG ] E:\laragon\www\h5\thinkphp\lang\zh-cn.php
[ info ] [ ROUTE ] array (
  'type' => 'module',
  'module' => 
  array (
    0 => 'ymq',
    1 => 'index',
    2 => 'welcome',
  ),
)
[ info ] [ HEADER ] array (
  'cookie' => 'Hm_lvt_080836300300be57b7f34f4b3e97d911=1536726899,1536911144,1536981753; username=admin',
  'accept-language' => 'zh-CN,zh;q=0.9',
  'accept-encoding' => 'gzip, deflate',
  'referer' => 'http://h5.cc:8080/ymq/index/index.html',
  'accept' => 'text/html,application/xhtml+xml,application/xml;q=0.9,image/webp,image/apng,*/*;q=0.8',
  'user-agent' => 'Mozilla/5.0 (Windows NT 10.0; WOW64) AppleWebKit/537.36 (KHTML, like Gecko) Chrome/69.0.3497.81 Safari/537.36',
  'upgrade-insecure-requests' => '1',
  'connection' => 'keep-alive',
  'host' => 'h5.cc:8080',
  'content-length' => '',
  'content-type' => '',
)
[ info ] [ PARAM ] array (
)
[ info ] [ RUN ] app\ymq\controller\Index->welcome[ E:\laragon\www\h5\application\ymq\controller\Index.php ]
[ info ] [ LOG ] INIT File
---------------------------------------------------------------
[ 2018-09-30T16:45:39+08:00 ] 127.0.0.1 GET /ymq/match/matchlist
[ info ] h5.cc:8080/ymq/match/matchlist [运行时间：0.045646s][吞吐率：21.91req/s] [内存消耗：2,521.98kb] [文件加载：51]
[ info ] [ LANG ] E:\laragon\www\h5\thinkphp\lang\zh-cn.php
[ info ] [ ROUTE ] array (
  'type' => 'module',
  'module' => 
  array (
    0 => 'ymq',
    1 => 'match',
    2 => 'matchlist',
  ),
)
[ info ] [ HEADER ] array (
  'cookie' => 'Hm_lvt_080836300300be57b7f34f4b3e97d911=1536726899,1536911144,1536981753; username=admin',
  'accept-language' => 'zh-CN,zh;q=0.9',
  'accept-encoding' => 'gzip, deflate',
  'referer' => 'http://h5.cc:8080/ymq/index/index.html',
  'accept' => 'text/html,application/xhtml+xml,application/xml;q=0.9,image/webp,image/apng,*/*;q=0.8',
  'user-agent' => 'Mozilla/5.0 (Windows NT 10.0; WOW64) AppleWebKit/537.36 (KHTML, like Gecko) Chrome/69.0.3497.81 Safari/537.36',
  'upgrade-insecure-requests' => '1',
  'connection' => 'keep-alive',
  'host' => 'h5.cc:8080',
  'content-length' => '',
  'content-type' => '',
)
[ info ] [ PARAM ] array (
)
[ info ] [ RUN ] app\ymq\controller\Match->matchList[ E:\laragon\www\h5\application\ymq\controller\Match.php ]
[ info ] [ DB ] INIT mysql
[ info ] [ VIEW ] E:\laragon\www\h5\public/../application/ymq\view\match\matchlist.html [ array (
  0 => 'list',
) ]
[ info ] [ LOG ] INIT File
[ sql ] [ DB ] CONNECT:[ UseTime:0.000983s ] mysql:host=127.0.0.1;dbname=tp5;charset=utf8
[ sql ] [ SQL ] SHOW COLUMNS FROM `big_game_list` [ RunTime:0.001842s ]
[ sql ] [ SQL ] SELECT * FROM `big_game_list` [ RunTime:0.000398s ]
---------------------------------------------------------------
[ 2018-09-30T16:45:41+08:00 ] 127.0.0.1 GET /ymq/game_phase/phaselist/id/3.html
[ info ] h5.cc:8080/ymq/game_phase/phaselist/id/3.html [运行时间：0.036572s][吞吐率：27.34req/s] [内存消耗：2,524.33kb] [文件加载：51]
[ info ] [ LANG ] E:\laragon\www\h5\thinkphp\lang\zh-cn.php
[ info ] [ ROUTE ] array (
  'type' => 'module',
  'module' => 
  array (
    0 => 'ymq',
    1 => 'game_phase',
    2 => 'phaselist',
  ),
)
[ info ] [ HEADER ] array (
  'cookie' => 'Hm_lvt_080836300300be57b7f34f4b3e97d911=1536726899,1536911144,1536981753; username=admin',
  'accept-language' => 'zh-CN,zh;q=0.9',
  'accept-encoding' => 'gzip, deflate',
  'referer' => 'http://h5.cc:8080/ymq/index/index.html',
  'accept' => 'text/html,application/xhtml+xml,application/xml;q=0.9,image/webp,image/apng,*/*;q=0.8',
  'user-agent' => 'Mozilla/5.0 (Windows NT 10.0; WOW64) AppleWebKit/537.36 (KHTML, like Gecko) Chrome/69.0.3497.81 Safari/537.36',
  'upgrade-insecure-requests' => '1',
  'connection' => 'keep-alive',
  'host' => 'h5.cc:8080',
  'content-length' => '',
  'content-type' => '',
)
[ info ] [ PARAM ] array (
  'id' => '3',
)
[ info ] [ RUN ] app\ymq\controller\GamePhase->phaseList[ E:\laragon\www\h5\application\ymq\controller\GamePhase.php ]
[ info ] [ DB ] INIT mysql
[ info ] [ VIEW ] E:\laragon\www\h5\public/../application/ymq\view\game_phase\phase_list.html [ array (
  0 => 'bigGame_id',
  1 => 'list',
) ]
[ info ] [ LOG ] INIT File
[ sql ] [ DB ] CONNECT:[ UseTime:0.000981s ] mysql:host=127.0.0.1;dbname=tp5;charset=utf8
[ sql ] [ SQL ] SHOW COLUMNS FROM `game_phase` [ RunTime:0.000821s ]
[ sql ] [ SQL ] SELECT * FROM `game_phase` WHERE  `bigGame_id` = 3 [ RunTime:0.000479s ]
---------------------------------------------------------------
[ 2018-09-30T16:45:45+08:00 ] 127.0.0.1 GET /ymq/information/informationlist
[ info ] h5.cc:8080/ymq/information/informationlist [运行时间：0.315240s][吞吐率：3.17req/s] [内存消耗：2,567.91kb] [文件加载：52]
[ info ] [ LANG ] E:\laragon\www\h5\thinkphp\lang\zh-cn.php
[ info ] [ ROUTE ] array (
  'type' => 'module',
  'module' => 
  array (
    0 => 'ymq',
    1 => 'information',
    2 => 'informationlist',
  ),
)
[ info ] [ HEADER ] array (
  'cookie' => 'Hm_lvt_080836300300be57b7f34f4b3e97d911=1536726899,1536911144,1536981753; username=admin',
  'accept-language' => 'zh-CN,zh;q=0.9',
  'accept-encoding' => 'gzip, deflate',
  'referer' => 'http://h5.cc:8080/ymq/index/index.html',
  'accept' => 'text/html,application/xhtml+xml,application/xml;q=0.9,image/webp,image/apng,*/*;q=0.8',
  'user-agent' => 'Mozilla/5.0 (Windows NT 10.0; WOW64) AppleWebKit/537.36 (KHTML, like Gecko) Chrome/69.0.3497.81 Safari/537.36',
  'upgrade-insecure-requests' => '1',
  'connection' => 'keep-alive',
  'host' => 'h5.cc:8080',
  'content-length' => '',
  'content-type' => '',
)
[ info ] [ PARAM ] array (
)
[ info ] [ DB ] INIT mysql
[ info ] [ RUN ] app\ymq\controller\Information->informationList[ E:\laragon\www\h5\application\ymq\controller\Information.php ]
[ info ] [ VIEW ] E:\laragon\www\h5\public/../application/ymq\view\information\list.html [ array (
  0 => 'list',
) ]
[ info ] [ LOG ] INIT File
---------------------------------------------------------------
[ 2018-09-30T16:45:47+08:00 ] 127.0.0.1 GET /ymq/information/add/id/1.html
[ info ] h5.cc:8080/ymq/information/add/id/1.html [运行时间：0.043377s][吞吐率：23.05req/s] [内存消耗：2,536.17kb] [文件加载：50]
[ info ] [ LANG ] E:\laragon\www\h5\thinkphp\lang\zh-cn.php
[ info ] [ ROUTE ] array (
  'type' => 'module',
  'module' => 
  array (
    0 => 'ymq',
    1 => 'information',
    2 => 'add',
  ),
)
[ info ] [ HEADER ] array (
  'cookie' => 'Hm_lvt_080836300300be57b7f34f4b3e97d911=1536726899,1536911144,1536981753; username=admin',
  'accept-language' => 'zh-CN,zh;q=0.9',
  'accept-encoding' => 'gzip, deflate',
  'referer' => 'http://h5.cc:8080/ymq/information/informationlist',
  'accept' => 'text/html,application/xhtml+xml,application/xml;q=0.9,image/webp,image/apng,*/*;q=0.8',
  'user-agent' => 'Mozilla/5.0 (Windows NT 10.0; WOW64) AppleWebKit/537.36 (KHTML, like Gecko) Chrome/69.0.3497.81 Safari/537.36',
  'upgrade-insecure-requests' => '1',
  'connection' => 'keep-alive',
  'host' => 'h5.cc:8080',
  'content-length' => '',
  'content-type' => '',
)
[ info ] [ PARAM ] array (
  'id' => '1',
)
[ info ] [ DB ] INIT mysql
[ info ] [ RUN ] app\ymq\controller\Information->add[ E:\laragon\www\h5\application\ymq\controller\Information.php ]
[ info ] [ DB ] INIT mysql
[ info ] [ VIEW ] E:\laragon\www\h5\public/../application/ymq\view\information\add.html [ array (
  0 => 'one',
) ]
[ info ] [ LOG ] INIT File
[ sql ] [ DB ] CONNECT:[ UseTime:0.001066s ] mysql:host=127.0.0.1;dbname=tp5;charset=utf8
[ sql ] [ SQL ] SHOW COLUMNS FROM `information` [ RunTime:0.001383s ]
[ sql ] [ SQL ] SELECT * FROM `information` WHERE  `id` = 1 LIMIT 1 [ RunTime:0.000519s ]
---------------------------------------------------------------
[ 2018-09-30T16:45:48+08:00 ] 127.0.0.1 GET /ymq/information/add/id/
[ info ] h5.cc:8080/ymq/information/add/id/ [运行时间：0.043911s][吞吐率：22.77req/s] [内存消耗：2,532.75kb] [文件加载：50]
[ info ] [ LANG ] E:\laragon\www\h5\thinkphp\lang\zh-cn.php
[ info ] [ ROUTE ] array (
  'type' => 'module',
  'module' => 
  array (
    0 => 'ymq',
    1 => 'information',
    2 => 'add',
  ),
)
[ info ] [ HEADER ] array (
  'cookie' => 'Hm_lvt_080836300300be57b7f34f4b3e97d911=1536726899,1536911144,1536981753; username=admin',
  'accept-language' => 'zh-CN,zh;q=0.9',
  'accept-encoding' => 'gzip, deflate',
  'referer' => 'http://h5.cc:8080/ymq/information/add/id/1.html',
  'accept' => '*/*',
  'x-requested-with' => 'ShockwaveFlash/31.0.0.108',
  'user-agent' => 'Mozilla/5.0 (Windows NT 10.0; WOW64) AppleWebKit/537.36 (KHTML, like Gecko) Chrome/69.0.3497.81 Safari/537.36',
  'connection' => 'keep-alive',
  'host' => 'h5.cc:8080',
  'content-length' => '',
  'content-type' => '',
)
[ info ] [ PARAM ] array (
)
[ info ] [ DB ] INIT mysql
[ info ] [ RUN ] app\ymq\controller\Information->add[ E:\laragon\www\h5\application\ymq\controller\Information.php ]
[ info ] [ DB ] INIT mysql
[ info ] [ VIEW ] E:\laragon\www\h5\public/../application/ymq\view\information\add.html [ array (
  0 => 'one',
) ]
[ info ] [ LOG ] INIT File
[ sql ] [ DB ] CONNECT:[ UseTime:0.000918s ] mysql:host=127.0.0.1;dbname=tp5;charset=utf8
[ sql ] [ SQL ] SHOW COLUMNS FROM `information` [ RunTime:0.003088s ]
[ sql ] [ SQL ] SELECT * FROM `information` WHERE  `id` IS NULL LIMIT 1 [ RunTime:0.000546s ]
---------------------------------------------------------------
[ 2018-09-30T16:45:48+08:00 ] 127.0.0.1 GET /ymq/information/add/id/
[ info ] h5.cc:8080/ymq/information/add/id/ [运行时间：0.040167s][吞吐率：24.90req/s] [内存消耗：2,532.75kb] [文件加载：50]
[ info ] [ LANG ] E:\laragon\www\h5\thinkphp\lang\zh-cn.php
[ info ] [ ROUTE ] array (
  'type' => 'module',
  'module' => 
  array (
    0 => 'ymq',
    1 => 'information',
    2 => 'add',
  ),
)
[ info ] [ HEADER ] array (
  'cookie' => 'Hm_lvt_080836300300be57b7f34f4b3e97d911=1536726899,1536911144,1536981753; username=admin',
  'accept-language' => 'zh-CN,zh;q=0.9',
  'accept-encoding' => 'gzip, deflate',
  'referer' => 'http://h5.cc:8080/ymq/information/add/id/1.html',
  'accept' => '*/*',
  'x-requested-with' => 'ShockwaveFlash/31.0.0.108',
  'user-agent' => 'Mozilla/5.0 (Windows NT 10.0; WOW64) AppleWebKit/537.36 (KHTML, like Gecko) Chrome/69.0.3497.81 Safari/537.36',
  'connection' => 'keep-alive',
  'host' => 'h5.cc:8080',
  'content-length' => '',
  'content-type' => '',
)
[ info ] [ PARAM ] array (
)
[ info ] [ DB ] INIT mysql
[ info ] [ RUN ] app\ymq\controller\Information->add[ E:\laragon\www\h5\application\ymq\controller\Information.php ]
[ info ] [ DB ] INIT mysql
[ info ] [ VIEW ] E:\laragon\www\h5\public/../application/ymq\view\information\add.html [ array (
  0 => 'one',
) ]
[ info ] [ LOG ] INIT File
[ sql ] [ DB ] CONNECT:[ UseTime:0.000785s ] mysql:host=127.0.0.1;dbname=tp5;charset=utf8
[ sql ] [ SQL ] SHOW COLUMNS FROM `information` [ RunTime:0.001536s ]
[ sql ] [ SQL ] SELECT * FROM `information` WHERE  `id` IS NULL LIMIT 1 [ RunTime:0.000375s ]
---------------------------------------------------------------
[ 2018-09-30T16:45:48+08:00 ] 127.0.0.1 GET /ymq/information/add/id/
[ info ] h5.cc:8080/ymq/information/add/id/ [运行时间：0.047969s][吞吐率：20.85req/s] [内存消耗：2,532.75kb] [文件加载：50]
[ info ] [ LANG ] E:\laragon\www\h5\thinkphp\lang\zh-cn.php
[ info ] [ ROUTE ] array (
  'type' => 'module',
  'module' => 
  array (
    0 => 'ymq',
    1 => 'information',
    2 => 'add',
  ),
)
[ info ] [ HEADER ] array (
  'cookie' => 'Hm_lvt_080836300300be57b7f34f4b3e97d911=1536726899,1536911144,1536981753; username=admin',
  'accept-language' => 'zh-CN,zh;q=0.9',
  'accept-encoding' => 'gzip, deflate',
  'referer' => 'http://h5.cc:8080/ymq/information/add/id/1.html',
  'accept' => '*/*',
  'x-requested-with' => 'ShockwaveFlash/31.0.0.108',
  'user-agent' => 'Mozilla/5.0 (Windows NT 10.0; WOW64) AppleWebKit/537.36 (KHTML, like Gecko) Chrome/69.0.3497.81 Safari/537.36',
  'connection' => 'keep-alive',
  'host' => 'h5.cc:8080',
  'content-length' => '',
  'content-type' => '',
)
[ info ] [ PARAM ] array (
)
[ info ] [ DB ] INIT mysql
[ info ] [ RUN ] app\ymq\controller\Information->add[ E:\laragon\www\h5\application\ymq\controller\Information.php ]
[ info ] [ DB ] INIT mysql
[ info ] [ VIEW ] E:\laragon\www\h5\public/../application/ymq\view\information\add.html [ array (
  0 => 'one',
) ]
[ info ] [ LOG ] INIT File
[ sql ] [ DB ] CONNECT:[ UseTime:0.000822s ] mysql:host=127.0.0.1;dbname=tp5;charset=utf8
[ sql ] [ SQL ] SHOW COLUMNS FROM `information` [ RunTime:0.001919s ]
[ sql ] [ SQL ] SELECT * FROM `information` WHERE  `id` IS NULL LIMIT 1 [ RunTime:0.000399s ]
---------------------------------------------------------------
[ 2018-09-30T16:45:48+08:00 ] 127.0.0.1 GET /ymq/information/add/id/
[ info ] h5.cc:8080/ymq/information/add/id/ [运行时间：0.046272s][吞吐率：21.61req/s] [内存消耗：2,532.75kb] [文件加载：50]
[ info ] [ LANG ] E:\laragon\www\h5\thinkphp\lang\zh-cn.php
[ info ] [ ROUTE ] array (
  'type' => 'module',
  'module' => 
  array (
    0 => 'ymq',
    1 => 'information',
    2 => 'add',
  ),
)
[ info ] [ HEADER ] array (
  'cookie' => 'Hm_lvt_080836300300be57b7f34f4b3e97d911=1536726899,1536911144,1536981753; username=admin',
  'accept-language' => 'zh-CN,zh;q=0.9',
  'accept-encoding' => 'gzip, deflate',
  'referer' => 'http://h5.cc:8080/ymq/information/add/id/1.html',
  'accept' => '*/*',
  'x-requested-with' => 'ShockwaveFlash/31.0.0.108',
  'user-agent' => 'Mozilla/5.0 (Windows NT 10.0; WOW64) AppleWebKit/537.36 (KHTML, like Gecko) Chrome/69.0.3497.81 Safari/537.36',
  'connection' => 'keep-alive',
  'host' => 'h5.cc:8080',
  'content-length' => '',
  'content-type' => '',
)
[ info ] [ PARAM ] array (
)
[ info ] [ DB ] INIT mysql
[ info ] [ RUN ] app\ymq\controller\Information->add[ E:\laragon\www\h5\application\ymq\controller\Information.php ]
[ info ] [ DB ] INIT mysql
[ info ] [ VIEW ] E:\laragon\www\h5\public/../application/ymq\view\information\add.html [ array (
  0 => 'one',
) ]
[ info ] [ LOG ] INIT File
[ sql ] [ DB ] CONNECT:[ UseTime:0.000833s ] mysql:host=127.0.0.1;dbname=tp5;charset=utf8
[ sql ] [ SQL ] SHOW COLUMNS FROM `information` [ RunTime:0.001868s ]
[ sql ] [ SQL ] SELECT * FROM `information` WHERE  `id` IS NULL LIMIT 1 [ RunTime:0.000430s ]
---------------------------------------------------------------
[ 2018-09-30T16:45:53+08:00 ] 127.0.0.1 GET /ymq/information/add/id/1.html
[ info ] h5.cc:8080/ymq/information/add/id/1.html [运行时间：0.032089s][吞吐率：31.16req/s] [内存消耗：2,536.67kb] [文件加载：50]
[ info ] [ LANG ] E:\laragon\www\h5\thinkphp\lang\zh-cn.php
[ info ] [ ROUTE ] array (
  'type' => 'module',
  'module' => 
  array (
    0 => 'ymq',
    1 => 'information',
    2 => 'add',
  ),
)
[ info ] [ HEADER ] array (
  'cookie' => 'Hm_lvt_080836300300be57b7f34f4b3e97d911=1536726899,1536911144,1536981753; username=admin',
  'accept-language' => 'zh-CN,zh;q=0.9',
  'accept-encoding' => 'gzip, deflate',
  'referer' => 'http://h5.cc:8080/ymq/information/informationlist',
  'accept' => 'text/html,application/xhtml+xml,application/xml;q=0.9,image/webp,image/apng,*/*;q=0.8',
  'user-agent' => 'Mozilla/5.0 (Windows NT 10.0; WOW64) AppleWebKit/537.36 (KHTML, like Gecko) Chrome/69.0.3497.81 Safari/537.36',
  'upgrade-insecure-requests' => '1',
  'cache-control' => 'max-age=0',
  'connection' => 'keep-alive',
  'host' => 'h5.cc:8080',
  'content-length' => '',
  'content-type' => '',
)
[ info ] [ PARAM ] array (
  'id' => '1',
)
[ info ] [ DB ] INIT mysql
[ info ] [ RUN ] app\ymq\controller\Information->add[ E:\laragon\www\h5\application\ymq\controller\Information.php ]
[ info ] [ DB ] INIT mysql
[ info ] [ VIEW ] E:\laragon\www\h5\public/../application/ymq\view\information\add.html [ array (
  0 => 'one',
) ]
[ info ] [ LOG ] INIT File
[ sql ] [ DB ] CONNECT:[ UseTime:0.001004s ] mysql:host=127.0.0.1;dbname=tp5;charset=utf8
[ sql ] [ SQL ] SHOW COLUMNS FROM `information` [ RunTime:0.001665s ]
[ sql ] [ SQL ] SELECT * FROM `information` WHERE  `id` = 1 LIMIT 1 [ RunTime:0.000522s ]
---------------------------------------------------------------
[ 2018-09-30T16:45:54+08:00 ] 127.0.0.1 GET /ymq/information/add/id/
[ info ] h5.cc:8080/ymq/information/add/id/ [运行时间：0.044672s][吞吐率：22.39req/s] [内存消耗：2,532.75kb] [文件加载：50]
[ info ] [ LANG ] E:\laragon\www\h5\thinkphp\lang\zh-cn.php
[ info ] [ ROUTE ] array (
  'type' => 'module',
  'module' => 
  array (
    0 => 'ymq',
    1 => 'information',
    2 => 'add',
  ),
)
[ info ] [ HEADER ] array (
  'cookie' => 'Hm_lvt_080836300300be57b7f34f4b3e97d911=1536726899,1536911144,1536981753; username=admin',
  'accept-language' => 'zh-CN,zh;q=0.9',
  'accept-encoding' => 'gzip, deflate',
  'referer' => 'http://h5.cc:8080/ymq/information/add/id/1.html',
  'accept' => '*/*',
  'x-requested-with' => 'ShockwaveFlash/31.0.0.108',
  'user-agent' => 'Mozilla/5.0 (Windows NT 10.0; WOW64) AppleWebKit/537.36 (KHTML, like Gecko) Chrome/69.0.3497.81 Safari/537.36',
  'connection' => 'keep-alive',
  'host' => 'h5.cc:8080',
  'content-length' => '',
  'content-type' => '',
)
[ info ] [ PARAM ] array (
)
[ info ] [ DB ] INIT mysql
[ info ] [ RUN ] app\ymq\controller\Information->add[ E:\laragon\www\h5\application\ymq\controller\Information.php ]
[ info ] [ DB ] INIT mysql
[ info ] [ VIEW ] E:\laragon\www\h5\public/../application/ymq\view\information\add.html [ array (
  0 => 'one',
) ]
[ info ] [ LOG ] INIT File
[ sql ] [ DB ] CONNECT:[ UseTime:0.010519s ] mysql:host=127.0.0.1;dbname=tp5;charset=utf8
[ sql ] [ SQL ] SHOW COLUMNS FROM `information` [ RunTime:0.001767s ]
[ sql ] [ SQL ] SELECT * FROM `information` WHERE  `id` IS NULL LIMIT 1 [ RunTime:0.000456s ]
---------------------------------------------------------------
[ 2018-09-30T16:45:54+08:00 ] 127.0.0.1 GET /ymq/information/add/id/
[ info ] h5.cc:8080/ymq/information/add/id/ [运行时间：0.049313s][吞吐率：20.28req/s] [内存消耗：2,532.75kb] [文件加载：50]
[ info ] [ LANG ] E:\laragon\www\h5\thinkphp\lang\zh-cn.php
[ info ] [ ROUTE ] array (
  'type' => 'module',
  'module' => 
  array (
    0 => 'ymq',
    1 => 'information',
    2 => 'add',
  ),
)
[ info ] [ HEADER ] array (
  'cookie' => 'Hm_lvt_080836300300be57b7f34f4b3e97d911=1536726899,1536911144,1536981753; username=admin',
  'accept-language' => 'zh-CN,zh;q=0.9',
  'accept-encoding' => 'gzip, deflate',
  'referer' => 'http://h5.cc:8080/ymq/information/add/id/1.html',
  'accept' => '*/*',
  'x-requested-with' => 'ShockwaveFlash/31.0.0.108',
  'user-agent' => 'Mozilla/5.0 (Windows NT 10.0; WOW64) AppleWebKit/537.36 (KHTML, like Gecko) Chrome/69.0.3497.81 Safari/537.36',
  'connection' => 'keep-alive',
  'host' => 'h5.cc:8080',
  'content-length' => '',
  'content-type' => '',
)
[ info ] [ PARAM ] array (
)
[ info ] [ DB ] INIT mysql
[ info ] [ RUN ] app\ymq\controller\Information->add[ E:\laragon\www\h5\application\ymq\controller\Information.php ]
[ info ] [ DB ] INIT mysql
[ info ] [ VIEW ] E:\laragon\www\h5\public/../application/ymq\view\information\add.html [ array (
  0 => 'one',
) ]
[ info ] [ LOG ] INIT File
[ sql ] [ DB ] CONNECT:[ UseTime:0.011624s ] mysql:host=127.0.0.1;dbname=tp5;charset=utf8
[ sql ] [ SQL ] SHOW COLUMNS FROM `information` [ RunTime:0.002313s ]
[ sql ] [ SQL ] SELECT * FROM `information` WHERE  `id` IS NULL LIMIT 1 [ RunTime:0.000537s ]
---------------------------------------------------------------
[ 2018-09-30T16:45:54+08:00 ] 127.0.0.1 GET /ymq/information/add/id/
[ info ] h5.cc:8080/ymq/information/add/id/ [运行时间：0.058207s][吞吐率：17.18req/s] [内存消耗：2,532.75kb] [文件加载：50]
[ info ] [ LANG ] E:\laragon\www\h5\thinkphp\lang\zh-cn.php
[ info ] [ ROUTE ] array (
  'type' => 'module',
  'module' => 
  array (
    0 => 'ymq',
    1 => 'information',
    2 => 'add',
  ),
)
[ info ] [ HEADER ] array (
  'cookie' => 'Hm_lvt_080836300300be57b7f34f4b3e97d911=1536726899,1536911144,1536981753; username=admin',
  'accept-language' => 'zh-CN,zh;q=0.9',
  'accept-encoding' => 'gzip, deflate',
  'referer' => 'http://h5.cc:8080/ymq/information/add/id/1.html',
  'accept' => '*/*',
  'x-requested-with' => 'ShockwaveFlash/31.0.0.108',
  'user-agent' => 'Mozilla/5.0 (Windows NT 10.0; WOW64) AppleWebKit/537.36 (KHTML, like Gecko) Chrome/69.0.3497.81 Safari/537.36',
  'connection' => 'keep-alive',
  'host' => 'h5.cc:8080',
  'content-length' => '',
  'content-type' => '',
)
[ info ] [ PARAM ] array (
)
[ info ] [ DB ] INIT mysql
[ info ] [ RUN ] app\ymq\controller\Information->add[ E:\laragon\www\h5\application\ymq\controller\Information.php ]
[ info ] [ DB ] INIT mysql
[ info ] [ VIEW ] E:\laragon\www\h5\public/../application/ymq\view\information\add.html [ array (
  0 => 'one',
) ]
[ info ] [ LOG ] INIT File
[ sql ] [ DB ] CONNECT:[ UseTime:0.010558s ] mysql:host=127.0.0.1;dbname=tp5;charset=utf8
[ sql ] [ SQL ] SHOW COLUMNS FROM `information` [ RunTime:0.001745s ]
[ sql ] [ SQL ] SELECT * FROM `information` WHERE  `id` IS NULL LIMIT 1 [ RunTime:0.000425s ]
---------------------------------------------------------------
[ 2018-09-30T16:45:54+08:00 ] 127.0.0.1 GET /ymq/information/add/id/
[ info ] h5.cc:8080/ymq/information/add/id/ [运行时间：0.043876s][吞吐率：22.79req/s] [内存消耗：2,532.75kb] [文件加载：50]
[ info ] [ LANG ] E:\laragon\www\h5\thinkphp\lang\zh-cn.php
[ info ] [ ROUTE ] array (
  'type' => 'module',
  'module' => 
  array (
    0 => 'ymq',
    1 => 'information',
    2 => 'add',
  ),
)
[ info ] [ HEADER ] array (
  'cookie' => 'Hm_lvt_080836300300be57b7f34f4b3e97d911=1536726899,1536911144,1536981753; username=admin',
  'accept-language' => 'zh-CN,zh;q=0.9',
  'accept-encoding' => 'gzip, deflate',
  'referer' => 'http://h5.cc:8080/ymq/information/add/id/1.html',
  'accept' => '*/*',
  'x-requested-with' => 'ShockwaveFlash/31.0.0.108',
  'user-agent' => 'Mozilla/5.0 (Windows NT 10.0; WOW64) AppleWebKit/537.36 (KHTML, like Gecko) Chrome/69.0.3497.81 Safari/537.36',
  'connection' => 'keep-alive',
  'host' => 'h5.cc:8080',
  'content-length' => '',
  'content-type' => '',
)
[ info ] [ PARAM ] array (
)
[ info ] [ DB ] INIT mysql
[ info ] [ RUN ] app\ymq\controller\Information->add[ E:\laragon\www\h5\application\ymq\controller\Information.php ]
[ info ] [ DB ] INIT mysql
[ info ] [ VIEW ] E:\laragon\www\h5\public/../application/ymq\view\information\add.html [ array (
  0 => 'one',
) ]
[ info ] [ LOG ] INIT File
[ sql ] [ DB ] CONNECT:[ UseTime:0.011181s ] mysql:host=127.0.0.1;dbname=tp5;charset=utf8
[ sql ] [ SQL ] SHOW COLUMNS FROM `information` [ RunTime:0.001215s ]
[ sql ] [ SQL ] SELECT * FROM `information` WHERE  `id` IS NULL LIMIT 1 [ RunTime:0.000443s ]
---------------------------------------------------------------
[ 2018-09-30T16:46:48+08:00 ] 127.0.0.1 GET /ymq/information/add/id/1.html
[ info ] h5.cc:8080/ymq/information/add/id/1.html [运行时间：0.079385s][吞吐率：12.60req/s] [内存消耗：2,705.00kb] [文件加载：52]
[ info ] [ LANG ] E:\laragon\www\h5\thinkphp\lang\zh-cn.php
[ info ] [ ROUTE ] array (
  'type' => 'module',
  'module' => 
  array (
    0 => 'ymq',
    1 => 'information',
    2 => 'add',
  ),
)
[ info ] [ HEADER ] array (
  'cookie' => 'Hm_lvt_080836300300be57b7f34f4b3e97d911=1536726899,1536911144,1536981753; username=admin',
  'accept-language' => 'zh-CN,zh;q=0.9',
  'accept-encoding' => 'gzip, deflate',
  'referer' => 'http://h5.cc:8080/ymq/information/informationlist',
  'accept' => 'text/html,application/xhtml+xml,application/xml;q=0.9,image/webp,image/apng,*/*;q=0.8',
  'user-agent' => 'Mozilla/5.0 (Windows NT 10.0; WOW64) AppleWebKit/537.36 (KHTML, like Gecko) Chrome/69.0.3497.81 Safari/537.36',
  'upgrade-insecure-requests' => '1',
  'cache-control' => 'max-age=0',
  'connection' => 'keep-alive',
  'host' => 'h5.cc:8080',
  'content-length' => '',
  'content-type' => '',
)
[ info ] [ PARAM ] array (
  'id' => '1',
)
[ info ] [ DB ] INIT mysql
[ info ] [ RUN ] app\ymq\controller\Information->add[ E:\laragon\www\h5\application\ymq\controller\Information.php ]
[ info ] [ DB ] INIT mysql
[ info ] [ VIEW ] E:\laragon\www\h5\public/../application/ymq\view\information\add.html [ array (
  0 => 'one',
) ]
[ info ] [ LOG ] INIT File
[ sql ] [ DB ] CONNECT:[ UseTime:0.010838s ] mysql:host=127.0.0.1;dbname=tp5;charset=utf8
[ sql ] [ SQL ] SHOW COLUMNS FROM `information` [ RunTime:0.000931s ]
[ sql ] [ SQL ] SELECT * FROM `information` WHERE  `id` = 1 LIMIT 1 [ RunTime:0.000554s ]
---------------------------------------------------------------
[ 2018-09-30T16:46:49+08:00 ] 127.0.0.1 GET /ymq/information/add/id/
[ info ] h5.cc:8080/ymq/information/add/id/ [运行时间：0.032758s][吞吐率：30.53req/s] [内存消耗：2,532.75kb] [文件加载：50]
[ info ] [ LANG ] E:\laragon\www\h5\thinkphp\lang\zh-cn.php
[ info ] [ ROUTE ] array (
  'type' => 'module',
  'module' => 
  array (
    0 => 'ymq',
    1 => 'information',
    2 => 'add',
  ),
)
[ info ] [ HEADER ] array (
  'cookie' => 'Hm_lvt_080836300300be57b7f34f4b3e97d911=1536726899,1536911144,1536981753; username=admin',
  'accept-language' => 'zh-CN,zh;q=0.9',
  'accept-encoding' => 'gzip, deflate',
  'referer' => 'http://h5.cc:8080/ymq/information/add/id/1.html',
  'accept' => '*/*',
  'x-requested-with' => 'ShockwaveFlash/31.0.0.108',
  'user-agent' => 'Mozilla/5.0 (Windows NT 10.0; WOW64) AppleWebKit/537.36 (KHTML, like Gecko) Chrome/69.0.3497.81 Safari/537.36',
  'connection' => 'keep-alive',
  'host' => 'h5.cc:8080',
  'content-length' => '',
  'content-type' => '',
)
[ info ] [ PARAM ] array (
)
[ info ] [ DB ] INIT mysql
[ info ] [ RUN ] app\ymq\controller\Information->add[ E:\laragon\www\h5\application\ymq\controller\Information.php ]
[ info ] [ DB ] INIT mysql
[ info ] [ VIEW ] E:\laragon\www\h5\public/../application/ymq\view\information\add.html [ array (
  0 => 'one',
) ]
[ info ] [ LOG ] INIT File
[ sql ] [ DB ] CONNECT:[ UseTime:0.001090s ] mysql:host=127.0.0.1;dbname=tp5;charset=utf8
[ sql ] [ SQL ] SHOW COLUMNS FROM `information` [ RunTime:0.000852s ]
[ sql ] [ SQL ] SELECT * FROM `information` WHERE  `id` IS NULL LIMIT 1 [ RunTime:0.000452s ]
---------------------------------------------------------------
[ 2018-09-30T16:46:49+08:00 ] 127.0.0.1 GET /ymq/information/add/id/
[ info ] h5.cc:8080/ymq/information/add/id/ [运行时间：0.037646s][吞吐率：26.56req/s] [内存消耗：2,532.75kb] [文件加载：50]
[ info ] [ LANG ] E:\laragon\www\h5\thinkphp\lang\zh-cn.php
[ info ] [ ROUTE ] array (
  'type' => 'module',
  'module' => 
  array (
    0 => 'ymq',
    1 => 'information',
    2 => 'add',
  ),
)
[ info ] [ HEADER ] array (
  'cookie' => 'Hm_lvt_080836300300be57b7f34f4b3e97d911=1536726899,1536911144,1536981753; username=admin',
  'accept-language' => 'zh-CN,zh;q=0.9',
  'accept-encoding' => 'gzip, deflate',
  'referer' => 'http://h5.cc:8080/ymq/information/add/id/1.html',
  'accept' => '*/*',
  'x-requested-with' => 'ShockwaveFlash/31.0.0.108',
  'user-agent' => 'Mozilla/5.0 (Windows NT 10.0; WOW64) AppleWebKit/537.36 (KHTML, like Gecko) Chrome/69.0.3497.81 Safari/537.36',
  'connection' => 'keep-alive',
  'host' => 'h5.cc:8080',
  'content-length' => '',
  'content-type' => '',
)
[ info ] [ PARAM ] array (
)
[ info ] [ DB ] INIT mysql
[ info ] [ RUN ] app\ymq\controller\Information->add[ E:\laragon\www\h5\application\ymq\controller\Information.php ]
[ info ] [ DB ] INIT mysql
[ info ] [ VIEW ] E:\laragon\www\h5\public/../application/ymq\view\information\add.html [ array (
  0 => 'one',
) ]
[ info ] [ LOG ] INIT File
[ sql ] [ DB ] CONNECT:[ UseTime:0.000808s ] mysql:host=127.0.0.1;dbname=tp5;charset=utf8
[ sql ] [ SQL ] SHOW COLUMNS FROM `information` [ RunTime:0.000764s ]
[ sql ] [ SQL ] SELECT * FROM `information` WHERE  `id` IS NULL LIMIT 1 [ RunTime:0.000421s ]
---------------------------------------------------------------
[ 2018-09-30T16:46:49+08:00 ] 127.0.0.1 GET /ymq/information/add/id/
[ info ] h5.cc:8080/ymq/information/add/id/ [运行时间：0.045338s][吞吐率：22.06req/s] [内存消耗：2,532.75kb] [文件加载：50]
[ info ] [ LANG ] E:\laragon\www\h5\thinkphp\lang\zh-cn.php
[ info ] [ ROUTE ] array (
  'type' => 'module',
  'module' => 
  array (
    0 => 'ymq',
    1 => 'information',
    2 => 'add',
  ),
)
[ info ] [ HEADER ] array (
  'cookie' => 'Hm_lvt_080836300300be57b7f34f4b3e97d911=1536726899,1536911144,1536981753; username=admin',
  'accept-language' => 'zh-CN,zh;q=0.9',
  'accept-encoding' => 'gzip, deflate',
  'referer' => 'http://h5.cc:8080/ymq/information/add/id/1.html',
  'accept' => '*/*',
  'x-requested-with' => 'ShockwaveFlash/31.0.0.108',
  'user-agent' => 'Mozilla/5.0 (Windows NT 10.0; WOW64) AppleWebKit/537.36 (KHTML, like Gecko) Chrome/69.0.3497.81 Safari/537.36',
  'connection' => 'keep-alive',
  'host' => 'h5.cc:8080',
  'content-length' => '',
  'content-type' => '',
)
[ info ] [ PARAM ] array (
)
[ info ] [ DB ] INIT mysql
[ info ] [ RUN ] app\ymq\controller\Information->add[ E:\laragon\www\h5\application\ymq\controller\Information.php ]
[ info ] [ DB ] INIT mysql
[ info ] [ VIEW ] E:\laragon\www\h5\public/../application/ymq\view\information\add.html [ array (
  0 => 'one',
) ]
[ info ] [ LOG ] INIT File
[ sql ] [ DB ] CONNECT:[ UseTime:0.011206s ] mysql:host=127.0.0.1;dbname=tp5;charset=utf8
[ sql ] [ SQL ] SHOW COLUMNS FROM `information` [ RunTime:0.001648s ]
[ sql ] [ SQL ] SELECT * FROM `information` WHERE  `id` IS NULL LIMIT 1 [ RunTime:0.000422s ]
---------------------------------------------------------------
[ 2018-09-30T16:46:49+08:00 ] 127.0.0.1 GET /ymq/information/add/id/
[ info ] h5.cc:8080/ymq/information/add/id/ [运行时间：0.037310s][吞吐率：26.80req/s] [内存消耗：2,532.75kb] [文件加载：50]
[ info ] [ LANG ] E:\laragon\www\h5\thinkphp\lang\zh-cn.php
[ info ] [ ROUTE ] array (
  'type' => 'module',
  'module' => 
  array (
    0 => 'ymq',
    1 => 'information',
    2 => 'add',
  ),
)
[ info ] [ HEADER ] array (
  'cookie' => 'Hm_lvt_080836300300be57b7f34f4b3e97d911=1536726899,1536911144,1536981753; username=admin',
  'accept-language' => 'zh-CN,zh;q=0.9',
  'accept-encoding' => 'gzip, deflate',
  'referer' => 'http://h5.cc:8080/ymq/information/add/id/1.html',
  'accept' => '*/*',
  'x-requested-with' => 'ShockwaveFlash/31.0.0.108',
  'user-agent' => 'Mozilla/5.0 (Windows NT 10.0; WOW64) AppleWebKit/537.36 (KHTML, like Gecko) Chrome/69.0.3497.81 Safari/537.36',
  'connection' => 'keep-alive',
  'host' => 'h5.cc:8080',
  'content-length' => '',
  'content-type' => '',
)
[ info ] [ PARAM ] array (
)
[ info ] [ DB ] INIT mysql
[ info ] [ RUN ] app\ymq\controller\Information->add[ E:\laragon\www\h5\application\ymq\controller\Information.php ]
[ info ] [ DB ] INIT mysql
[ info ] [ VIEW ] E:\laragon\www\h5\public/../application/ymq\view\information\add.html [ array (
  0 => 'one',
) ]
[ info ] [ LOG ] INIT File
[ sql ] [ DB ] CONNECT:[ UseTime:0.001109s ] mysql:host=127.0.0.1;dbname=tp5;charset=utf8
[ sql ] [ SQL ] SHOW COLUMNS FROM `information` [ RunTime:0.002037s ]
[ sql ] [ SQL ] SELECT * FROM `information` WHERE  `id` IS NULL LIMIT 1 [ RunTime:0.000511s ]
---------------------------------------------------------------
[ 2018-09-30T16:47:05+08:00 ] 127.0.0.1 GET /ymq/information/add/id/1.html
[ info ] h5.cc:8080/ymq/information/add/id/1.html [运行时间：0.046851s][吞吐率：21.34req/s] [内存消耗：2,537.34kb] [文件加载：50]
[ info ] [ LANG ] E:\laragon\www\h5\thinkphp\lang\zh-cn.php
[ info ] [ ROUTE ] array (
  'type' => 'module',
  'module' => 
  array (
    0 => 'ymq',
    1 => 'information',
    2 => 'add',
  ),
)
[ info ] [ HEADER ] array (
  'cookie' => 'Hm_lvt_080836300300be57b7f34f4b3e97d911=1536726899,1536911144,1536981753; username=admin',
  'accept-language' => 'zh-CN,zh;q=0.9',
  'accept-encoding' => 'gzip, deflate',
  'referer' => 'http://h5.cc:8080/ymq/information/informationlist',
  'accept' => 'text/html,application/xhtml+xml,application/xml;q=0.9,image/webp,image/apng,*/*;q=0.8',
  'user-agent' => 'Mozilla/5.0 (Windows NT 10.0; WOW64) AppleWebKit/537.36 (KHTML, like Gecko) Chrome/69.0.3497.81 Safari/537.36',
  'upgrade-insecure-requests' => '1',
  'cache-control' => 'max-age=0',
  'connection' => 'keep-alive',
  'host' => 'h5.cc:8080',
  'content-length' => '',
  'content-type' => '',
)
[ info ] [ PARAM ] array (
  'id' => '1',
)
[ info ] [ DB ] INIT mysql
[ info ] [ RUN ] app\ymq\controller\Information->add[ E:\laragon\www\h5\application\ymq\controller\Information.php ]
[ info ] [ DB ] INIT mysql
[ info ] [ VIEW ] E:\laragon\www\h5\public/../application/ymq\view\information\add.html [ array (
  0 => 'one',
) ]
[ info ] [ LOG ] INIT File
[ sql ] [ DB ] CONNECT:[ UseTime:0.009939s ] mysql:host=127.0.0.1;dbname=tp5;charset=utf8
[ sql ] [ SQL ] SHOW COLUMNS FROM `information` [ RunTime:0.001687s ]
[ sql ] [ SQL ] SELECT * FROM `information` WHERE  `id` = 1 LIMIT 1 [ RunTime:0.000551s ]
---------------------------------------------------------------
[ 2018-09-30T16:47:05+08:00 ] 127.0.0.1 GET /ymq/information/add/id/
[ info ] h5.cc:8080/ymq/information/add/id/ [运行时间：0.034212s][吞吐率：29.23req/s] [内存消耗：2,533.42kb] [文件加载：50]
[ info ] [ LANG ] E:\laragon\www\h5\thinkphp\lang\zh-cn.php
[ info ] [ ROUTE ] array (
  'type' => 'module',
  'module' => 
  array (
    0 => 'ymq',
    1 => 'information',
    2 => 'add',
  ),
)
[ info ] [ HEADER ] array (
  'cookie' => 'Hm_lvt_080836300300be57b7f34f4b3e97d911=1536726899,1536911144,1536981753; username=admin',
  'accept-language' => 'zh-CN,zh;q=0.9',
  'accept-encoding' => 'gzip, deflate',
  'referer' => 'http://h5.cc:8080/ymq/information/add/id/1.html',
  'accept' => '*/*',
  'x-requested-with' => 'ShockwaveFlash/31.0.0.108',
  'user-agent' => 'Mozilla/5.0 (Windows NT 10.0; WOW64) AppleWebKit/537.36 (KHTML, like Gecko) Chrome/69.0.3497.81 Safari/537.36',
  'connection' => 'keep-alive',
  'host' => 'h5.cc:8080',
  'content-length' => '',
  'content-type' => '',
)
[ info ] [ PARAM ] array (
)
[ info ] [ DB ] INIT mysql
[ info ] [ RUN ] app\ymq\controller\Information->add[ E:\laragon\www\h5\application\ymq\controller\Information.php ]
[ info ] [ DB ] INIT mysql
[ info ] [ VIEW ] E:\laragon\www\h5\public/../application/ymq\view\information\add.html [ array (
  0 => 'one',
) ]
[ info ] [ LOG ] INIT File
[ sql ] [ DB ] CONNECT:[ UseTime:0.000825s ] mysql:host=127.0.0.1;dbname=tp5;charset=utf8
[ sql ] [ SQL ] SHOW COLUMNS FROM `information` [ RunTime:0.000811s ]
[ sql ] [ SQL ] SELECT * FROM `information` WHERE  `id` IS NULL LIMIT 1 [ RunTime:0.000437s ]
---------------------------------------------------------------
[ 2018-09-30T16:47:06+08:00 ] 127.0.0.1 GET /ymq/information/add/id/
[ info ] h5.cc:8080/ymq/information/add/id/ [运行时间：0.041171s][吞吐率：24.29req/s] [内存消耗：2,533.42kb] [文件加载：50]
[ info ] [ LANG ] E:\laragon\www\h5\thinkphp\lang\zh-cn.php
[ info ] [ ROUTE ] array (
  'type' => 'module',
  'module' => 
  array (
    0 => 'ymq',
    1 => 'information',
    2 => 'add',
  ),
)
[ info ] [ HEADER ] array (
  'cookie' => 'Hm_lvt_080836300300be57b7f34f4b3e97d911=1536726899,1536911144,1536981753; username=admin',
  'accept-language' => 'zh-CN,zh;q=0.9',
  'accept-encoding' => 'gzip, deflate',
  'referer' => 'http://h5.cc:8080/ymq/information/add/id/1.html',
  'accept' => '*/*',
  'x-requested-with' => 'ShockwaveFlash/31.0.0.108',
  'user-agent' => 'Mozilla/5.0 (Windows NT 10.0; WOW64) AppleWebKit/537.36 (KHTML, like Gecko) Chrome/69.0.3497.81 Safari/537.36',
  'connection' => 'keep-alive',
  'host' => 'h5.cc:8080',
  'content-length' => '',
  'content-type' => '',
)
[ info ] [ PARAM ] array (
)
[ info ] [ DB ] INIT mysql
[ info ] [ RUN ] app\ymq\controller\Information->add[ E:\laragon\www\h5\application\ymq\controller\Information.php ]
[ info ] [ DB ] INIT mysql
[ info ] [ VIEW ] E:\laragon\www\h5\public/../application/ymq\view\information\add.html [ array (
  0 => 'one',
) ]
[ info ] [ LOG ] INIT File
[ sql ] [ DB ] CONNECT:[ UseTime:0.000791s ] mysql:host=127.0.0.1;dbname=tp5;charset=utf8
[ sql ] [ SQL ] SHOW COLUMNS FROM `information` [ RunTime:0.000731s ]
[ sql ] [ SQL ] SELECT * FROM `information` WHERE  `id` IS NULL LIMIT 1 [ RunTime:0.000366s ]
---------------------------------------------------------------
[ 2018-09-30T16:47:06+08:00 ] 127.0.0.1 GET /ymq/information/add/id/
[ info ] h5.cc:8080/ymq/information/add/id/ [运行时间：0.040758s][吞吐率：24.54req/s] [内存消耗：2,533.42kb] [文件加载：50]
[ info ] [ LANG ] E:\laragon\www\h5\thinkphp\lang\zh-cn.php
[ info ] [ ROUTE ] array (
  'type' => 'module',
  'module' => 
  array (
    0 => 'ymq',
    1 => 'information',
    2 => 'add',
  ),
)
[ info ] [ HEADER ] array (
  'cookie' => 'Hm_lvt_080836300300be57b7f34f4b3e97d911=1536726899,1536911144,1536981753; username=admin',
  'accept-language' => 'zh-CN,zh;q=0.9',
  'accept-encoding' => 'gzip, deflate',
  'referer' => 'http://h5.cc:8080/ymq/information/add/id/1.html',
  'accept' => '*/*',
  'x-requested-with' => 'ShockwaveFlash/31.0.0.108',
  'user-agent' => 'Mozilla/5.0 (Windows NT 10.0; WOW64) AppleWebKit/537.36 (KHTML, like Gecko) Chrome/69.0.3497.81 Safari/537.36',
  'connection' => 'keep-alive',
  'host' => 'h5.cc:8080',
  'content-length' => '',
  'content-type' => '',
)
[ info ] [ PARAM ] array (
)
[ info ] [ DB ] INIT mysql
[ info ] [ RUN ] app\ymq\controller\Information->add[ E:\laragon\www\h5\application\ymq\controller\Information.php ]
[ info ] [ DB ] INIT mysql
[ info ] [ VIEW ] E:\laragon\www\h5\public/../application/ymq\view\information\add.html [ array (
  0 => 'one',
) ]
[ info ] [ LOG ] INIT File
[ sql ] [ DB ] CONNECT:[ UseTime:0.010369s ] mysql:host=127.0.0.1;dbname=tp5;charset=utf8
[ sql ] [ SQL ] SHOW COLUMNS FROM `information` [ RunTime:0.000867s ]
[ sql ] [ SQL ] SELECT * FROM `information` WHERE  `id` IS NULL LIMIT 1 [ RunTime:0.000450s ]
---------------------------------------------------------------
[ 2018-09-30T16:48:01+08:00 ] 127.0.0.1 GET /ymq/game_phase/phaselist/id/3.html
[ info ] h5.cc:8080/ymq/game_phase/phaselist/id/3.html [运行时间：0.048306s][吞吐率：20.70req/s] [内存消耗：2,524.58kb] [文件加载：51]
[ info ] [ LANG ] E:\laragon\www\h5\thinkphp\lang\zh-cn.php
[ info ] [ ROUTE ] array (
  'type' => 'module',
  'module' => 
  array (
    0 => 'ymq',
    1 => 'game_phase',
    2 => 'phaselist',
  ),
)
[ info ] [ HEADER ] array (
  'cookie' => 'Hm_lvt_080836300300be57b7f34f4b3e97d911=1536726899,1536911144,1536981753; username=admin',
  'accept-language' => 'zh-CN,zh;q=0.9',
  'accept-encoding' => 'gzip, deflate',
  'referer' => 'http://h5.cc:8080/ymq/index/index.html',
  'accept' => 'text/html,application/xhtml+xml,application/xml;q=0.9,image/webp,image/apng,*/*;q=0.8',
  'user-agent' => 'Mozilla/5.0 (Windows NT 10.0; WOW64) AppleWebKit/537.36 (KHTML, like Gecko) Chrome/69.0.3497.81 Safari/537.36',
  'upgrade-insecure-requests' => '1',
  'cache-control' => 'max-age=0',
  'connection' => 'keep-alive',
  'host' => 'h5.cc:8080',
  'content-length' => '',
  'content-type' => '',
)
[ info ] [ PARAM ] array (
  'id' => '3',
)
[ info ] [ RUN ] app\ymq\controller\GamePhase->phaseList[ E:\laragon\www\h5\application\ymq\controller\GamePhase.php ]
[ info ] [ DB ] INIT mysql
[ info ] [ VIEW ] E:\laragon\www\h5\public/../application/ymq\view\game_phase\phase_list.html [ array (
  0 => 'bigGame_id',
  1 => 'list',
) ]
[ info ] [ LOG ] INIT File
[ sql ] [ DB ] CONNECT:[ UseTime:0.010238s ] mysql:host=127.0.0.1;dbname=tp5;charset=utf8
[ sql ] [ SQL ] SHOW COLUMNS FROM `game_phase` [ RunTime:0.002029s ]
[ sql ] [ SQL ] SELECT * FROM `game_phase` WHERE  `bigGame_id` = 3 [ RunTime:0.000489s ]
---------------------------------------------------------------
[ 2018-09-30T16:48:05+08:00 ] 127.0.0.1 GET /ymq/information/informationlist
[ info ] h5.cc:8080/ymq/information/informationlist [运行时间：0.332705s][吞吐率：3.01req/s] [内存消耗：2,568.59kb] [文件加载：52]
[ info ] [ LANG ] E:\laragon\www\h5\thinkphp\lang\zh-cn.php
[ info ] [ ROUTE ] array (
  'type' => 'module',
  'module' => 
  array (
    0 => 'ymq',
    1 => 'information',
    2 => 'informationlist',
  ),
)
[ info ] [ HEADER ] array (
  'cookie' => 'Hm_lvt_080836300300be57b7f34f4b3e97d911=1536726899,1536911144,1536981753; username=admin',
  'accept-language' => 'zh-CN,zh;q=0.9',
  'accept-encoding' => 'gzip, deflate',
  'referer' => 'http://h5.cc:8080/ymq/index/index.html',
  'accept' => 'text/html,application/xhtml+xml,application/xml;q=0.9,image/webp,image/apng,*/*;q=0.8',
  'user-agent' => 'Mozilla/5.0 (Windows NT 10.0; WOW64) AppleWebKit/537.36 (KHTML, like Gecko) Chrome/69.0.3497.81 Safari/537.36',
  'upgrade-insecure-requests' => '1',
  'connection' => 'keep-alive',
  'host' => 'h5.cc:8080',
  'content-length' => '',
  'content-type' => '',
)
[ info ] [ PARAM ] array (
)
[ info ] [ DB ] INIT mysql
[ info ] [ RUN ] app\ymq\controller\Information->informationList[ E:\laragon\www\h5\application\ymq\controller\Information.php ]
[ info ] [ VIEW ] E:\laragon\www\h5\public/../application/ymq\view\information\list.html [ array (
  0 => 'list',
) ]
[ info ] [ LOG ] INIT File
---------------------------------------------------------------
[ 2018-09-30T16:48:06+08:00 ] 127.0.0.1 GET /ymq/information/add/id/1.html
[ info ] h5.cc:8080/ymq/information/add/id/1.html [运行时间：0.241623s][吞吐率：4.14req/s] [内存消耗：2,534.55kb] [文件加载：50]
[ info ] [ LANG ] E:\laragon\www\h5\thinkphp\lang\zh-cn.php
[ info ] [ ROUTE ] array (
  'type' => 'module',
  'module' => 
  array (
    0 => 'ymq',
    1 => 'information',
    2 => 'add',
  ),
)
[ info ] [ HEADER ] array (
  'cookie' => 'Hm_lvt_080836300300be57b7f34f4b3e97d911=1536726899,1536911144,1536981753; username=admin',
  'accept-language' => 'zh-CN,zh;q=0.9',
  'accept-encoding' => 'gzip, deflate',
  'referer' => 'http://h5.cc:8080/ymq/information/informationlist',
  'accept' => 'text/html,application/xhtml+xml,application/xml;q=0.9,image/webp,image/apng,*/*;q=0.8',
  'user-agent' => 'Mozilla/5.0 (Windows NT 10.0; WOW64) AppleWebKit/537.36 (KHTML, like Gecko) Chrome/69.0.3497.81 Safari/537.36',
  'upgrade-insecure-requests' => '1',
  'connection' => 'keep-alive',
  'host' => 'h5.cc:8080',
  'content-length' => '',
  'content-type' => '',
)
[ info ] [ PARAM ] array (
  'id' => '1',
)
[ info ] [ DB ] INIT mysql
[ info ] [ RUN ] app\ymq\controller\Information->add[ E:\laragon\www\h5\application\ymq\controller\Information.php ]
[ info ] [ VIEW ] E:\laragon\www\h5\public/../application/ymq\view\information\add.html [ array (
  0 => 'one',
) ]
[ info ] [ LOG ] INIT File
---------------------------------------------------------------
[ 2018-09-30T16:48:14+08:00 ] 127.0.0.1 GET /ymq/information/add/id/
[ info ] h5.cc:8080/ymq/information/add/id/ [运行时间：0.224738s][吞吐率：4.45req/s] [内存消耗：2,503.91kb] [文件加载：49]
[ info ] [ LANG ] E:\laragon\www\h5\thinkphp\lang\zh-cn.php
[ info ] [ ROUTE ] array (
  'type' => 'module',
  'module' => 
  array (
    0 => 'ymq',
    1 => 'information',
    2 => 'add',
  ),
)
[ info ] [ HEADER ] array (
  'cookie' => 'Hm_lvt_080836300300be57b7f34f4b3e97d911=1536726899,1536911144,1536981753; username=admin',
  'accept-language' => 'zh-CN,zh;q=0.9',
  'accept-encoding' => 'gzip, deflate',
  'referer' => 'http://h5.cc:8080/ymq/information/add/id/1.html',
  'accept' => '*/*',
  'x-requested-with' => 'ShockwaveFlash/31.0.0.108',
  'user-agent' => 'Mozilla/5.0 (Windows NT 10.0; WOW64) AppleWebKit/537.36 (KHTML, like Gecko) Chrome/69.0.3497.81 Safari/537.36',
  'connection' => 'keep-alive',
  'host' => 'h5.cc:8080',
  'content-length' => '',
  'content-type' => '',
)
[ info ] [ PARAM ] array (
)
[ info ] [ DB ] INIT mysql
[ info ] [ RUN ] app\ymq\controller\Information->add[ E:\laragon\www\h5\application\ymq\controller\Information.php ]
[ info ] [ VIEW ] E:\laragon\www\h5\public/../application/ymq\view\information\add.html [ array (
  0 => 'one',
) ]
[ info ] [ LOG ] INIT File
---------------------------------------------------------------
[ 2018-09-30T16:48:14+08:00 ] 127.0.0.1 GET /ymq/information/add/id/
[ info ] h5.cc:8080/ymq/information/add/id/ [运行时间：0.568106s][吞吐率：1.76req/s] [内存消耗：2,503.91kb] [文件加载：49]
[ info ] [ LANG ] E:\laragon\www\h5\thinkphp\lang\zh-cn.php
[ info ] [ ROUTE ] array (
  'type' => 'module',
  'module' => 
  array (
    0 => 'ymq',
    1 => 'information',
    2 => 'add',
  ),
)
[ info ] [ HEADER ] array (
  'cookie' => 'Hm_lvt_080836300300be57b7f34f4b3e97d911=1536726899,1536911144,1536981753; username=admin',
  'accept-language' => 'zh-CN,zh;q=0.9',
  'accept-encoding' => 'gzip, deflate',
  'referer' => 'http://h5.cc:8080/ymq/information/add/id/1.html',
  'accept' => '*/*',
  'x-requested-with' => 'ShockwaveFlash/31.0.0.108',
  'user-agent' => 'Mozilla/5.0 (Windows NT 10.0; WOW64) AppleWebKit/537.36 (KHTML, like Gecko) Chrome/69.0.3497.81 Safari/537.36',
  'connection' => 'keep-alive',
  'host' => 'h5.cc:8080',
  'content-length' => '',
  'content-type' => '',
)
[ info ] [ PARAM ] array (
)
[ info ] [ DB ] INIT mysql
[ info ] [ RUN ] app\ymq\controller\Information->add[ E:\laragon\www\h5\application\ymq\controller\Information.php ]
[ info ] [ VIEW ] E:\laragon\www\h5\public/../application/ymq\view\information\add.html [ array (
  0 => 'one',
) ]
[ info ] [ LOG ] INIT File
---------------------------------------------------------------
[ 2018-09-30T16:48:15+08:00 ] 127.0.0.1 GET /ymq/information/add/id/
[ info ] h5.cc:8080/ymq/information/add/id/ [运行时间：0.243986s][吞吐率：4.10req/s] [内存消耗：2,503.91kb] [文件加载：49]
[ info ] [ LANG ] E:\laragon\www\h5\thinkphp\lang\zh-cn.php
[ info ] [ ROUTE ] array (
  'type' => 'module',
  'module' => 
  array (
    0 => 'ymq',
    1 => 'information',
    2 => 'add',
  ),
)
[ info ] [ HEADER ] array (
  'cookie' => 'Hm_lvt_080836300300be57b7f34f4b3e97d911=1536726899,1536911144,1536981753; username=admin',
  'accept-language' => 'zh-CN,zh;q=0.9',
  'accept-encoding' => 'gzip, deflate',
  'referer' => 'http://h5.cc:8080/ymq/information/add/id/1.html',
  'accept' => '*/*',
  'x-requested-with' => 'ShockwaveFlash/31.0.0.108',
  'user-agent' => 'Mozilla/5.0 (Windows NT 10.0; WOW64) AppleWebKit/537.36 (KHTML, like Gecko) Chrome/69.0.3497.81 Safari/537.36',
  'connection' => 'keep-alive',
  'host' => 'h5.cc:8080',
  'content-length' => '',
  'content-type' => '',
)
[ info ] [ PARAM ] array (
)
[ info ] [ DB ] INIT mysql
[ info ] [ RUN ] app\ymq\controller\Information->add[ E:\laragon\www\h5\application\ymq\controller\Information.php ]
[ info ] [ VIEW ] E:\laragon\www\h5\public/../application/ymq\view\information\add.html [ array (
  0 => 'one',
) ]
[ info ] [ LOG ] INIT File
---------------------------------------------------------------
[ 2018-09-30T16:48:15+08:00 ] 127.0.0.1 GET /ymq/information/add/id/
[ info ] h5.cc:8080/ymq/information/add/id/ [运行时间：0.265043s][吞吐率：3.77req/s] [内存消耗：2,503.91kb] [文件加载：49]
[ info ] [ LANG ] E:\laragon\www\h5\thinkphp\lang\zh-cn.php
[ info ] [ ROUTE ] array (
  'type' => 'module',
  'module' => 
  array (
    0 => 'ymq',
    1 => 'information',
    2 => 'add',
  ),
)
[ info ] [ HEADER ] array (
  'cookie' => 'Hm_lvt_080836300300be57b7f34f4b3e97d911=1536726899,1536911144,1536981753; username=admin',
  'accept-language' => 'zh-CN,zh;q=0.9',
  'accept-encoding' => 'gzip, deflate',
  'referer' => 'http://h5.cc:8080/ymq/information/add/id/1.html',
  'accept' => '*/*',
  'x-requested-with' => 'ShockwaveFlash/31.0.0.108',
  'user-agent' => 'Mozilla/5.0 (Windows NT 10.0; WOW64) AppleWebKit/537.36 (KHTML, like Gecko) Chrome/69.0.3497.81 Safari/537.36',
  'connection' => 'keep-alive',
  'host' => 'h5.cc:8080',
  'content-length' => '',
  'content-type' => '',
)
[ info ] [ PARAM ] array (
)
[ info ] [ DB ] INIT mysql
[ info ] [ RUN ] app\ymq\controller\Information->add[ E:\laragon\www\h5\application\ymq\controller\Information.php ]
[ info ] [ VIEW ] E:\laragon\www\h5\public/../application/ymq\view\information\add.html [ array (
  0 => 'one',
) ]
[ info ] [ LOG ] INIT File
---------------------------------------------------------------
[ 2018-09-30T16:48:17+08:00 ] 127.0.0.1 GET /ymq/information/add/id/1.html
[ info ] h5.cc:8080/ymq/information/add/id/1.html [运行时间：0.258638s][吞吐率：3.87req/s] [内存消耗：2,509.30kb] [文件加载：49]
[ info ] [ LANG ] E:\laragon\www\h5\thinkphp\lang\zh-cn.php
[ info ] [ ROUTE ] array (
  'type' => 'module',
  'module' => 
  array (
    0 => 'ymq',
    1 => 'information',
    2 => 'add',
  ),
)
[ info ] [ HEADER ] array (
  'cookie' => 'Hm_lvt_080836300300be57b7f34f4b3e97d911=1536726899,1536911144,1536981753; username=admin',
  'accept-language' => 'zh-CN,zh;q=0.9',
  'accept-encoding' => 'gzip, deflate',
  'referer' => 'http://h5.cc:8080/ymq/information/informationlist',
  'accept' => 'text/html,application/xhtml+xml,application/xml;q=0.9,image/webp,image/apng,*/*;q=0.8',
  'user-agent' => 'Mozilla/5.0 (Windows NT 10.0; WOW64) AppleWebKit/537.36 (KHTML, like Gecko) Chrome/69.0.3497.81 Safari/537.36',
  'upgrade-insecure-requests' => '1',
  'cache-control' => 'max-age=0',
  'connection' => 'keep-alive',
  'host' => 'h5.cc:8080',
  'content-length' => '',
  'content-type' => '',
)
[ info ] [ PARAM ] array (
  'id' => '1',
)
[ info ] [ DB ] INIT mysql
[ info ] [ RUN ] app\ymq\controller\Information->add[ E:\laragon\www\h5\application\ymq\controller\Information.php ]
[ info ] [ VIEW ] E:\laragon\www\h5\public/../application/ymq\view\information\add.html [ array (
  0 => 'one',
) ]
[ info ] [ LOG ] INIT File
---------------------------------------------------------------
[ 2018-09-30T16:48:18+08:00 ] 127.0.0.1 GET /ymq/information/add/id/
[ info ] h5.cc:8080/ymq/information/add/id/ [运行时间：0.289061s][吞吐率：3.46req/s] [内存消耗：2,503.91kb] [文件加载：49]
[ info ] [ LANG ] E:\laragon\www\h5\thinkphp\lang\zh-cn.php
[ info ] [ ROUTE ] array (
  'type' => 'module',
  'module' => 
  array (
    0 => 'ymq',
    1 => 'information',
    2 => 'add',
  ),
)
[ info ] [ HEADER ] array (
  'cookie' => 'Hm_lvt_080836300300be57b7f34f4b3e97d911=1536726899,1536911144,1536981753; username=admin',
  'accept-language' => 'zh-CN,zh;q=0.9',
  'accept-encoding' => 'gzip, deflate',
  'referer' => 'http://h5.cc:8080/ymq/information/add/id/1.html',
  'accept' => '*/*',
  'x-requested-with' => 'ShockwaveFlash/31.0.0.108',
  'user-agent' => 'Mozilla/5.0 (Windows NT 10.0; WOW64) AppleWebKit/537.36 (KHTML, like Gecko) Chrome/69.0.3497.81 Safari/537.36',
  'connection' => 'keep-alive',
  'host' => 'h5.cc:8080',
  'content-length' => '',
  'content-type' => '',
)
[ info ] [ PARAM ] array (
)
[ info ] [ DB ] INIT mysql
[ info ] [ RUN ] app\ymq\controller\Information->add[ E:\laragon\www\h5\application\ymq\controller\Information.php ]
[ info ] [ VIEW ] E:\laragon\www\h5\public/../application/ymq\view\information\add.html [ array (
  0 => 'one',
) ]
[ info ] [ LOG ] INIT File
---------------------------------------------------------------
[ 2018-09-30T16:48:18+08:00 ] 127.0.0.1 GET /ymq/information/add/id/
[ info ] h5.cc:8080/ymq/information/add/id/ [运行时间：0.240280s][吞吐率：4.16req/s] [内存消耗：2,503.91kb] [文件加载：49]
[ info ] [ LANG ] E:\laragon\www\h5\thinkphp\lang\zh-cn.php
[ info ] [ ROUTE ] array (
  'type' => 'module',
  'module' => 
  array (
    0 => 'ymq',
    1 => 'information',
    2 => 'add',
  ),
)
[ info ] [ HEADER ] array (
  'cookie' => 'Hm_lvt_080836300300be57b7f34f4b3e97d911=1536726899,1536911144,1536981753; username=admin',
  'accept-language' => 'zh-CN,zh;q=0.9',
  'accept-encoding' => 'gzip, deflate',
  'referer' => 'http://h5.cc:8080/ymq/information/add/id/1.html',
  'accept' => '*/*',
  'x-requested-with' => 'ShockwaveFlash/31.0.0.108',
  'user-agent' => 'Mozilla/5.0 (Windows NT 10.0; WOW64) AppleWebKit/537.36 (KHTML, like Gecko) Chrome/69.0.3497.81 Safari/537.36',
  'connection' => 'keep-alive',
  'host' => 'h5.cc:8080',
  'content-length' => '',
  'content-type' => '',
)
[ info ] [ PARAM ] array (
)
[ info ] [ DB ] INIT mysql
[ info ] [ RUN ] app\ymq\controller\Information->add[ E:\laragon\www\h5\application\ymq\controller\Information.php ]
[ info ] [ VIEW ] E:\laragon\www\h5\public/../application/ymq\view\information\add.html [ array (
  0 => 'one',
) ]
[ info ] [ LOG ] INIT File
---------------------------------------------------------------
[ 2018-09-30T16:48:18+08:00 ] 127.0.0.1 GET /ymq/information/add/id/
[ info ] h5.cc:8080/ymq/information/add/id/ [运行时间：0.257362s][吞吐率：3.89req/s] [内存消耗：2,503.91kb] [文件加载：49]
[ info ] [ LANG ] E:\laragon\www\h5\thinkphp\lang\zh-cn.php
[ info ] [ ROUTE ] array (
  'type' => 'module',
  'module' => 
  array (
    0 => 'ymq',
    1 => 'information',
    2 => 'add',
  ),
)
[ info ] [ HEADER ] array (
  'cookie' => 'Hm_lvt_080836300300be57b7f34f4b3e97d911=1536726899,1536911144,1536981753; username=admin',
  'accept-language' => 'zh-CN,zh;q=0.9',
  'accept-encoding' => 'gzip, deflate',
  'referer' => 'http://h5.cc:8080/ymq/information/add/id/1.html',
  'accept' => '*/*',
  'x-requested-with' => 'ShockwaveFlash/31.0.0.108',
  'user-agent' => 'Mozilla/5.0 (Windows NT 10.0; WOW64) AppleWebKit/537.36 (KHTML, like Gecko) Chrome/69.0.3497.81 Safari/537.36',
  'connection' => 'keep-alive',
  'host' => 'h5.cc:8080',
  'content-length' => '',
  'content-type' => '',
)
[ info ] [ PARAM ] array (
)
[ info ] [ DB ] INIT mysql
[ info ] [ RUN ] app\ymq\controller\Information->add[ E:\laragon\www\h5\application\ymq\controller\Information.php ]
[ info ] [ VIEW ] E:\laragon\www\h5\public/../application/ymq\view\information\add.html [ array (
  0 => 'one',
) ]
[ info ] [ LOG ] INIT File
---------------------------------------------------------------
[ 2018-09-30T16:48:19+08:00 ] 127.0.0.1 GET /ymq/information/add/id/
[ info ] h5.cc:8080/ymq/information/add/id/ [运行时间：0.349931s][吞吐率：2.86req/s] [内存消耗：2,503.91kb] [文件加载：49]
[ info ] [ LANG ] E:\laragon\www\h5\thinkphp\lang\zh-cn.php
[ info ] [ ROUTE ] array (
  'type' => 'module',
  'module' => 
  array (
    0 => 'ymq',
    1 => 'information',
    2 => 'add',
  ),
)
[ info ] [ HEADER ] array (
  'cookie' => 'Hm_lvt_080836300300be57b7f34f4b3e97d911=1536726899,1536911144,1536981753; username=admin',
  'accept-language' => 'zh-CN,zh;q=0.9',
  'accept-encoding' => 'gzip, deflate',
  'referer' => 'http://h5.cc:8080/ymq/information/add/id/1.html',
  'accept' => '*/*',
  'x-requested-with' => 'ShockwaveFlash/31.0.0.108',
  'user-agent' => 'Mozilla/5.0 (Windows NT 10.0; WOW64) AppleWebKit/537.36 (KHTML, like Gecko) Chrome/69.0.3497.81 Safari/537.36',
  'connection' => 'keep-alive',
  'host' => 'h5.cc:8080',
  'content-length' => '',
  'content-type' => '',
)
[ info ] [ PARAM ] array (
)
[ info ] [ DB ] INIT mysql
[ info ] [ RUN ] app\ymq\controller\Information->add[ E:\laragon\www\h5\application\ymq\controller\Information.php ]
[ info ] [ VIEW ] E:\laragon\www\h5\public/../application/ymq\view\information\add.html [ array (
  0 => 'one',
) ]
[ info ] [ LOG ] INIT File
